2023-07-25 11:26:52.863  INFO 11780 --- [main] ctricityManagementSystemApplicationTests : Starting ElectricityManagementSystemApplicationTests using Java 17.0.8 on GEMGN-210255 with PID 11780 (started by Sanyam.Bansal in C:\Users\sanyam.bansal\Desktop\Demo_Project\Electricity_Management_System\Electricity_Management_System)
2023-07-25 11:26:52.877 DEBUG 11780 --- [main] ctricityManagementSystemApplicationTests : Running with Spring Boot v2.7.12, Spring v5.3.27
2023-07-25 11:26:52.878  INFO 11780 --- [main] ctricityManagementSystemApplicationTests : No active profile set, falling back to 1 default profile: "default"
2023-07-25 11:26:54.251  INFO 11780 --- [main] .s.d.r.c.RepositoryConfigurationDelegate : Bootstrapping Spring Data JPA repositories in DEFAULT mode.
2023-07-25 11:26:54.360  INFO 11780 --- [main] .s.d.r.c.RepositoryConfigurationDelegate : Finished Spring Data repository scanning in 86 ms. Found 3 JPA repository interfaces.
2023-07-25 11:26:55.073  INFO 11780 --- [main] o.hibernate.jpa.internal.util.LogHelper  : HHH000204: Processing PersistenceUnitInfo [name: default]
2023-07-25 11:26:55.134  INFO 11780 --- [main] org.hibernate.Version                    : HHH000412: Hibernate ORM core version 5.6.15.Final
2023-07-25 11:26:55.178  INFO 11780 --- [main] o.hibernate.annotations.common.Version   : HCANN000001: Hibernate Commons Annotations {5.1.2.Final}
2023-07-25 11:26:55.330  INFO 11780 --- [main] com.zaxxer.hikari.HikariDataSource       : HikariPool-1 - Starting...
2023-07-25 11:26:55.712  INFO 11780 --- [main] com.zaxxer.hikari.HikariDataSource       : HikariPool-1 - Start completed.
2023-07-25 11:26:55.765  INFO 11780 --- [main] org.hibernate.dialect.Dialect            : HHH000400: Using dialect: org.hibernate.dialect.MySQL8Dialect
2023-07-25 11:26:56.513  INFO 11780 --- [main] o.h.e.t.j.p.i.JtaPlatformInitiator       : HHH000490: Using JtaPlatform implementation: [org.hibernate.engine.transaction.jta.platform.internal.NoJtaPlatform]
2023-07-25 11:26:56.523  INFO 11780 --- [main] j.LocalContainerEntityManagerFactoryBean : Initialized JPA EntityManagerFactory for persistence unit 'default'
2023-07-25 11:26:57.621  WARN 11780 --- [main] JpaBaseConfiguration$JpaWebConfiguration : spring.jpa.open-in-view is enabled by default. Therefore, database queries may be performed during view rendering. Explicitly configure spring.jpa.open-in-view to disable this warning
2023-07-25 11:26:57.979  INFO 11780 --- [main] pertySourcedRequestMappingHandlerMapping : Mapped URL path [/v2/api-docs] onto method [springfox.documentation.swagger2.web.Swagger2Controller#getDocumentation(String, HttpServletRequest)]
2023-07-25 11:26:58.821  INFO 11780 --- [main] d.s.w.p.DocumentationPluginsBootstrapper : Context refreshed
2023-07-25 11:26:58.853  INFO 11780 --- [main] d.s.w.p.DocumentationPluginsBootstrapper : Found 1 custom documentation plugin(s)
2023-07-25 11:26:58.893  INFO 11780 --- [main] s.d.s.w.s.ApiListingReferenceScanner     : Scanning for api listing references
2023-07-25 11:26:59.117  INFO 11780 --- [main] ctricityManagementSystemApplicationTests : Started ElectricityManagementSystemApplicationTests in 6.669 seconds (JVM running for 14.273)
2023-07-25 11:26:59.256  INFO 11780 --- [main] .b.t.c.SpringBootTestContextBootstrapper : Neither @ContextConfiguration nor @ContextHierarchy found for test class [com.electric.controller.MeterControllerTest], using SpringBootContextLoader
2023-07-25 11:26:59.257  INFO 11780 --- [main] o.s.t.c.support.AbstractContextLoader    : Could not detect default resource locations for test class [com.electric.controller.MeterControllerTest]: no resource found for suffixes {-context.xml, Context.groovy}.
2023-07-25 11:26:59.258  INFO 11780 --- [main] t.c.s.AnnotationConfigContextLoaderUtils : Could not detect default configuration classes for test class [com.electric.controller.MeterControllerTest]: MeterControllerTest does not declare any static, non-private, non-final, nested classes annotated with @Configuration.
2023-07-25 11:26:59.274  INFO 11780 --- [main] .b.t.c.SpringBootTestContextBootstrapper : Found @SpringBootConfiguration com.electric.ElectricityManagementSystemApplication for test class com.electric.controller.MeterControllerTest
2023-07-25 11:26:59.277  INFO 11780 --- [main] .b.t.c.SpringBootTestContextBootstrapper : Loaded default TestExecutionListener class names from location [META-INF/spring.factories]: [org.springframework.boot.test.mock.mockito.MockitoTestExecutionListener, org.springframework.boot.test.mock.mockito.ResetMocksTestExecutionListener, org.springframework.boot.test.autoconfigure.restdocs.RestDocsTestExecutionListener, org.springframework.boot.test.autoconfigure.web.client.MockRestServiceServerResetTestExecutionListener, org.springframework.boot.test.autoconfigure.web.servlet.MockMvcPrintOnlyOnFailureTestExecutionListener, org.springframework.boot.test.autoconfigure.web.servlet.WebDriverTestExecutionListener, org.springframework.boot.test.autoconfigure.webservices.client.MockWebServiceServerTestExecutionListener, org.springframework.test.context.web.ServletTestExecutionListener, org.springframework.test.context.support.DirtiesContextBeforeModesTestExecutionListener, org.springframework.test.context.event.ApplicationEventsTestExecutionListener, org.springframework.test.context.support.DependencyInjectionTestExecutionListener, org.springframework.test.context.support.DirtiesContextTestExecutionListener, org.springframework.test.context.transaction.TransactionalTestExecutionListener, org.springframework.test.context.jdbc.SqlScriptsTestExecutionListener, org.springframework.test.context.event.EventPublishingTestExecutionListener]
2023-07-25 11:26:59.278  INFO 11780 --- [main] .b.t.c.SpringBootTestContextBootstrapper : Using TestExecutionListeners: [org.springframework.test.context.web.ServletTestExecutionListener@1eb294c3, org.springframework.test.context.support.DirtiesContextBeforeModesTestExecutionListener@54bcc14e, org.springframework.test.context.event.ApplicationEventsTestExecutionListener@491f7c62, org.springframework.boot.test.mock.mockito.MockitoTestExecutionListener@48d14084, org.springframework.boot.test.autoconfigure.SpringBootDependencyInjectionTestExecutionListener@424fd1d1, org.springframework.test.context.support.DirtiesContextTestExecutionListener@70cbce67, org.springframework.test.context.transaction.TransactionalTestExecutionListener@42854070, org.springframework.test.context.jdbc.SqlScriptsTestExecutionListener@92fdc4, org.springframework.test.context.event.EventPublishingTestExecutionListener@3cef755e, org.springframework.boot.test.mock.mockito.ResetMocksTestExecutionListener@12f93c52, org.springframework.boot.test.autoconfigure.restdocs.RestDocsTestExecutionListener@7a1768bd, org.springframework.boot.test.autoconfigure.web.client.MockRestServiceServerResetTestExecutionListener@6d7cd6e6, org.springframework.boot.test.autoconfigure.web.servlet.MockMvcPrintOnlyOnFailureTestExecutionListener@2a7e0b92, org.springframework.boot.test.autoconfigure.web.servlet.WebDriverTestExecutionListener@713ea923, org.springframework.boot.test.autoconfigure.webservices.client.MockWebServiceServerTestExecutionListener@302d6539]
2023-07-25 11:26:59.311  INFO 11780 --- [main] com.electric.controller.MeterController  : Updated meter with ID: 1
2023-07-25 11:26:59.330  INFO 11780 --- [main] com.electric.controller.MeterController  : Deleted meter with ID: 1
2023-07-25 11:26:59.347  INFO 11780 --- [main] com.electric.controller.MeterController  : Created meter with ID: null
2023-07-25 11:26:59.361 ERROR 11780 --- [main] com.electric.controller.MeterController  : Meter not found with ID: 1
2023-07-25 11:26:59.370  WARN 11780 --- [main] com.electric.controller.MeterController  : No meters found
2023-07-25 11:26:59.377  INFO 11780 --- [main] com.electric.controller.MeterController  : Retrieved all meters. Count: 3
2023-07-25 11:26:59.382  INFO 11780 --- [main] .b.t.c.SpringBootTestContextBootstrapper : Neither @ContextConfiguration nor @ContextHierarchy found for test class [com.electric.controller.SupplierControllerTest], using SpringBootContextLoader
2023-07-25 11:26:59.384  INFO 11780 --- [main] o.s.t.c.support.AbstractContextLoader    : Could not detect default resource locations for test class [com.electric.controller.SupplierControllerTest]: no resource found for suffixes {-context.xml, Context.groovy}.
2023-07-25 11:26:59.384  INFO 11780 --- [main] t.c.s.AnnotationConfigContextLoaderUtils : Could not detect default configuration classes for test class [com.electric.controller.SupplierControllerTest]: SupplierControllerTest does not declare any static, non-private, non-final, nested classes annotated with @Configuration.
2023-07-25 11:26:59.387  INFO 11780 --- [main] .b.t.c.SpringBootTestContextBootstrapper : Found @SpringBootConfiguration com.electric.ElectricityManagementSystemApplication for test class com.electric.controller.SupplierControllerTest
2023-07-25 11:26:59.389  INFO 11780 --- [main] .b.t.c.SpringBootTestContextBootstrapper : Loaded default TestExecutionListener class names from location [META-INF/spring.factories]: [org.springframework.boot.test.mock.mockito.MockitoTestExecutionListener, org.springframework.boot.test.mock.mockito.ResetMocksTestExecutionListener, org.springframework.boot.test.autoconfigure.restdocs.RestDocsTestExecutionListener, org.springframework.boot.test.autoconfigure.web.client.MockRestServiceServerResetTestExecutionListener, org.springframework.boot.test.autoconfigure.web.servlet.MockMvcPrintOnlyOnFailureTestExecutionListener, org.springframework.boot.test.autoconfigure.web.servlet.WebDriverTestExecutionListener, org.springframework.boot.test.autoconfigure.webservices.client.MockWebServiceServerTestExecutionListener, org.springframework.test.context.web.ServletTestExecutionListener, org.springframework.test.context.support.DirtiesContextBeforeModesTestExecutionListener, org.springframework.test.context.event.ApplicationEventsTestExecutionListener, org.springframework.test.context.support.DependencyInjectionTestExecutionListener, org.springframework.test.context.support.DirtiesContextTestExecutionListener, org.springframework.test.context.transaction.TransactionalTestExecutionListener, org.springframework.test.context.jdbc.SqlScriptsTestExecutionListener, org.springframework.test.context.event.EventPublishingTestExecutionListener]
2023-07-25 11:26:59.390  INFO 11780 --- [main] .b.t.c.SpringBootTestContextBootstrapper : Using TestExecutionListeners: [org.springframework.test.context.web.ServletTestExecutionListener@3a2743c9, org.springframework.test.context.support.DirtiesContextBeforeModesTestExecutionListener@43d5fa67, org.springframework.test.context.event.ApplicationEventsTestExecutionListener@72fac990, org.springframework.boot.test.mock.mockito.MockitoTestExecutionListener@4e406eef, org.springframework.boot.test.autoconfigure.SpringBootDependencyInjectionTestExecutionListener@4ef955e5, org.springframework.test.context.support.DirtiesContextTestExecutionListener@2213889f, org.springframework.test.context.transaction.TransactionalTestExecutionListener@6817304, org.springframework.test.context.jdbc.SqlScriptsTestExecutionListener@4bfb522d, org.springframework.test.context.event.EventPublishingTestExecutionListener@4fa970ca, org.springframework.boot.test.mock.mockito.ResetMocksTestExecutionListener@71405ed0, org.springframework.boot.test.autoconfigure.restdocs.RestDocsTestExecutionListener@7c540aaf, org.springframework.boot.test.autoconfigure.web.client.MockRestServiceServerResetTestExecutionListener@6daf4532, org.springframework.boot.test.autoconfigure.web.servlet.MockMvcPrintOnlyOnFailureTestExecutionListener@6984476d, org.springframework.boot.test.autoconfigure.web.servlet.WebDriverTestExecutionListener@1ac12253, org.springframework.boot.test.autoconfigure.webservices.client.MockWebServiceServerTestExecutionListener@469c42d6]
2023-07-25 11:26:59.430  INFO 11780 --- [main] c.e.controller.SupplierController        : Updating supplier with ID: 1
2023-07-25 11:26:59.442  INFO 11780 --- [main] c.e.controller.SupplierController        : Creating a new supplier
2023-07-25 11:26:59.454  INFO 11780 --- [main] c.e.controller.SupplierController        : Retrieving customers for supplier with ID: 1
2023-07-25 11:26:59.455  WARN 11780 --- [main] c.e.controller.SupplierController        : No customer found with associated supplier
2023-07-25 11:26:59.465  INFO 11780 --- [main] c.e.controller.SupplierController        : Retrieving supplier by ID: 1
2023-07-25 11:26:59.475  INFO 11780 --- [main] c.e.controller.SupplierController        : Retrieved all suppliers. Count: 2
2023-07-25 11:26:59.484  INFO 11780 --- [main] c.e.controller.SupplierController        : Retrieving customers for supplier with ID: 1
2023-07-25 11:26:59.495  INFO 11780 --- [main] c.e.controller.SupplierController        : Retrieving supplier by ID: 1
2023-07-25 11:26:59.496 ERROR 11780 --- [main] c.e.controller.SupplierController        : Supplier not found with ID: 1
2023-07-25 11:26:59.507  INFO 11780 --- [main] c.e.controller.SupplierController        : Updating supplier with ID: 100
2023-07-25 11:26:59.508 ERROR 11780 --- [main] c.e.controller.SupplierController        : Supplier not found with ID: 100
2023-07-25 11:26:59.518  WARN 11780 --- [main] c.e.controller.SupplierController        : No suppliers found
2023-07-25 11:26:59.523  INFO 11780 --- [main] .b.t.c.SpringBootTestContextBootstrapper : Neither @ContextConfiguration nor @ContextHierarchy found for test class [com.electric.controller.CustomerControllerTest], using SpringBootContextLoader
2023-07-25 11:26:59.524  INFO 11780 --- [main] o.s.t.c.support.AbstractContextLoader    : Could not detect default resource locations for test class [com.electric.controller.CustomerControllerTest]: no resource found for suffixes {-context.xml, Context.groovy}.
2023-07-25 11:26:59.525  INFO 11780 --- [main] t.c.s.AnnotationConfigContextLoaderUtils : Could not detect default configuration classes for test class [com.electric.controller.CustomerControllerTest]: CustomerControllerTest does not declare any static, non-private, non-final, nested classes annotated with @Configuration.
2023-07-25 11:26:59.527  INFO 11780 --- [main] .b.t.c.SpringBootTestContextBootstrapper : Found @SpringBootConfiguration com.electric.ElectricityManagementSystemApplication for test class com.electric.controller.CustomerControllerTest
2023-07-25 11:26:59.529  INFO 11780 --- [main] .b.t.c.SpringBootTestContextBootstrapper : Loaded default TestExecutionListener class names from location [META-INF/spring.factories]: [org.springframework.boot.test.mock.mockito.MockitoTestExecutionListener, org.springframework.boot.test.mock.mockito.ResetMocksTestExecutionListener, org.springframework.boot.test.autoconfigure.restdocs.RestDocsTestExecutionListener, org.springframework.boot.test.autoconfigure.web.client.MockRestServiceServerResetTestExecutionListener, org.springframework.boot.test.autoconfigure.web.servlet.MockMvcPrintOnlyOnFailureTestExecutionListener, org.springframework.boot.test.autoconfigure.web.servlet.WebDriverTestExecutionListener, org.springframework.boot.test.autoconfigure.webservices.client.MockWebServiceServerTestExecutionListener, org.springframework.test.context.web.ServletTestExecutionListener, org.springframework.test.context.support.DirtiesContextBeforeModesTestExecutionListener, org.springframework.test.context.event.ApplicationEventsTestExecutionListener, org.springframework.test.context.support.DependencyInjectionTestExecutionListener, org.springframework.test.context.support.DirtiesContextTestExecutionListener, org.springframework.test.context.transaction.TransactionalTestExecutionListener, org.springframework.test.context.jdbc.SqlScriptsTestExecutionListener, org.springframework.test.context.event.EventPublishingTestExecutionListener]
2023-07-25 11:26:59.529  INFO 11780 --- [main] .b.t.c.SpringBootTestContextBootstrapper : Using TestExecutionListeners: [org.springframework.test.context.web.ServletTestExecutionListener@7a37901f, org.springframework.test.context.support.DirtiesContextBeforeModesTestExecutionListener@343960d9, org.springframework.test.context.event.ApplicationEventsTestExecutionListener@5467087e, org.springframework.boot.test.mock.mockito.MockitoTestExecutionListener@403681e1, org.springframework.boot.test.autoconfigure.SpringBootDependencyInjectionTestExecutionListener@6474690, org.springframework.test.context.support.DirtiesContextTestExecutionListener@7987d129, org.springframework.test.context.transaction.TransactionalTestExecutionListener@154f129f, org.springframework.test.context.jdbc.SqlScriptsTestExecutionListener@6102a05e, org.springframework.test.context.event.EventPublishingTestExecutionListener@5d4d1928, org.springframework.boot.test.mock.mockito.ResetMocksTestExecutionListener@1a848531, org.springframework.boot.test.autoconfigure.restdocs.RestDocsTestExecutionListener@7732a714, org.springframework.boot.test.autoconfigure.web.client.MockRestServiceServerResetTestExecutionListener@346e9fc, org.springframework.boot.test.autoconfigure.web.servlet.MockMvcPrintOnlyOnFailureTestExecutionListener@36f724e5, org.springframework.boot.test.autoconfigure.web.servlet.WebDriverTestExecutionListener@8e49207, org.springframework.boot.test.autoconfigure.webservices.client.MockWebServiceServerTestExecutionListener@6a8c9e08]
2023-07-25 11:26:59.554 ERROR 11780 --- [main] c.e.controller.CustomerController        : Customer not found with ID: {}

java.util.NoSuchElementException: No customer exists with given id. 1
	at com.electric.controller.CustomerController.getCustomer(CustomerController.java:77) ~[classes/:na]
	at com.electric.controller.CustomerControllerTest.lambda$1(CustomerControllerTest.java:108) ~[test-classes/:na]
	at org.junit.jupiter.api.AssertThrows.assertThrows(AssertThrows.java:55) ~[junit-jupiter-api-5.8.2.jar:5.8.2]
	at org.junit.jupiter.api.AssertThrows.assertThrows(AssertThrows.java:37) ~[junit-jupiter-api-5.8.2.jar:5.8.2]
	at org.junit.jupiter.api.Assertions.assertThrows(Assertions.java:3082) ~[junit-jupiter-api-5.8.2.jar:5.8.2]
	at com.electric.controller.CustomerControllerTest.testGetCustomer_NotFound(CustomerControllerTest.java:107) ~[test-classes/:na]
	at java.base/jdk.internal.reflect.NativeMethodAccessorImpl.invoke0(Native Method) ~[na:na]
	at java.base/jdk.internal.reflect.NativeMethodAccessorImpl.invoke(NativeMethodAccessorImpl.java:77) ~[na:na]
	at java.base/jdk.internal.reflect.DelegatingMethodAccessorImpl.invoke(DelegatingMethodAccessorImpl.java:43) ~[na:na]
	at java.base/java.lang.reflect.Method.invoke(Method.java:568) ~[na:na]
	at org.junit.platform.commons.util.ReflectionUtils.invokeMethod(ReflectionUtils.java:725) ~[junit-platform-commons-1.8.2.jar:1.8.2]
	at org.junit.jupiter.engine.execution.MethodInvocation.proceed(MethodInvocation.java:60) ~[junit-jupiter-engine-5.8.2.jar:5.8.2]
	at org.junit.jupiter.engine.execution.InvocationInterceptorChain$ValidatingInvocation.proceed(InvocationInterceptorChain.java:131) ~[junit-jupiter-engine-5.8.2.jar:5.8.2]
	at org.junit.jupiter.engine.extension.TimeoutExtension.intercept(TimeoutExtension.java:149) ~[junit-jupiter-engine-5.8.2.jar:5.8.2]
	at org.junit.jupiter.engine.extension.TimeoutExtension.interceptTestableMethod(TimeoutExtension.java:140) ~[junit-jupiter-engine-5.8.2.jar:5.8.2]
	at org.junit.jupiter.engine.extension.TimeoutExtension.interceptTestMethod(TimeoutExtension.java:84) ~[junit-jupiter-engine-5.8.2.jar:5.8.2]
	at org.junit.jupiter.engine.execution.ExecutableInvoker$ReflectiveInterceptorCall.lambda$ofVoidMethod$0(ExecutableInvoker.java:115) ~[junit-jupiter-engine-5.8.2.jar:5.8.2]
	at org.junit.jupiter.engine.execution.ExecutableInvoker.lambda$invoke$0(ExecutableInvoker.java:105) ~[junit-jupiter-engine-5.8.2.jar:5.8.2]
	at org.junit.jupiter.engine.execution.InvocationInterceptorChain$InterceptedInvocation.proceed(InvocationInterceptorChain.java:106) ~[junit-jupiter-engine-5.8.2.jar:5.8.2]
	at org.junit.jupiter.engine.execution.InvocationInterceptorChain.proceed(InvocationInterceptorChain.java:64) ~[junit-jupiter-engine-5.8.2.jar:5.8.2]
	at org.junit.jupiter.engine.execution.InvocationInterceptorChain.chainAndInvoke(InvocationInterceptorChain.java:45) ~[junit-jupiter-engine-5.8.2.jar:5.8.2]
	at org.junit.jupiter.engine.execution.InvocationInterceptorChain.invoke(InvocationInterceptorChain.java:37) ~[junit-jupiter-engine-5.8.2.jar:5.8.2]
	at org.junit.jupiter.engine.execution.ExecutableInvoker.invoke(ExecutableInvoker.java:104) ~[junit-jupiter-engine-5.8.2.jar:5.8.2]
	at org.junit.jupiter.engine.execution.ExecutableInvoker.invoke(ExecutableInvoker.java:98) ~[junit-jupiter-engine-5.8.2.jar:5.8.2]
	at org.junit.jupiter.engine.descriptor.TestMethodTestDescriptor.lambda$invokeTestMethod$7(TestMethodTestDescriptor.java:214) ~[junit-jupiter-engine-5.8.2.jar:5.8.2]
	at org.junit.platform.engine.support.hierarchical.ThrowableCollector.execute(ThrowableCollector.java:73) ~[junit-platform-engine-1.8.2.jar:1.8.2]
	at org.junit.jupiter.engine.descriptor.TestMethodTestDescriptor.invokeTestMethod(TestMethodTestDescriptor.java:210) ~[junit-jupiter-engine-5.8.2.jar:5.8.2]
	at org.junit.jupiter.engine.descriptor.TestMethodTestDescriptor.execute(TestMethodTestDescriptor.java:135) ~[junit-jupiter-engine-5.8.2.jar:5.8.2]
	at org.junit.jupiter.engine.descriptor.TestMethodTestDescriptor.execute(TestMethodTestDescriptor.java:66) ~[junit-jupiter-engine-5.8.2.jar:5.8.2]
	at org.junit.platform.engine.support.hierarchical.NodeTestTask.lambda$executeRecursively$6(NodeTestTask.java:151) ~[junit-platform-engine-1.8.2.jar:1.8.2]
	at org.junit.platform.engine.support.hierarchical.ThrowableCollector.execute(ThrowableCollector.java:73) ~[junit-platform-engine-1.8.2.jar:1.8.2]
	at org.junit.platform.engine.support.hierarchical.NodeTestTask.lambda$executeRecursively$8(NodeTestTask.java:141) ~[junit-platform-engine-1.8.2.jar:1.8.2]
	at org.junit.platform.engine.support.hierarchical.Node.around(Node.java:137) ~[junit-platform-engine-1.8.2.jar:1.8.2]
	at org.junit.platform.engine.support.hierarchical.NodeTestTask.lambda$executeRecursively$9(NodeTestTask.java:139) ~[junit-platform-engine-1.8.2.jar:1.8.2]
	at org.junit.platform.engine.support.hierarchical.ThrowableCollector.execute(ThrowableCollector.java:73) ~[junit-platform-engine-1.8.2.jar:1.8.2]
	at org.junit.platform.engine.support.hierarchical.NodeTestTask.executeRecursively(NodeTestTask.java:138) ~[junit-platform-engine-1.8.2.jar:1.8.2]
	at org.junit.platform.engine.support.hierarchical.NodeTestTask.execute(NodeTestTask.java:95) ~[junit-platform-engine-1.8.2.jar:1.8.2]
	at java.base/java.util.ArrayList.forEach(ArrayList.java:1511) ~[na:na]
	at org.junit.platform.engine.support.hierarchical.SameThreadHierarchicalTestExecutorService.invokeAll(SameThreadHierarchicalTestExecutorService.java:41) ~[junit-platform-engine-1.8.2.jar:1.8.2]
	at org.junit.platform.engine.support.hierarchical.NodeTestTask.lambda$executeRecursively$6(NodeTestTask.java:155) ~[junit-platform-engine-1.8.2.jar:1.8.2]
	at org.junit.platform.engine.support.hierarchical.ThrowableCollector.execute(ThrowableCollector.java:73) ~[junit-platform-engine-1.8.2.jar:1.8.2]
	at org.junit.platform.engine.support.hierarchical.NodeTestTask.lambda$executeRecursively$8(NodeTestTask.java:141) ~[junit-platform-engine-1.8.2.jar:1.8.2]
	at org.junit.platform.engine.support.hierarchical.Node.around(Node.java:137) ~[junit-platform-engine-1.8.2.jar:1.8.2]
	at org.junit.platform.engine.support.hierarchical.NodeTestTask.lambda$executeRecursively$9(NodeTestTask.java:139) ~[junit-platform-engine-1.8.2.jar:1.8.2]
	at org.junit.platform.engine.support.hierarchical.ThrowableCollector.execute(ThrowableCollector.java:73) ~[junit-platform-engine-1.8.2.jar:1.8.2]
	at org.junit.platform.engine.support.hierarchical.NodeTestTask.executeRecursively(NodeTestTask.java:138) ~[junit-platform-engine-1.8.2.jar:1.8.2]
	at org.junit.platform.engine.support.hierarchical.NodeTestTask.execute(NodeTestTask.java:95) ~[junit-platform-engine-1.8.2.jar:1.8.2]
	at java.base/java.util.ArrayList.forEach(ArrayList.java:1511) ~[na:na]
	at org.junit.platform.engine.support.hierarchical.SameThreadHierarchicalTestExecutorService.invokeAll(SameThreadHierarchicalTestExecutorService.java:41) ~[junit-platform-engine-1.8.2.jar:1.8.2]
	at org.junit.platform.engine.support.hierarchical.NodeTestTask.lambda$executeRecursively$6(NodeTestTask.java:155) ~[junit-platform-engine-1.8.2.jar:1.8.2]
	at org.junit.platform.engine.support.hierarchical.ThrowableCollector.execute(ThrowableCollector.java:73) ~[junit-platform-engine-1.8.2.jar:1.8.2]
	at org.junit.platform.engine.support.hierarchical.NodeTestTask.lambda$executeRecursively$8(NodeTestTask.java:141) ~[junit-platform-engine-1.8.2.jar:1.8.2]
	at org.junit.platform.engine.support.hierarchical.Node.around(Node.java:137) ~[junit-platform-engine-1.8.2.jar:1.8.2]
	at org.junit.platform.engine.support.hierarchical.NodeTestTask.lambda$executeRecursively$9(NodeTestTask.java:139) ~[junit-platform-engine-1.8.2.jar:1.8.2]
	at org.junit.platform.engine.support.hierarchical.ThrowableCollector.execute(ThrowableCollector.java:73) ~[junit-platform-engine-1.8.2.jar:1.8.2]
	at org.junit.platform.engine.support.hierarchical.NodeTestTask.executeRecursively(NodeTestTask.java:138) ~[junit-platform-engine-1.8.2.jar:1.8.2]
	at org.junit.platform.engine.support.hierarchical.NodeTestTask.execute(NodeTestTask.java:95) ~[junit-platform-engine-1.8.2.jar:1.8.2]
	at org.junit.platform.engine.support.hierarchical.SameThreadHierarchicalTestExecutorService.submit(SameThreadHierarchicalTestExecutorService.java:35) ~[junit-platform-engine-1.8.2.jar:1.8.2]
	at org.junit.platform.engine.support.hierarchical.HierarchicalTestExecutor.execute(HierarchicalTestExecutor.java:57) ~[junit-platform-engine-1.8.2.jar:1.8.2]
	at org.junit.platform.engine.support.hierarchical.HierarchicalTestEngine.execute(HierarchicalTestEngine.java:54) ~[junit-platform-engine-1.8.2.jar:1.8.2]
	at org.junit.platform.launcher.core.EngineExecutionOrchestrator.execute(EngineExecutionOrchestrator.java:107) ~[junit-platform-launcher-1.8.2.jar:1.8.2]
	at org.junit.platform.launcher.core.EngineExecutionOrchestrator.execute(EngineExecutionOrchestrator.java:88) ~[junit-platform-launcher-1.8.2.jar:1.8.2]
	at org.junit.platform.launcher.core.EngineExecutionOrchestrator.lambda$execute$0(EngineExecutionOrchestrator.java:54) ~[junit-platform-launcher-1.8.2.jar:1.8.2]
	at org.junit.platform.launcher.core.EngineExecutionOrchestrator.withInterceptedStreams(EngineExecutionOrchestrator.java:67) ~[junit-platform-launcher-1.8.2.jar:1.8.2]
	at org.junit.platform.launcher.core.EngineExecutionOrchestrator.execute(EngineExecutionOrchestrator.java:52) ~[junit-platform-launcher-1.8.2.jar:1.8.2]
	at org.junit.platform.launcher.core.DefaultLauncher.execute(DefaultLauncher.java:114) ~[junit-platform-launcher-1.8.2.jar:1.8.2]
	at org.junit.platform.launcher.core.DefaultLauncher.execute(DefaultLauncher.java:95) ~[junit-platform-launcher-1.8.2.jar:1.8.2]
	at org.junit.platform.launcher.core.DefaultLauncherSession$DelegatingLauncher.execute(DefaultLauncherSession.java:91) ~[junit-platform-launcher-1.8.2.jar:1.8.2]
	at org.junit.platform.launcher.core.SessionPerRequestLauncher.execute(SessionPerRequestLauncher.java:60) ~[junit-platform-launcher-1.8.2.jar:1.8.2]
	at org.eclipse.jdt.internal.junit5.runner.JUnit5TestReference.run(JUnit5TestReference.java:98) ~[.cp/:na]
	at org.eclipse.jdt.internal.junit.runner.TestExecution.run(TestExecution.java:40) ~[.cp/:na]
	at org.eclipse.jdt.internal.junit.runner.RemoteTestRunner.runTests(RemoteTestRunner.java:529) ~[.cp/:na]
	at org.eclipse.jdt.internal.junit.runner.RemoteTestRunner.runTests(RemoteTestRunner.java:756) ~[.cp/:na]
	at org.eclipse.jdt.internal.junit.runner.RemoteTestRunner.run(RemoteTestRunner.java:452) ~[.cp/:na]
	at org.eclipse.jdt.internal.junit.runner.RemoteTestRunner.main(RemoteTestRunner.java:210) ~[.cp/:na]

2023-07-25 11:26:59.566 ERROR 11780 --- [main] c.e.controller.CustomerController        : Customer not found with ID: 10
2023-07-25 11:26:59.576  INFO 11780 --- [main] c.e.controller.CustomerController        : Updated customer with ID: 1
2023-07-25 11:26:59.586 ERROR 11780 --- [main] c.e.controller.CustomerController        : Error creating customer: Internal Server Error

java.lang.RuntimeException: Internal Server Error
	at com.electric.controller.CustomerController.createCustomer(CustomerController.java:55) ~[classes/:na]
	at com.electric.controller.CustomerControllerTest.lambda$0(CustomerControllerTest.java:73) ~[test-classes/:na]
	at org.junit.jupiter.api.AssertThrows.assertThrows(AssertThrows.java:55) ~[junit-jupiter-api-5.8.2.jar:5.8.2]
	at org.junit.jupiter.api.AssertThrows.assertThrows(AssertThrows.java:37) ~[junit-jupiter-api-5.8.2.jar:5.8.2]
	at org.junit.jupiter.api.Assertions.assertThrows(Assertions.java:3082) ~[junit-jupiter-api-5.8.2.jar:5.8.2]
	at com.electric.controller.CustomerControllerTest.testCreateCustomer_Exception(CustomerControllerTest.java:72) ~[test-classes/:na]
	at java.base/jdk.internal.reflect.NativeMethodAccessorImpl.invoke0(Native Method) ~[na:na]
	at java.base/jdk.internal.reflect.NativeMethodAccessorImpl.invoke(NativeMethodAccessorImpl.java:77) ~[na:na]
	at java.base/jdk.internal.reflect.DelegatingMethodAccessorImpl.invoke(DelegatingMethodAccessorImpl.java:43) ~[na:na]
	at java.base/java.lang.reflect.Method.invoke(Method.java:568) ~[na:na]
	at org.junit.platform.commons.util.ReflectionUtils.invokeMethod(ReflectionUtils.java:725) ~[junit-platform-commons-1.8.2.jar:1.8.2]
	at org.junit.jupiter.engine.execution.MethodInvocation.proceed(MethodInvocation.java:60) ~[junit-jupiter-engine-5.8.2.jar:5.8.2]
	at org.junit.jupiter.engine.execution.InvocationInterceptorChain$ValidatingInvocation.proceed(InvocationInterceptorChain.java:131) ~[junit-jupiter-engine-5.8.2.jar:5.8.2]
	at org.junit.jupiter.engine.extension.TimeoutExtension.intercept(TimeoutExtension.java:149) ~[junit-jupiter-engine-5.8.2.jar:5.8.2]
	at org.junit.jupiter.engine.extension.TimeoutExtension.interceptTestableMethod(TimeoutExtension.java:140) ~[junit-jupiter-engine-5.8.2.jar:5.8.2]
	at org.junit.jupiter.engine.extension.TimeoutExtension.interceptTestMethod(TimeoutExtension.java:84) ~[junit-jupiter-engine-5.8.2.jar:5.8.2]
	at org.junit.jupiter.engine.execution.ExecutableInvoker$ReflectiveInterceptorCall.lambda$ofVoidMethod$0(ExecutableInvoker.java:115) ~[junit-jupiter-engine-5.8.2.jar:5.8.2]
	at org.junit.jupiter.engine.execution.ExecutableInvoker.lambda$invoke$0(ExecutableInvoker.java:105) ~[junit-jupiter-engine-5.8.2.jar:5.8.2]
	at org.junit.jupiter.engine.execution.InvocationInterceptorChain$InterceptedInvocation.proceed(InvocationInterceptorChain.java:106) ~[junit-jupiter-engine-5.8.2.jar:5.8.2]
	at org.junit.jupiter.engine.execution.InvocationInterceptorChain.proceed(InvocationInterceptorChain.java:64) ~[junit-jupiter-engine-5.8.2.jar:5.8.2]
	at org.junit.jupiter.engine.execution.InvocationInterceptorChain.chainAndInvoke(InvocationInterceptorChain.java:45) ~[junit-jupiter-engine-5.8.2.jar:5.8.2]
	at org.junit.jupiter.engine.execution.InvocationInterceptorChain.invoke(InvocationInterceptorChain.java:37) ~[junit-jupiter-engine-5.8.2.jar:5.8.2]
	at org.junit.jupiter.engine.execution.ExecutableInvoker.invoke(ExecutableInvoker.java:104) ~[junit-jupiter-engine-5.8.2.jar:5.8.2]
	at org.junit.jupiter.engine.execution.ExecutableInvoker.invoke(ExecutableInvoker.java:98) ~[junit-jupiter-engine-5.8.2.jar:5.8.2]
	at org.junit.jupiter.engine.descriptor.TestMethodTestDescriptor.lambda$invokeTestMethod$7(TestMethodTestDescriptor.java:214) ~[junit-jupiter-engine-5.8.2.jar:5.8.2]
	at org.junit.platform.engine.support.hierarchical.ThrowableCollector.execute(ThrowableCollector.java:73) ~[junit-platform-engine-1.8.2.jar:1.8.2]
	at org.junit.jupiter.engine.descriptor.TestMethodTestDescriptor.invokeTestMethod(TestMethodTestDescriptor.java:210) ~[junit-jupiter-engine-5.8.2.jar:5.8.2]
	at org.junit.jupiter.engine.descriptor.TestMethodTestDescriptor.execute(TestMethodTestDescriptor.java:135) ~[junit-jupiter-engine-5.8.2.jar:5.8.2]
	at org.junit.jupiter.engine.descriptor.TestMethodTestDescriptor.execute(TestMethodTestDescriptor.java:66) ~[junit-jupiter-engine-5.8.2.jar:5.8.2]
	at org.junit.platform.engine.support.hierarchical.NodeTestTask.lambda$executeRecursively$6(NodeTestTask.java:151) ~[junit-platform-engine-1.8.2.jar:1.8.2]
	at org.junit.platform.engine.support.hierarchical.ThrowableCollector.execute(ThrowableCollector.java:73) ~[junit-platform-engine-1.8.2.jar:1.8.2]
	at org.junit.platform.engine.support.hierarchical.NodeTestTask.lambda$executeRecursively$8(NodeTestTask.java:141) ~[junit-platform-engine-1.8.2.jar:1.8.2]
	at org.junit.platform.engine.support.hierarchical.Node.around(Node.java:137) ~[junit-platform-engine-1.8.2.jar:1.8.2]
	at org.junit.platform.engine.support.hierarchical.NodeTestTask.lambda$executeRecursively$9(NodeTestTask.java:139) ~[junit-platform-engine-1.8.2.jar:1.8.2]
	at org.junit.platform.engine.support.hierarchical.ThrowableCollector.execute(ThrowableCollector.java:73) ~[junit-platform-engine-1.8.2.jar:1.8.2]
	at org.junit.platform.engine.support.hierarchical.NodeTestTask.executeRecursively(NodeTestTask.java:138) ~[junit-platform-engine-1.8.2.jar:1.8.2]
	at org.junit.platform.engine.support.hierarchical.NodeTestTask.execute(NodeTestTask.java:95) ~[junit-platform-engine-1.8.2.jar:1.8.2]
	at java.base/java.util.ArrayList.forEach(ArrayList.java:1511) ~[na:na]
	at org.junit.platform.engine.support.hierarchical.SameThreadHierarchicalTestExecutorService.invokeAll(SameThreadHierarchicalTestExecutorService.java:41) ~[junit-platform-engine-1.8.2.jar:1.8.2]
	at org.junit.platform.engine.support.hierarchical.NodeTestTask.lambda$executeRecursively$6(NodeTestTask.java:155) ~[junit-platform-engine-1.8.2.jar:1.8.2]
	at org.junit.platform.engine.support.hierarchical.ThrowableCollector.execute(ThrowableCollector.java:73) ~[junit-platform-engine-1.8.2.jar:1.8.2]
	at org.junit.platform.engine.support.hierarchical.NodeTestTask.lambda$executeRecursively$8(NodeTestTask.java:141) ~[junit-platform-engine-1.8.2.jar:1.8.2]
	at org.junit.platform.engine.support.hierarchical.Node.around(Node.java:137) ~[junit-platform-engine-1.8.2.jar:1.8.2]
	at org.junit.platform.engine.support.hierarchical.NodeTestTask.lambda$executeRecursively$9(NodeTestTask.java:139) ~[junit-platform-engine-1.8.2.jar:1.8.2]
	at org.junit.platform.engine.support.hierarchical.ThrowableCollector.execute(ThrowableCollector.java:73) ~[junit-platform-engine-1.8.2.jar:1.8.2]
	at org.junit.platform.engine.support.hierarchical.NodeTestTask.executeRecursively(NodeTestTask.java:138) ~[junit-platform-engine-1.8.2.jar:1.8.2]
	at org.junit.platform.engine.support.hierarchical.NodeTestTask.execute(NodeTestTask.java:95) ~[junit-platform-engine-1.8.2.jar:1.8.2]
	at java.base/java.util.ArrayList.forEach(ArrayList.java:1511) ~[na:na]
	at org.junit.platform.engine.support.hierarchical.SameThreadHierarchicalTestExecutorService.invokeAll(SameThreadHierarchicalTestExecutorService.java:41) ~[junit-platform-engine-1.8.2.jar:1.8.2]
	at org.junit.platform.engine.support.hierarchical.NodeTestTask.lambda$executeRecursively$6(NodeTestTask.java:155) ~[junit-platform-engine-1.8.2.jar:1.8.2]
	at org.junit.platform.engine.support.hierarchical.ThrowableCollector.execute(ThrowableCollector.java:73) ~[junit-platform-engine-1.8.2.jar:1.8.2]
	at org.junit.platform.engine.support.hierarchical.NodeTestTask.lambda$executeRecursively$8(NodeTestTask.java:141) ~[junit-platform-engine-1.8.2.jar:1.8.2]
	at org.junit.platform.engine.support.hierarchical.Node.around(Node.java:137) ~[junit-platform-engine-1.8.2.jar:1.8.2]
	at org.junit.platform.engine.support.hierarchical.NodeTestTask.lambda$executeRecursively$9(NodeTestTask.java:139) ~[junit-platform-engine-1.8.2.jar:1.8.2]
	at org.junit.platform.engine.support.hierarchical.ThrowableCollector.execute(ThrowableCollector.java:73) ~[junit-platform-engine-1.8.2.jar:1.8.2]
	at org.junit.platform.engine.support.hierarchical.NodeTestTask.executeRecursively(NodeTestTask.java:138) ~[junit-platform-engine-1.8.2.jar:1.8.2]
	at org.junit.platform.engine.support.hierarchical.NodeTestTask.execute(NodeTestTask.java:95) ~[junit-platform-engine-1.8.2.jar:1.8.2]
	at org.junit.platform.engine.support.hierarchical.SameThreadHierarchicalTestExecutorService.submit(SameThreadHierarchicalTestExecutorService.java:35) ~[junit-platform-engine-1.8.2.jar:1.8.2]
	at org.junit.platform.engine.support.hierarchical.HierarchicalTestExecutor.execute(HierarchicalTestExecutor.java:57) ~[junit-platform-engine-1.8.2.jar:1.8.2]
	at org.junit.platform.engine.support.hierarchical.HierarchicalTestEngine.execute(HierarchicalTestEngine.java:54) ~[junit-platform-engine-1.8.2.jar:1.8.2]
	at org.junit.platform.launcher.core.EngineExecutionOrchestrator.execute(EngineExecutionOrchestrator.java:107) ~[junit-platform-launcher-1.8.2.jar:1.8.2]
	at org.junit.platform.launcher.core.EngineExecutionOrchestrator.execute(EngineExecutionOrchestrator.java:88) ~[junit-platform-launcher-1.8.2.jar:1.8.2]
	at org.junit.platform.launcher.core.EngineExecutionOrchestrator.lambda$execute$0(EngineExecutionOrchestrator.java:54) ~[junit-platform-launcher-1.8.2.jar:1.8.2]
	at org.junit.platform.launcher.core.EngineExecutionOrchestrator.withInterceptedStreams(EngineExecutionOrchestrator.java:67) ~[junit-platform-launcher-1.8.2.jar:1.8.2]
	at org.junit.platform.launcher.core.EngineExecutionOrchestrator.execute(EngineExecutionOrchestrator.java:52) ~[junit-platform-launcher-1.8.2.jar:1.8.2]
	at org.junit.platform.launcher.core.DefaultLauncher.execute(DefaultLauncher.java:114) ~[junit-platform-launcher-1.8.2.jar:1.8.2]
	at org.junit.platform.launcher.core.DefaultLauncher.execute(DefaultLauncher.java:95) ~[junit-platform-launcher-1.8.2.jar:1.8.2]
	at org.junit.platform.launcher.core.DefaultLauncherSession$DelegatingLauncher.execute(DefaultLauncherSession.java:91) ~[junit-platform-launcher-1.8.2.jar:1.8.2]
	at org.junit.platform.launcher.core.SessionPerRequestLauncher.execute(SessionPerRequestLauncher.java:60) ~[junit-platform-launcher-1.8.2.jar:1.8.2]
	at org.eclipse.jdt.internal.junit5.runner.JUnit5TestReference.run(JUnit5TestReference.java:98) ~[.cp/:na]
	at org.eclipse.jdt.internal.junit.runner.TestExecution.run(TestExecution.java:40) ~[.cp/:na]
	at org.eclipse.jdt.internal.junit.runner.RemoteTestRunner.runTests(RemoteTestRunner.java:529) ~[.cp/:na]
	at org.eclipse.jdt.internal.junit.runner.RemoteTestRunner.runTests(RemoteTestRunner.java:756) ~[.cp/:na]
	at org.eclipse.jdt.internal.junit.runner.RemoteTestRunner.run(RemoteTestRunner.java:452) ~[.cp/:na]
	at org.eclipse.jdt.internal.junit.runner.RemoteTestRunner.main(RemoteTestRunner.java:210) ~[.cp/:na]

2023-07-25 11:26:59.597  INFO 11780 --- [main] c.e.controller.CustomerController        : Created customer with ID: 1
2023-07-25 11:26:59.611  WARN 11780 --- [main] c.e.controller.CustomerController        : Customer not found with ID: 1
2023-07-25 11:26:59.621  WARN 11780 --- [main] c.e.controller.CustomerController        : Customer not found with ID: 1
2023-07-25 11:26:59.632  INFO 11780 --- [main] c.e.controller.CustomerController        : Calculated bill for customer with ID: 1
2023-07-25 11:26:59.639  INFO 11780 --- [main] c.e.controller.CustomerController        : Deleted customer with ID: 1
2023-07-25 11:26:59.646  INFO 11780 --- [main] c.e.controller.CustomerController        : Retrieved customer by ID: 1
2023-07-25 11:26:59.653  INFO 11780 --- [main] .b.t.c.SpringBootTestContextBootstrapper : Neither @ContextConfiguration nor @ContextHierarchy found for test class [com.electric.serviceImpl.CustomerServiceImplTest], using SpringBootContextLoader
2023-07-25 11:26:59.654  INFO 11780 --- [main] o.s.t.c.support.AbstractContextLoader    : Could not detect default resource locations for test class [com.electric.serviceImpl.CustomerServiceImplTest]: no resource found for suffixes {-context.xml, Context.groovy}.
2023-07-25 11:26:59.655  INFO 11780 --- [main] t.c.s.AnnotationConfigContextLoaderUtils : Could not detect default configuration classes for test class [com.electric.serviceImpl.CustomerServiceImplTest]: CustomerServiceImplTest does not declare any static, non-private, non-final, nested classes annotated with @Configuration.
2023-07-25 11:26:59.662  INFO 11780 --- [main] .b.t.c.SpringBootTestContextBootstrapper : Found @SpringBootConfiguration com.electric.ElectricityManagementSystemApplication for test class com.electric.serviceImpl.CustomerServiceImplTest
2023-07-25 11:26:59.664  INFO 11780 --- [main] .b.t.c.SpringBootTestContextBootstrapper : Loaded default TestExecutionListener class names from location [META-INF/spring.factories]: [org.springframework.boot.test.mock.mockito.MockitoTestExecutionListener, org.springframework.boot.test.mock.mockito.ResetMocksTestExecutionListener, org.springframework.boot.test.autoconfigure.restdocs.RestDocsTestExecutionListener, org.springframework.boot.test.autoconfigure.web.client.MockRestServiceServerResetTestExecutionListener, org.springframework.boot.test.autoconfigure.web.servlet.MockMvcPrintOnlyOnFailureTestExecutionListener, org.springframework.boot.test.autoconfigure.web.servlet.WebDriverTestExecutionListener, org.springframework.boot.test.autoconfigure.webservices.client.MockWebServiceServerTestExecutionListener, org.springframework.test.context.web.ServletTestExecutionListener, org.springframework.test.context.support.DirtiesContextBeforeModesTestExecutionListener, org.springframework.test.context.event.ApplicationEventsTestExecutionListener, org.springframework.test.context.support.DependencyInjectionTestExecutionListener, org.springframework.test.context.support.DirtiesContextTestExecutionListener, org.springframework.test.context.transaction.TransactionalTestExecutionListener, org.springframework.test.context.jdbc.SqlScriptsTestExecutionListener, org.springframework.test.context.event.EventPublishingTestExecutionListener]
2023-07-25 11:26:59.664  INFO 11780 --- [main] .b.t.c.SpringBootTestContextBootstrapper : Using TestExecutionListeners: [org.springframework.test.context.web.ServletTestExecutionListener@72c0e83e, org.springframework.test.context.support.DirtiesContextBeforeModesTestExecutionListener@5df7f150, org.springframework.test.context.event.ApplicationEventsTestExecutionListener@320e5ad2, org.springframework.boot.test.mock.mockito.MockitoTestExecutionListener@78bf141d, org.springframework.boot.test.autoconfigure.SpringBootDependencyInjectionTestExecutionListener@d4b922c, org.springframework.test.context.support.DirtiesContextTestExecutionListener@6fd48fa4, org.springframework.test.context.transaction.TransactionalTestExecutionListener@2f4c9046, org.springframework.test.context.jdbc.SqlScriptsTestExecutionListener@2f53764e, org.springframework.test.context.event.EventPublishingTestExecutionListener@7e585b7a, org.springframework.boot.test.mock.mockito.ResetMocksTestExecutionListener@353a42ba, org.springframework.boot.test.autoconfigure.restdocs.RestDocsTestExecutionListener@7ebf2afb, org.springframework.boot.test.autoconfigure.web.client.MockRestServiceServerResetTestExecutionListener@4aeac264, org.springframework.boot.test.autoconfigure.web.servlet.MockMvcPrintOnlyOnFailureTestExecutionListener@7655d3c8, org.springframework.boot.test.autoconfigure.web.servlet.WebDriverTestExecutionListener@119d702a, org.springframework.boot.test.autoconfigure.webservices.client.MockWebServiceServerTestExecutionListener@16f26810]
2023-07-25 11:26:59.802  INFO 11780 --- [main] c.e.serviceImpl.CustomerServiceImpl      : Retrieving customer by ID: 1
2023-07-25 11:26:59.815 ERROR 11780 --- [main] c.e.serviceImpl.CustomerServiceImpl      : Error occurred while retrieving customer by ID: Customer not found with ID: 1
2023-07-25 11:26:59.822 ERROR 11780 --- [main] c.e.serviceImpl.CustomerServiceImpl      : Error occurred while updating customer: Customer not found with ID: 1
2023-07-25 11:26:59.836  INFO 11780 --- [main] c.e.serviceImpl.CustomerServiceImpl      : Retrieving all customers. Total count: 2
2023-07-25 11:26:59.848  INFO 11780 --- [main] c.e.serviceImpl.CustomerServiceImpl      : Customer saved successfully. Customer ID: null
2023-07-25 11:26:59.854  INFO 11780 --- [main] c.e.serviceImpl.CustomerServiceImpl      : Updating customer. Customer ID: 1
2023-07-25 11:26:59.866  INFO 11780 --- [main] c.e.serviceImpl.CustomerServiceImpl      : Customer saved successfully. Customer ID: 1
2023-07-25 11:26:59.882  INFO 11780 --- [main] c.e.serviceImpl.CustomerServiceImpl      : Customer saved successfully. Customer ID: null
2023-07-25 11:26:59.890  INFO 11780 --- [main] c.e.serviceImpl.CustomerServiceImpl      : Calculating bill for customer. Customer ID: 1, Bill Amount: 2850.0
2023-07-25 11:26:59.896 ERROR 11780 --- [main] c.e.serviceImpl.CustomerServiceImpl      : Error occurred while calculating bill of the customer: Customer not found with ID: 1
2023-07-25 11:26:59.900  INFO 11780 --- [main] .b.t.c.SpringBootTestContextBootstrapper : Neither @ContextConfiguration nor @ContextHierarchy found for test class [com.electric.serviceImpl.SupplierServiceImplTest], using SpringBootContextLoader
2023-07-25 11:26:59.901  INFO 11780 --- [main] o.s.t.c.support.AbstractContextLoader    : Could not detect default resource locations for test class [com.electric.serviceImpl.SupplierServiceImplTest]: no resource found for suffixes {-context.xml, Context.groovy}.
2023-07-25 11:26:59.901  INFO 11780 --- [main] t.c.s.AnnotationConfigContextLoaderUtils : Could not detect default configuration classes for test class [com.electric.serviceImpl.SupplierServiceImplTest]: SupplierServiceImplTest does not declare any static, non-private, non-final, nested classes annotated with @Configuration.
2023-07-25 11:26:59.904  INFO 11780 --- [main] .b.t.c.SpringBootTestContextBootstrapper : Found @SpringBootConfiguration com.electric.ElectricityManagementSystemApplication for test class com.electric.serviceImpl.SupplierServiceImplTest
2023-07-25 11:26:59.907  INFO 11780 --- [main] .b.t.c.SpringBootTestContextBootstrapper : Loaded default TestExecutionListener class names from location [META-INF/spring.factories]: [org.springframework.boot.test.mock.mockito.MockitoTestExecutionListener, org.springframework.boot.test.mock.mockito.ResetMocksTestExecutionListener, org.springframework.boot.test.autoconfigure.restdocs.RestDocsTestExecutionListener, org.springframework.boot.test.autoconfigure.web.client.MockRestServiceServerResetTestExecutionListener, org.springframework.boot.test.autoconfigure.web.servlet.MockMvcPrintOnlyOnFailureTestExecutionListener, org.springframework.boot.test.autoconfigure.web.servlet.WebDriverTestExecutionListener, org.springframework.boot.test.autoconfigure.webservices.client.MockWebServiceServerTestExecutionListener, org.springframework.test.context.web.ServletTestExecutionListener, org.springframework.test.context.support.DirtiesContextBeforeModesTestExecutionListener, org.springframework.test.context.event.ApplicationEventsTestExecutionListener, org.springframework.test.context.support.DependencyInjectionTestExecutionListener, org.springframework.test.context.support.DirtiesContextTestExecutionListener, org.springframework.test.context.transaction.TransactionalTestExecutionListener, org.springframework.test.context.jdbc.SqlScriptsTestExecutionListener, org.springframework.test.context.event.EventPublishingTestExecutionListener]
2023-07-25 11:26:59.907  INFO 11780 --- [main] .b.t.c.SpringBootTestContextBootstrapper : Using TestExecutionListeners: [org.springframework.test.context.web.ServletTestExecutionListener@6573ca86, org.springframework.test.context.support.DirtiesContextBeforeModesTestExecutionListener@331cf192, org.springframework.test.context.event.ApplicationEventsTestExecutionListener@7faaa21f, org.springframework.boot.test.mock.mockito.MockitoTestExecutionListener@7f9fd842, org.springframework.boot.test.autoconfigure.SpringBootDependencyInjectionTestExecutionListener@4c30acd, org.springframework.test.context.support.DirtiesContextTestExecutionListener@5007fba6, org.springframework.test.context.transaction.TransactionalTestExecutionListener@7a1711e3, org.springframework.test.context.jdbc.SqlScriptsTestExecutionListener@7bcb9b2b, org.springframework.test.context.event.EventPublishingTestExecutionListener@674263fd, org.springframework.boot.test.mock.mockito.ResetMocksTestExecutionListener@8f77e78, org.springframework.boot.test.autoconfigure.restdocs.RestDocsTestExecutionListener@4a2dee8c, org.springframework.boot.test.autoconfigure.web.client.MockRestServiceServerResetTestExecutionListener@6d183621, org.springframework.boot.test.autoconfigure.web.servlet.MockMvcPrintOnlyOnFailureTestExecutionListener@1931edf4, org.springframework.boot.test.autoconfigure.web.servlet.WebDriverTestExecutionListener@2a865414, org.springframework.boot.test.autoconfigure.webservices.client.MockWebServiceServerTestExecutionListener@ffa9646]
2023-07-25 11:26:59.915  INFO 11780 --- [main] c.electric.serviceImpl.MeterServiceImpl  : Updating supplier with ID: 1
2023-07-25 11:26:59.922  INFO 11780 --- [main] c.electric.serviceImpl.MeterServiceImpl  : Retrieving all Suppliers.
2023-07-25 11:26:59.928  INFO 11780 --- [main] c.electric.serviceImpl.MeterServiceImpl  : Saving the Supplier
2023-07-25 11:26:59.928 ERROR 11780 --- [main] c.electric.serviceImpl.MeterServiceImpl  : Error occurred while saving supplier: Error saving supplier
2023-07-25 11:26:59.934  INFO 11780 --- [main] c.electric.serviceImpl.MeterServiceImpl  : Deleting the supplier th ID : 1
2023-07-25 11:26:59.944  INFO 11780 --- [main] c.electric.serviceImpl.MeterServiceImpl  : Retrieving supplier with ID: 1
2023-07-25 11:26:59.953  INFO 11780 --- [main] c.electric.serviceImpl.MeterServiceImpl  : Saving the Supplier
2023-07-25 11:26:59.963 ERROR 11780 --- [main] c.electric.serviceImpl.MeterServiceImpl  : Error occurred while retrieving supplier by ID: 1
2023-07-25 11:26:59.972  INFO 11780 --- [main] c.electric.serviceImpl.MeterServiceImpl  : Retrieving supplier with ID: 1
2023-07-25 11:26:59.973 ERROR 11780 --- [main] c.electric.serviceImpl.MeterServiceImpl  : Error occurred while retrieving supplier by ID: 1
2023-07-25 11:26:59.977  INFO 11780 --- [main] .b.t.c.SpringBootTestContextBootstrapper : Neither @ContextConfiguration nor @ContextHierarchy found for test class [com.electric.serviceImpl.EmailServiceImplTest], using SpringBootContextLoader
2023-07-25 11:26:59.978  INFO 11780 --- [main] o.s.t.c.support.AbstractContextLoader    : Could not detect default resource locations for test class [com.electric.serviceImpl.EmailServiceImplTest]: no resource found for suffixes {-context.xml, Context.groovy}.
2023-07-25 11:26:59.978  INFO 11780 --- [main] t.c.s.AnnotationConfigContextLoaderUtils : Could not detect default configuration classes for test class [com.electric.serviceImpl.EmailServiceImplTest]: EmailServiceImplTest does not declare any static, non-private, non-final, nested classes annotated with @Configuration.
2023-07-25 11:26:59.980  INFO 11780 --- [main] .b.t.c.SpringBootTestContextBootstrapper : Found @SpringBootConfiguration com.electric.ElectricityManagementSystemApplication for test class com.electric.serviceImpl.EmailServiceImplTest
2023-07-25 11:26:59.982  INFO 11780 --- [main] .b.t.c.SpringBootTestContextBootstrapper : Loaded default TestExecutionListener class names from location [META-INF/spring.factories]: [org.springframework.boot.test.mock.mockito.MockitoTestExecutionListener, org.springframework.boot.test.mock.mockito.ResetMocksTestExecutionListener, org.springframework.boot.test.autoconfigure.restdocs.RestDocsTestExecutionListener, org.springframework.boot.test.autoconfigure.web.client.MockRestServiceServerResetTestExecutionListener, org.springframework.boot.test.autoconfigure.web.servlet.MockMvcPrintOnlyOnFailureTestExecutionListener, org.springframework.boot.test.autoconfigure.web.servlet.WebDriverTestExecutionListener, org.springframework.boot.test.autoconfigure.webservices.client.MockWebServiceServerTestExecutionListener, org.springframework.test.context.web.ServletTestExecutionListener, org.springframework.test.context.support.DirtiesContextBeforeModesTestExecutionListener, org.springframework.test.context.event.ApplicationEventsTestExecutionListener, org.springframework.test.context.support.DependencyInjectionTestExecutionListener, org.springframework.test.context.support.DirtiesContextTestExecutionListener, org.springframework.test.context.transaction.TransactionalTestExecutionListener, org.springframework.test.context.jdbc.SqlScriptsTestExecutionListener, org.springframework.test.context.event.EventPublishingTestExecutionListener]
2023-07-25 11:26:59.983  INFO 11780 --- [main] .b.t.c.SpringBootTestContextBootstrapper : Using TestExecutionListeners: [org.springframework.test.context.web.ServletTestExecutionListener@36747d6e, org.springframework.test.context.support.DirtiesContextBeforeModesTestExecutionListener@593b117a, org.springframework.test.context.event.ApplicationEventsTestExecutionListener@1b673bbc, org.springframework.boot.test.mock.mockito.MockitoTestExecutionListener@15fdf386, org.springframework.boot.test.autoconfigure.SpringBootDependencyInjectionTestExecutionListener@77635a, org.springframework.test.context.support.DirtiesContextTestExecutionListener@1c612ef, org.springframework.test.context.transaction.TransactionalTestExecutionListener@235e73b0, org.springframework.test.context.jdbc.SqlScriptsTestExecutionListener@59c5d59e, org.springframework.test.context.event.EventPublishingTestExecutionListener@6213104f, org.springframework.boot.test.mock.mockito.ResetMocksTestExecutionListener@53732788, org.springframework.boot.test.autoconfigure.restdocs.RestDocsTestExecutionListener@3601da5, org.springframework.boot.test.autoconfigure.web.client.MockRestServiceServerResetTestExecutionListener@74fe4172, org.springframework.boot.test.autoconfigure.web.servlet.MockMvcPrintOnlyOnFailureTestExecutionListener@e95b6ca, org.springframework.boot.test.autoconfigure.web.servlet.WebDriverTestExecutionListener@44108ff7, org.springframework.boot.test.autoconfigure.webservices.client.MockWebServiceServerTestExecutionListener@471e3fe5]
2023-07-25 11:27:00.032  INFO 11780 --- [main] .b.t.c.SpringBootTestContextBootstrapper : Neither @ContextConfiguration nor @ContextHierarchy found for test class [com.electric.serviceImpl.MeterServiceImplTest], using SpringBootContextLoader
2023-07-25 11:27:00.033  INFO 11780 --- [main] o.s.t.c.support.AbstractContextLoader    : Could not detect default resource locations for test class [com.electric.serviceImpl.MeterServiceImplTest]: no resource found for suffixes {-context.xml, Context.groovy}.
2023-07-25 11:27:00.033  INFO 11780 --- [main] t.c.s.AnnotationConfigContextLoaderUtils : Could not detect default configuration classes for test class [com.electric.serviceImpl.MeterServiceImplTest]: MeterServiceImplTest does not declare any static, non-private, non-final, nested classes annotated with @Configuration.
2023-07-25 11:27:00.035  INFO 11780 --- [main] .b.t.c.SpringBootTestContextBootstrapper : Found @SpringBootConfiguration com.electric.ElectricityManagementSystemApplication for test class com.electric.serviceImpl.MeterServiceImplTest
2023-07-25 11:27:00.038  INFO 11780 --- [main] .b.t.c.SpringBootTestContextBootstrapper : Loaded default TestExecutionListener class names from location [META-INF/spring.factories]: [org.springframework.boot.test.mock.mockito.MockitoTestExecutionListener, org.springframework.boot.test.mock.mockito.ResetMocksTestExecutionListener, org.springframework.boot.test.autoconfigure.restdocs.RestDocsTestExecutionListener, org.springframework.boot.test.autoconfigure.web.client.MockRestServiceServerResetTestExecutionListener, org.springframework.boot.test.autoconfigure.web.servlet.MockMvcPrintOnlyOnFailureTestExecutionListener, org.springframework.boot.test.autoconfigure.web.servlet.WebDriverTestExecutionListener, org.springframework.boot.test.autoconfigure.webservices.client.MockWebServiceServerTestExecutionListener, org.springframework.test.context.web.ServletTestExecutionListener, org.springframework.test.context.support.DirtiesContextBeforeModesTestExecutionListener, org.springframework.test.context.event.ApplicationEventsTestExecutionListener, org.springframework.test.context.support.DependencyInjectionTestExecutionListener, org.springframework.test.context.support.DirtiesContextTestExecutionListener, org.springframework.test.context.transaction.TransactionalTestExecutionListener, org.springframework.test.context.jdbc.SqlScriptsTestExecutionListener, org.springframework.test.context.event.EventPublishingTestExecutionListener]
2023-07-25 11:27:00.039  INFO 11780 --- [main] .b.t.c.SpringBootTestContextBootstrapper : Using TestExecutionListeners: [org.springframework.test.context.web.ServletTestExecutionListener@17017b7d, org.springframework.test.context.support.DirtiesContextBeforeModesTestExecutionListener@3eedbc30, org.springframework.test.context.event.ApplicationEventsTestExecutionListener@7e0e9a2d, org.springframework.boot.test.mock.mockito.MockitoTestExecutionListener@6f22b35e, org.springframework.boot.test.autoconfigure.SpringBootDependencyInjectionTestExecutionListener@73e4e754, org.springframework.test.context.support.DirtiesContextTestExecutionListener@20bbc924, org.springframework.test.context.transaction.TransactionalTestExecutionListener@2aeef0ec, org.springframework.test.context.jdbc.SqlScriptsTestExecutionListener@50ac0eac, org.springframework.test.context.event.EventPublishingTestExecutionListener@4a68daa, org.springframework.boot.test.mock.mockito.ResetMocksTestExecutionListener@7a2a96f3, org.springframework.boot.test.autoconfigure.restdocs.RestDocsTestExecutionListener@271e60ca, org.springframework.boot.test.autoconfigure.web.client.MockRestServiceServerResetTestExecutionListener@1777d3eb, org.springframework.boot.test.autoconfigure.web.servlet.MockMvcPrintOnlyOnFailureTestExecutionListener@278cd772, org.springframework.boot.test.autoconfigure.web.servlet.WebDriverTestExecutionListener@93f507e, org.springframework.boot.test.autoconfigure.webservices.client.MockWebServiceServerTestExecutionListener@5df369a3]
2023-07-25 11:27:00.043  INFO 11780 --- [main] c.electric.serviceImpl.MeterServiceImpl  : Deleting meter with ID: 1
2023-07-25 11:27:00.050 ERROR 11780 --- [main] c.electric.serviceImpl.MeterServiceImpl  : Error occurred while retrieving meter by ID: Meter not found with ID: 1
2023-07-25 11:27:00.057  INFO 11780 --- [main] c.electric.serviceImpl.MeterServiceImpl  : Updating meter with ID: 1
2023-07-25 11:27:00.071  INFO 11780 --- [main] c.electric.serviceImpl.MeterServiceImpl  : Retrieving all meters.
2023-07-25 11:27:00.077  INFO 11780 --- [main] c.electric.serviceImpl.MeterServiceImpl  : Saving the meter
2023-07-25 11:27:00.078 ERROR 11780 --- [main] c.electric.serviceImpl.MeterServiceImpl  : Error occurred while saving meter: Error saving meter
2023-07-25 11:27:00.083  INFO 11780 --- [main] c.electric.serviceImpl.MeterServiceImpl  : Saving the meter
2023-07-25 11:27:00.091 ERROR 11780 --- [main] c.electric.serviceImpl.MeterServiceImpl  : Error occurred while updating meter: Meter not found with ID: 1
2023-07-25 11:27:00.096  INFO 11780 --- [main] .b.t.c.SpringBootTestContextBootstrapper : Neither @ContextConfiguration nor @ContextHierarchy found for test class [com.electric.component.DatabaseInitializerTest], using SpringBootContextLoader
2023-07-25 11:27:00.097  INFO 11780 --- [main] o.s.t.c.support.AbstractContextLoader    : Could not detect default resource locations for test class [com.electric.component.DatabaseInitializerTest]: no resource found for suffixes {-context.xml, Context.groovy}.
2023-07-25 11:27:00.098  INFO 11780 --- [main] t.c.s.AnnotationConfigContextLoaderUtils : Could not detect default configuration classes for test class [com.electric.component.DatabaseInitializerTest]: DatabaseInitializerTest does not declare any static, non-private, non-final, nested classes annotated with @Configuration.
2023-07-25 11:27:00.106  INFO 11780 --- [main] .b.t.c.SpringBootTestContextBootstrapper : Found @SpringBootConfiguration com.electric.ElectricityManagementSystemApplication for test class com.electric.component.DatabaseInitializerTest
2023-07-25 11:27:00.108  INFO 11780 --- [main] .b.t.c.SpringBootTestContextBootstrapper : Loaded default TestExecutionListener class names from location [META-INF/spring.factories]: [org.springframework.boot.test.mock.mockito.MockitoTestExecutionListener, org.springframework.boot.test.mock.mockito.ResetMocksTestExecutionListener, org.springframework.boot.test.autoconfigure.restdocs.RestDocsTestExecutionListener, org.springframework.boot.test.autoconfigure.web.client.MockRestServiceServerResetTestExecutionListener, org.springframework.boot.test.autoconfigure.web.servlet.MockMvcPrintOnlyOnFailureTestExecutionListener, org.springframework.boot.test.autoconfigure.web.servlet.WebDriverTestExecutionListener, org.springframework.boot.test.autoconfigure.webservices.client.MockWebServiceServerTestExecutionListener, org.springframework.test.context.web.ServletTestExecutionListener, org.springframework.test.context.support.DirtiesContextBeforeModesTestExecutionListener, org.springframework.test.context.event.ApplicationEventsTestExecutionListener, org.springframework.test.context.support.DependencyInjectionTestExecutionListener, org.springframework.test.context.support.DirtiesContextTestExecutionListener, org.springframework.test.context.transaction.TransactionalTestExecutionListener, org.springframework.test.context.jdbc.SqlScriptsTestExecutionListener, org.springframework.test.context.event.EventPublishingTestExecutionListener]
2023-07-25 11:27:00.108  INFO 11780 --- [main] .b.t.c.SpringBootTestContextBootstrapper : Using TestExecutionListeners: [org.springframework.test.context.web.ServletTestExecutionListener@7775bda9, org.springframework.test.context.support.DirtiesContextBeforeModesTestExecutionListener@38217566, org.springframework.test.context.event.ApplicationEventsTestExecutionListener@5c62fbed, org.springframework.boot.test.mock.mockito.MockitoTestExecutionListener@f17f3c6, org.springframework.boot.test.autoconfigure.SpringBootDependencyInjectionTestExecutionListener@55d58f78, org.springframework.test.context.support.DirtiesContextTestExecutionListener@666c5ae1, org.springframework.test.context.transaction.TransactionalTestExecutionListener@2d9a6852, org.springframework.test.context.jdbc.SqlScriptsTestExecutionListener@1d2337e4, org.springframework.test.context.event.EventPublishingTestExecutionListener@64f4c577, org.springframework.boot.test.mock.mockito.ResetMocksTestExecutionListener@60cb305a, org.springframework.boot.test.autoconfigure.restdocs.RestDocsTestExecutionListener@1e6d1ce9, org.springframework.boot.test.autoconfigure.web.client.MockRestServiceServerResetTestExecutionListener@1a7594d7, org.springframework.boot.test.autoconfigure.web.servlet.MockMvcPrintOnlyOnFailureTestExecutionListener@58e82593, org.springframework.boot.test.autoconfigure.web.servlet.WebDriverTestExecutionListener@61989734, org.springframework.boot.test.autoconfigure.webservices.client.MockWebServiceServerTestExecutionListener@176455ba]
2023-07-25 11:27:00.681  INFO 11780 --- [SpringApplicationShutdownHook] j.LocalContainerEntityManagerFactoryBean : Closing JPA EntityManagerFactory for persistence unit 'default'
2023-07-25 11:27:00.684  INFO 11780 --- [SpringApplicationShutdownHook] com.zaxxer.hikari.HikariDataSource       : HikariPool-1 - Shutdown initiated...
2023-07-25 11:27:00.698  INFO 11780 --- [SpringApplicationShutdownHook] com.zaxxer.hikari.HikariDataSource       : HikariPool-1 - Shutdown completed.
2023-07-25 11:50:01.909  INFO 8188 --- [main] c.e.serviceImpl.EmailServiceImplTest     : Starting EmailServiceImplTest using Java 17.0.8 on GEMGN-210255 with PID 8188 (started by Sanyam.Bansal in C:\Users\sanyam.bansal\Desktop\Demo_Project\Electricity_Management_System\Electricity_Management_System)
2023-07-25 11:50:01.910 DEBUG 8188 --- [main] c.e.serviceImpl.EmailServiceImplTest     : Running with Spring Boot v2.7.12, Spring v5.3.27
2023-07-25 11:50:01.911  INFO 8188 --- [main] c.e.serviceImpl.EmailServiceImplTest     : No active profile set, falling back to 1 default profile: "default"
2023-07-25 11:50:02.623  INFO 8188 --- [main] .s.d.r.c.RepositoryConfigurationDelegate : Bootstrapping Spring Data JPA repositories in DEFAULT mode.
2023-07-25 11:50:02.691  INFO 8188 --- [main] .s.d.r.c.RepositoryConfigurationDelegate : Finished Spring Data repository scanning in 59 ms. Found 3 JPA repository interfaces.
2023-07-25 11:50:03.191  INFO 8188 --- [main] o.hibernate.jpa.internal.util.LogHelper  : HHH000204: Processing PersistenceUnitInfo [name: default]
2023-07-25 11:50:03.236  INFO 8188 --- [main] org.hibernate.Version                    : HHH000412: Hibernate ORM core version 5.6.15.Final
2023-07-25 11:50:03.391  INFO 8188 --- [main] o.hibernate.annotations.common.Version   : HCANN000001: Hibernate Commons Annotations {5.1.2.Final}
2023-07-25 11:50:03.529  INFO 8188 --- [main] com.zaxxer.hikari.HikariDataSource       : HikariPool-1 - Starting...
2023-07-25 11:50:03.818  INFO 8188 --- [main] com.zaxxer.hikari.HikariDataSource       : HikariPool-1 - Start completed.
2023-07-25 11:50:03.843  INFO 8188 --- [main] org.hibernate.dialect.Dialect            : HHH000400: Using dialect: org.hibernate.dialect.MySQL8Dialect
2023-07-25 11:50:04.445  INFO 8188 --- [main] o.h.e.t.j.p.i.JtaPlatformInitiator       : HHH000490: Using JtaPlatform implementation: [org.hibernate.engine.transaction.jta.platform.internal.NoJtaPlatform]
2023-07-25 11:50:04.453  INFO 8188 --- [main] j.LocalContainerEntityManagerFactoryBean : Initialized JPA EntityManagerFactory for persistence unit 'default'
2023-07-25 11:50:05.205  WARN 8188 --- [main] JpaBaseConfiguration$JpaWebConfiguration : spring.jpa.open-in-view is enabled by default. Therefore, database queries may be performed during view rendering. Explicitly configure spring.jpa.open-in-view to disable this warning
2023-07-25 11:50:05.466  INFO 8188 --- [main] pertySourcedRequestMappingHandlerMapping : Mapped URL path [/v2/api-docs] onto method [springfox.documentation.swagger2.web.Swagger2Controller#getDocumentation(String, HttpServletRequest)]
2023-07-25 11:50:06.017  INFO 8188 --- [main] d.s.w.p.DocumentationPluginsBootstrapper : Context refreshed
2023-07-25 11:50:06.040  INFO 8188 --- [main] d.s.w.p.DocumentationPluginsBootstrapper : Found 1 custom documentation plugin(s)
2023-07-25 11:50:06.069  INFO 8188 --- [main] s.d.s.w.s.ApiListingReferenceScanner     : Scanning for api listing references
2023-07-25 11:50:06.206  INFO 8188 --- [main] c.e.serviceImpl.EmailServiceImplTest     : Started EmailServiceImplTest in 4.576 seconds (JVM running for 5.321)
2023-07-25 11:50:06.563  INFO 8188 --- [SpringApplicationShutdownHook] j.LocalContainerEntityManagerFactoryBean : Closing JPA EntityManagerFactory for persistence unit 'default'
2023-07-25 11:50:06.568  INFO 8188 --- [SpringApplicationShutdownHook] com.zaxxer.hikari.HikariDataSource       : HikariPool-1 - Shutdown initiated...
2023-07-25 11:50:06.578  INFO 8188 --- [SpringApplicationShutdownHook] com.zaxxer.hikari.HikariDataSource       : HikariPool-1 - Shutdown completed.
2023-07-25 11:50:21.891  INFO 10644 --- [main] ctricityManagementSystemApplicationTests : Starting ElectricityManagementSystemApplicationTests using Java 17.0.8 on GEMGN-210255 with PID 10644 (started by Sanyam.Bansal in C:\Users\sanyam.bansal\Desktop\Demo_Project\Electricity_Management_System\Electricity_Management_System)
2023-07-25 11:50:21.893 DEBUG 10644 --- [main] ctricityManagementSystemApplicationTests : Running with Spring Boot v2.7.12, Spring v5.3.27
2023-07-25 11:50:21.893  INFO 10644 --- [main] ctricityManagementSystemApplicationTests : No active profile set, falling back to 1 default profile: "default"
2023-07-25 11:50:22.951  INFO 10644 --- [main] .s.d.r.c.RepositoryConfigurationDelegate : Bootstrapping Spring Data JPA repositories in DEFAULT mode.
2023-07-25 11:50:23.030  INFO 10644 --- [main] .s.d.r.c.RepositoryConfigurationDelegate : Finished Spring Data repository scanning in 67 ms. Found 3 JPA repository interfaces.
2023-07-25 11:50:23.716  INFO 10644 --- [main] o.hibernate.jpa.internal.util.LogHelper  : HHH000204: Processing PersistenceUnitInfo [name: default]
2023-07-25 11:50:23.772  INFO 10644 --- [main] org.hibernate.Version                    : HHH000412: Hibernate ORM core version 5.6.15.Final
2023-07-25 11:50:23.822  INFO 10644 --- [main] o.hibernate.annotations.common.Version   : HCANN000001: Hibernate Commons Annotations {5.1.2.Final}
2023-07-25 11:50:23.991  INFO 10644 --- [main] com.zaxxer.hikari.HikariDataSource       : HikariPool-1 - Starting...
2023-07-25 11:50:24.394  INFO 10644 --- [main] com.zaxxer.hikari.HikariDataSource       : HikariPool-1 - Start completed.
2023-07-25 11:50:24.444  INFO 10644 --- [main] org.hibernate.dialect.Dialect            : HHH000400: Using dialect: org.hibernate.dialect.MySQL8Dialect
2023-07-25 11:50:25.276  INFO 10644 --- [main] o.h.e.t.j.p.i.JtaPlatformInitiator       : HHH000490: Using JtaPlatform implementation: [org.hibernate.engine.transaction.jta.platform.internal.NoJtaPlatform]
2023-07-25 11:50:25.287  INFO 10644 --- [main] j.LocalContainerEntityManagerFactoryBean : Initialized JPA EntityManagerFactory for persistence unit 'default'
2023-07-25 11:50:26.298  WARN 10644 --- [main] JpaBaseConfiguration$JpaWebConfiguration : spring.jpa.open-in-view is enabled by default. Therefore, database queries may be performed during view rendering. Explicitly configure spring.jpa.open-in-view to disable this warning
2023-07-25 11:50:26.619  INFO 10644 --- [main] pertySourcedRequestMappingHandlerMapping : Mapped URL path [/v2/api-docs] onto method [springfox.documentation.swagger2.web.Swagger2Controller#getDocumentation(String, HttpServletRequest)]
2023-07-25 11:50:27.363  INFO 10644 --- [main] d.s.w.p.DocumentationPluginsBootstrapper : Context refreshed
2023-07-25 11:50:27.393  INFO 10644 --- [main] d.s.w.p.DocumentationPluginsBootstrapper : Found 1 custom documentation plugin(s)
2023-07-25 11:50:27.437  INFO 10644 --- [main] s.d.s.w.s.ApiListingReferenceScanner     : Scanning for api listing references
2023-07-25 11:50:27.670  INFO 10644 --- [main] ctricityManagementSystemApplicationTests : Started ElectricityManagementSystemApplicationTests in 6.235 seconds (JVM running for 8.713)
2023-07-25 11:50:27.756  INFO 10644 --- [main] .b.t.c.SpringBootTestContextBootstrapper : Neither @ContextConfiguration nor @ContextHierarchy found for test class [com.electric.controller.MeterControllerTest], using SpringBootContextLoader
2023-07-25 11:50:27.758  INFO 10644 --- [main] o.s.t.c.support.AbstractContextLoader    : Could not detect default resource locations for test class [com.electric.controller.MeterControllerTest]: no resource found for suffixes {-context.xml, Context.groovy}.
2023-07-25 11:50:27.759  INFO 10644 --- [main] t.c.s.AnnotationConfigContextLoaderUtils : Could not detect default configuration classes for test class [com.electric.controller.MeterControllerTest]: MeterControllerTest does not declare any static, non-private, non-final, nested classes annotated with @Configuration.
2023-07-25 11:50:27.772  INFO 10644 --- [main] .b.t.c.SpringBootTestContextBootstrapper : Found @SpringBootConfiguration com.electric.ElectricityManagementSystemApplication for test class com.electric.controller.MeterControllerTest
2023-07-25 11:50:27.774  INFO 10644 --- [main] .b.t.c.SpringBootTestContextBootstrapper : Loaded default TestExecutionListener class names from location [META-INF/spring.factories]: [org.springframework.boot.test.mock.mockito.MockitoTestExecutionListener, org.springframework.boot.test.mock.mockito.ResetMocksTestExecutionListener, org.springframework.boot.test.autoconfigure.restdocs.RestDocsTestExecutionListener, org.springframework.boot.test.autoconfigure.web.client.MockRestServiceServerResetTestExecutionListener, org.springframework.boot.test.autoconfigure.web.servlet.MockMvcPrintOnlyOnFailureTestExecutionListener, org.springframework.boot.test.autoconfigure.web.servlet.WebDriverTestExecutionListener, org.springframework.boot.test.autoconfigure.webservices.client.MockWebServiceServerTestExecutionListener, org.springframework.test.context.web.ServletTestExecutionListener, org.springframework.test.context.support.DirtiesContextBeforeModesTestExecutionListener, org.springframework.test.context.event.ApplicationEventsTestExecutionListener, org.springframework.test.context.support.DependencyInjectionTestExecutionListener, org.springframework.test.context.support.DirtiesContextTestExecutionListener, org.springframework.test.context.transaction.TransactionalTestExecutionListener, org.springframework.test.context.jdbc.SqlScriptsTestExecutionListener, org.springframework.test.context.event.EventPublishingTestExecutionListener]
2023-07-25 11:50:27.775  INFO 10644 --- [main] .b.t.c.SpringBootTestContextBootstrapper : Using TestExecutionListeners: [org.springframework.test.context.web.ServletTestExecutionListener@21275d4a, org.springframework.test.context.support.DirtiesContextBeforeModesTestExecutionListener@483c5880, org.springframework.test.context.event.ApplicationEventsTestExecutionListener@4fa2e6b8, org.springframework.boot.test.mock.mockito.MockitoTestExecutionListener@35590829, org.springframework.boot.test.autoconfigure.SpringBootDependencyInjectionTestExecutionListener@2e8fdec5, org.springframework.test.context.support.DirtiesContextTestExecutionListener@4dd6bcc, org.springframework.test.context.transaction.TransactionalTestExecutionListener@5c12dac9, org.springframework.test.context.jdbc.SqlScriptsTestExecutionListener@21778922, org.springframework.test.context.event.EventPublishingTestExecutionListener@71de023f, org.springframework.boot.test.mock.mockito.ResetMocksTestExecutionListener@1eb294c3, org.springframework.boot.test.autoconfigure.restdocs.RestDocsTestExecutionListener@54bcc14e, org.springframework.boot.test.autoconfigure.web.client.MockRestServiceServerResetTestExecutionListener@491f7c62, org.springframework.boot.test.autoconfigure.web.servlet.MockMvcPrintOnlyOnFailureTestExecutionListener@48d14084, org.springframework.boot.test.autoconfigure.web.servlet.WebDriverTestExecutionListener@424fd1d1, org.springframework.boot.test.autoconfigure.webservices.client.MockWebServiceServerTestExecutionListener@70cbce67]
2023-07-25 11:50:27.803  INFO 10644 --- [main] com.electric.controller.MeterController  : Updated meter with ID: 1
2023-07-25 11:50:27.815  INFO 10644 --- [main] com.electric.controller.MeterController  : Deleted meter with ID: 1
2023-07-25 11:50:27.834  INFO 10644 --- [main] com.electric.controller.MeterController  : Created meter with ID: null
2023-07-25 11:50:27.845 ERROR 10644 --- [main] com.electric.controller.MeterController  : Meter not found with ID: 1
2023-07-25 11:50:27.852  WARN 10644 --- [main] com.electric.controller.MeterController  : No meters found
2023-07-25 11:50:27.860  INFO 10644 --- [main] com.electric.controller.MeterController  : Retrieved all meters. Count: 3
2023-07-25 11:50:27.864  INFO 10644 --- [main] .b.t.c.SpringBootTestContextBootstrapper : Neither @ContextConfiguration nor @ContextHierarchy found for test class [com.electric.controller.SupplierControllerTest], using SpringBootContextLoader
2023-07-25 11:50:27.866  INFO 10644 --- [main] o.s.t.c.support.AbstractContextLoader    : Could not detect default resource locations for test class [com.electric.controller.SupplierControllerTest]: no resource found for suffixes {-context.xml, Context.groovy}.
2023-07-25 11:50:27.866  INFO 10644 --- [main] t.c.s.AnnotationConfigContextLoaderUtils : Could not detect default configuration classes for test class [com.electric.controller.SupplierControllerTest]: SupplierControllerTest does not declare any static, non-private, non-final, nested classes annotated with @Configuration.
2023-07-25 11:50:27.868  INFO 10644 --- [main] .b.t.c.SpringBootTestContextBootstrapper : Found @SpringBootConfiguration com.electric.ElectricityManagementSystemApplication for test class com.electric.controller.SupplierControllerTest
2023-07-25 11:50:27.870  INFO 10644 --- [main] .b.t.c.SpringBootTestContextBootstrapper : Loaded default TestExecutionListener class names from location [META-INF/spring.factories]: [org.springframework.boot.test.mock.mockito.MockitoTestExecutionListener, org.springframework.boot.test.mock.mockito.ResetMocksTestExecutionListener, org.springframework.boot.test.autoconfigure.restdocs.RestDocsTestExecutionListener, org.springframework.boot.test.autoconfigure.web.client.MockRestServiceServerResetTestExecutionListener, org.springframework.boot.test.autoconfigure.web.servlet.MockMvcPrintOnlyOnFailureTestExecutionListener, org.springframework.boot.test.autoconfigure.web.servlet.WebDriverTestExecutionListener, org.springframework.boot.test.autoconfigure.webservices.client.MockWebServiceServerTestExecutionListener, org.springframework.test.context.web.ServletTestExecutionListener, org.springframework.test.context.support.DirtiesContextBeforeModesTestExecutionListener, org.springframework.test.context.event.ApplicationEventsTestExecutionListener, org.springframework.test.context.support.DependencyInjectionTestExecutionListener, org.springframework.test.context.support.DirtiesContextTestExecutionListener, org.springframework.test.context.transaction.TransactionalTestExecutionListener, org.springframework.test.context.jdbc.SqlScriptsTestExecutionListener, org.springframework.test.context.event.EventPublishingTestExecutionListener]
2023-07-25 11:50:27.871  INFO 10644 --- [main] .b.t.c.SpringBootTestContextBootstrapper : Using TestExecutionListeners: [org.springframework.test.context.web.ServletTestExecutionListener@d59a45d, org.springframework.test.context.support.DirtiesContextBeforeModesTestExecutionListener@72afaee3, org.springframework.test.context.event.ApplicationEventsTestExecutionListener@33a95758, org.springframework.boot.test.mock.mockito.MockitoTestExecutionListener@41671912, org.springframework.boot.test.autoconfigure.SpringBootDependencyInjectionTestExecutionListener@15c362f, org.springframework.test.context.support.DirtiesContextTestExecutionListener@e8b4851, org.springframework.test.context.transaction.TransactionalTestExecutionListener@77e1dd4f, org.springframework.test.context.jdbc.SqlScriptsTestExecutionListener@eb7e528, org.springframework.test.context.event.EventPublishingTestExecutionListener@6e3a479f, org.springframework.boot.test.mock.mockito.ResetMocksTestExecutionListener@3a2743c9, org.springframework.boot.test.autoconfigure.restdocs.RestDocsTestExecutionListener@43d5fa67, org.springframework.boot.test.autoconfigure.web.client.MockRestServiceServerResetTestExecutionListener@72fac990, org.springframework.boot.test.autoconfigure.web.servlet.MockMvcPrintOnlyOnFailureTestExecutionListener@4e406eef, org.springframework.boot.test.autoconfigure.web.servlet.WebDriverTestExecutionListener@4ef955e5, org.springframework.boot.test.autoconfigure.webservices.client.MockWebServiceServerTestExecutionListener@2213889f]
2023-07-25 11:50:27.905  INFO 10644 --- [main] c.e.controller.SupplierController        : Updating supplier with ID: 1
2023-07-25 11:50:27.912  INFO 10644 --- [main] c.e.controller.SupplierController        : Creating a new supplier
2023-07-25 11:50:27.918  INFO 10644 --- [main] c.e.controller.SupplierController        : Retrieving customers for supplier with ID: 1
2023-07-25 11:50:27.920  WARN 10644 --- [main] c.e.controller.SupplierController        : No customer found with associated supplier
2023-07-25 11:50:27.927  INFO 10644 --- [main] c.e.controller.SupplierController        : Retrieving supplier by ID: 1
2023-07-25 11:50:27.935  INFO 10644 --- [main] c.e.controller.SupplierController        : Retrieved all suppliers. Count: 2
2023-07-25 11:50:27.942  INFO 10644 --- [main] c.e.controller.SupplierController        : Retrieving customers for supplier with ID: 1
2023-07-25 11:50:27.950  INFO 10644 --- [main] c.e.controller.SupplierController        : Retrieving supplier by ID: 1
2023-07-25 11:50:27.951 ERROR 10644 --- [main] c.e.controller.SupplierController        : Supplier not found with ID: 1
2023-07-25 11:50:27.958  INFO 10644 --- [main] c.e.controller.SupplierController        : Updating supplier with ID: 100
2023-07-25 11:50:27.958 ERROR 10644 --- [main] c.e.controller.SupplierController        : Supplier not found with ID: 100
2023-07-25 11:50:27.967  WARN 10644 --- [main] c.e.controller.SupplierController        : No suppliers found
2023-07-25 11:50:27.970  INFO 10644 --- [main] .b.t.c.SpringBootTestContextBootstrapper : Neither @ContextConfiguration nor @ContextHierarchy found for test class [com.electric.controller.CustomerControllerTest], using SpringBootContextLoader
2023-07-25 11:50:27.971  INFO 10644 --- [main] o.s.t.c.support.AbstractContextLoader    : Could not detect default resource locations for test class [com.electric.controller.CustomerControllerTest]: no resource found for suffixes {-context.xml, Context.groovy}.
2023-07-25 11:50:27.971  INFO 10644 --- [main] t.c.s.AnnotationConfigContextLoaderUtils : Could not detect default configuration classes for test class [com.electric.controller.CustomerControllerTest]: CustomerControllerTest does not declare any static, non-private, non-final, nested classes annotated with @Configuration.
2023-07-25 11:50:27.973  INFO 10644 --- [main] .b.t.c.SpringBootTestContextBootstrapper : Found @SpringBootConfiguration com.electric.ElectricityManagementSystemApplication for test class com.electric.controller.CustomerControllerTest
2023-07-25 11:50:27.975  INFO 10644 --- [main] .b.t.c.SpringBootTestContextBootstrapper : Loaded default TestExecutionListener class names from location [META-INF/spring.factories]: [org.springframework.boot.test.mock.mockito.MockitoTestExecutionListener, org.springframework.boot.test.mock.mockito.ResetMocksTestExecutionListener, org.springframework.boot.test.autoconfigure.restdocs.RestDocsTestExecutionListener, org.springframework.boot.test.autoconfigure.web.client.MockRestServiceServerResetTestExecutionListener, org.springframework.boot.test.autoconfigure.web.servlet.MockMvcPrintOnlyOnFailureTestExecutionListener, org.springframework.boot.test.autoconfigure.web.servlet.WebDriverTestExecutionListener, org.springframework.boot.test.autoconfigure.webservices.client.MockWebServiceServerTestExecutionListener, org.springframework.test.context.web.ServletTestExecutionListener, org.springframework.test.context.support.DirtiesContextBeforeModesTestExecutionListener, org.springframework.test.context.event.ApplicationEventsTestExecutionListener, org.springframework.test.context.support.DependencyInjectionTestExecutionListener, org.springframework.test.context.support.DirtiesContextTestExecutionListener, org.springframework.test.context.transaction.TransactionalTestExecutionListener, org.springframework.test.context.jdbc.SqlScriptsTestExecutionListener, org.springframework.test.context.event.EventPublishingTestExecutionListener]
2023-07-25 11:50:27.976  INFO 10644 --- [main] .b.t.c.SpringBootTestContextBootstrapper : Using TestExecutionListeners: [org.springframework.test.context.web.ServletTestExecutionListener@31a872bd, org.springframework.test.context.support.DirtiesContextBeforeModesTestExecutionListener@2c67f6e, org.springframework.test.context.event.ApplicationEventsTestExecutionListener@a1fd643, org.springframework.boot.test.mock.mockito.MockitoTestExecutionListener@33e3a1a9, org.springframework.boot.test.autoconfigure.SpringBootDependencyInjectionTestExecutionListener@41ac10f2, org.springframework.test.context.support.DirtiesContextTestExecutionListener@70a03aa6, org.springframework.test.context.transaction.TransactionalTestExecutionListener@479473f, org.springframework.test.context.jdbc.SqlScriptsTestExecutionListener@2a3950f0, org.springframework.test.context.event.EventPublishingTestExecutionListener@bb3fec5, org.springframework.boot.test.mock.mockito.ResetMocksTestExecutionListener@7a37901f, org.springframework.boot.test.autoconfigure.restdocs.RestDocsTestExecutionListener@343960d9, org.springframework.boot.test.autoconfigure.web.client.MockRestServiceServerResetTestExecutionListener@5467087e, org.springframework.boot.test.autoconfigure.web.servlet.MockMvcPrintOnlyOnFailureTestExecutionListener@403681e1, org.springframework.boot.test.autoconfigure.web.servlet.WebDriverTestExecutionListener@6474690, org.springframework.boot.test.autoconfigure.webservices.client.MockWebServiceServerTestExecutionListener@7987d129]
2023-07-25 11:50:27.997 ERROR 10644 --- [main] c.e.controller.CustomerController        : Customer not found with ID: {}

java.util.NoSuchElementException: No customer exists with given id. 1
	at com.electric.controller.CustomerController.getCustomer(CustomerController.java:77) ~[classes/:na]
	at com.electric.controller.CustomerControllerTest.lambda$1(CustomerControllerTest.java:108) ~[test-classes/:na]
	at org.junit.jupiter.api.AssertThrows.assertThrows(AssertThrows.java:55) ~[junit-jupiter-api-5.8.2.jar:5.8.2]
	at org.junit.jupiter.api.AssertThrows.assertThrows(AssertThrows.java:37) ~[junit-jupiter-api-5.8.2.jar:5.8.2]
	at org.junit.jupiter.api.Assertions.assertThrows(Assertions.java:3082) ~[junit-jupiter-api-5.8.2.jar:5.8.2]
	at com.electric.controller.CustomerControllerTest.testGetCustomer_NotFound(CustomerControllerTest.java:107) ~[test-classes/:na]
	at java.base/jdk.internal.reflect.NativeMethodAccessorImpl.invoke0(Native Method) ~[na:na]
	at java.base/jdk.internal.reflect.NativeMethodAccessorImpl.invoke(NativeMethodAccessorImpl.java:77) ~[na:na]
	at java.base/jdk.internal.reflect.DelegatingMethodAccessorImpl.invoke(DelegatingMethodAccessorImpl.java:43) ~[na:na]
	at java.base/java.lang.reflect.Method.invoke(Method.java:568) ~[na:na]
	at org.junit.platform.commons.util.ReflectionUtils.invokeMethod(ReflectionUtils.java:725) ~[junit-platform-commons-1.8.2.jar:1.8.2]
	at org.junit.jupiter.engine.execution.MethodInvocation.proceed(MethodInvocation.java:60) ~[junit-jupiter-engine-5.8.2.jar:5.8.2]
	at org.junit.jupiter.engine.execution.InvocationInterceptorChain$ValidatingInvocation.proceed(InvocationInterceptorChain.java:131) ~[junit-jupiter-engine-5.8.2.jar:5.8.2]
	at org.junit.jupiter.engine.extension.TimeoutExtension.intercept(TimeoutExtension.java:149) ~[junit-jupiter-engine-5.8.2.jar:5.8.2]
	at org.junit.jupiter.engine.extension.TimeoutExtension.interceptTestableMethod(TimeoutExtension.java:140) ~[junit-jupiter-engine-5.8.2.jar:5.8.2]
	at org.junit.jupiter.engine.extension.TimeoutExtension.interceptTestMethod(TimeoutExtension.java:84) ~[junit-jupiter-engine-5.8.2.jar:5.8.2]
	at org.junit.jupiter.engine.execution.ExecutableInvoker$ReflectiveInterceptorCall.lambda$ofVoidMethod$0(ExecutableInvoker.java:115) ~[junit-jupiter-engine-5.8.2.jar:5.8.2]
	at org.junit.jupiter.engine.execution.ExecutableInvoker.lambda$invoke$0(ExecutableInvoker.java:105) ~[junit-jupiter-engine-5.8.2.jar:5.8.2]
	at org.junit.jupiter.engine.execution.InvocationInterceptorChain$InterceptedInvocation.proceed(InvocationInterceptorChain.java:106) ~[junit-jupiter-engine-5.8.2.jar:5.8.2]
	at org.junit.jupiter.engine.execution.InvocationInterceptorChain.proceed(InvocationInterceptorChain.java:64) ~[junit-jupiter-engine-5.8.2.jar:5.8.2]
	at org.junit.jupiter.engine.execution.InvocationInterceptorChain.chainAndInvoke(InvocationInterceptorChain.java:45) ~[junit-jupiter-engine-5.8.2.jar:5.8.2]
	at org.junit.jupiter.engine.execution.InvocationInterceptorChain.invoke(InvocationInterceptorChain.java:37) ~[junit-jupiter-engine-5.8.2.jar:5.8.2]
	at org.junit.jupiter.engine.execution.ExecutableInvoker.invoke(ExecutableInvoker.java:104) ~[junit-jupiter-engine-5.8.2.jar:5.8.2]
	at org.junit.jupiter.engine.execution.ExecutableInvoker.invoke(ExecutableInvoker.java:98) ~[junit-jupiter-engine-5.8.2.jar:5.8.2]
	at org.junit.jupiter.engine.descriptor.TestMethodTestDescriptor.lambda$invokeTestMethod$7(TestMethodTestDescriptor.java:214) ~[junit-jupiter-engine-5.8.2.jar:5.8.2]
	at org.junit.platform.engine.support.hierarchical.ThrowableCollector.execute(ThrowableCollector.java:73) ~[junit-platform-engine-1.8.2.jar:1.8.2]
	at org.junit.jupiter.engine.descriptor.TestMethodTestDescriptor.invokeTestMethod(TestMethodTestDescriptor.java:210) ~[junit-jupiter-engine-5.8.2.jar:5.8.2]
	at org.junit.jupiter.engine.descriptor.TestMethodTestDescriptor.execute(TestMethodTestDescriptor.java:135) ~[junit-jupiter-engine-5.8.2.jar:5.8.2]
	at org.junit.jupiter.engine.descriptor.TestMethodTestDescriptor.execute(TestMethodTestDescriptor.java:66) ~[junit-jupiter-engine-5.8.2.jar:5.8.2]
	at org.junit.platform.engine.support.hierarchical.NodeTestTask.lambda$executeRecursively$6(NodeTestTask.java:151) ~[junit-platform-engine-1.8.2.jar:1.8.2]
	at org.junit.platform.engine.support.hierarchical.ThrowableCollector.execute(ThrowableCollector.java:73) ~[junit-platform-engine-1.8.2.jar:1.8.2]
	at org.junit.platform.engine.support.hierarchical.NodeTestTask.lambda$executeRecursively$8(NodeTestTask.java:141) ~[junit-platform-engine-1.8.2.jar:1.8.2]
	at org.junit.platform.engine.support.hierarchical.Node.around(Node.java:137) ~[junit-platform-engine-1.8.2.jar:1.8.2]
	at org.junit.platform.engine.support.hierarchical.NodeTestTask.lambda$executeRecursively$9(NodeTestTask.java:139) ~[junit-platform-engine-1.8.2.jar:1.8.2]
	at org.junit.platform.engine.support.hierarchical.ThrowableCollector.execute(ThrowableCollector.java:73) ~[junit-platform-engine-1.8.2.jar:1.8.2]
	at org.junit.platform.engine.support.hierarchical.NodeTestTask.executeRecursively(NodeTestTask.java:138) ~[junit-platform-engine-1.8.2.jar:1.8.2]
	at org.junit.platform.engine.support.hierarchical.NodeTestTask.execute(NodeTestTask.java:95) ~[junit-platform-engine-1.8.2.jar:1.8.2]
	at java.base/java.util.ArrayList.forEach(ArrayList.java:1511) ~[na:na]
	at org.junit.platform.engine.support.hierarchical.SameThreadHierarchicalTestExecutorService.invokeAll(SameThreadHierarchicalTestExecutorService.java:41) ~[junit-platform-engine-1.8.2.jar:1.8.2]
	at org.junit.platform.engine.support.hierarchical.NodeTestTask.lambda$executeRecursively$6(NodeTestTask.java:155) ~[junit-platform-engine-1.8.2.jar:1.8.2]
	at org.junit.platform.engine.support.hierarchical.ThrowableCollector.execute(ThrowableCollector.java:73) ~[junit-platform-engine-1.8.2.jar:1.8.2]
	at org.junit.platform.engine.support.hierarchical.NodeTestTask.lambda$executeRecursively$8(NodeTestTask.java:141) ~[junit-platform-engine-1.8.2.jar:1.8.2]
	at org.junit.platform.engine.support.hierarchical.Node.around(Node.java:137) ~[junit-platform-engine-1.8.2.jar:1.8.2]
	at org.junit.platform.engine.support.hierarchical.NodeTestTask.lambda$executeRecursively$9(NodeTestTask.java:139) ~[junit-platform-engine-1.8.2.jar:1.8.2]
	at org.junit.platform.engine.support.hierarchical.ThrowableCollector.execute(ThrowableCollector.java:73) ~[junit-platform-engine-1.8.2.jar:1.8.2]
	at org.junit.platform.engine.support.hierarchical.NodeTestTask.executeRecursively(NodeTestTask.java:138) ~[junit-platform-engine-1.8.2.jar:1.8.2]
	at org.junit.platform.engine.support.hierarchical.NodeTestTask.execute(NodeTestTask.java:95) ~[junit-platform-engine-1.8.2.jar:1.8.2]
	at java.base/java.util.ArrayList.forEach(ArrayList.java:1511) ~[na:na]
	at org.junit.platform.engine.support.hierarchical.SameThreadHierarchicalTestExecutorService.invokeAll(SameThreadHierarchicalTestExecutorService.java:41) ~[junit-platform-engine-1.8.2.jar:1.8.2]
	at org.junit.platform.engine.support.hierarchical.NodeTestTask.lambda$executeRecursively$6(NodeTestTask.java:155) ~[junit-platform-engine-1.8.2.jar:1.8.2]
	at org.junit.platform.engine.support.hierarchical.ThrowableCollector.execute(ThrowableCollector.java:73) ~[junit-platform-engine-1.8.2.jar:1.8.2]
	at org.junit.platform.engine.support.hierarchical.NodeTestTask.lambda$executeRecursively$8(NodeTestTask.java:141) ~[junit-platform-engine-1.8.2.jar:1.8.2]
	at org.junit.platform.engine.support.hierarchical.Node.around(Node.java:137) ~[junit-platform-engine-1.8.2.jar:1.8.2]
	at org.junit.platform.engine.support.hierarchical.NodeTestTask.lambda$executeRecursively$9(NodeTestTask.java:139) ~[junit-platform-engine-1.8.2.jar:1.8.2]
	at org.junit.platform.engine.support.hierarchical.ThrowableCollector.execute(ThrowableCollector.java:73) ~[junit-platform-engine-1.8.2.jar:1.8.2]
	at org.junit.platform.engine.support.hierarchical.NodeTestTask.executeRecursively(NodeTestTask.java:138) ~[junit-platform-engine-1.8.2.jar:1.8.2]
	at org.junit.platform.engine.support.hierarchical.NodeTestTask.execute(NodeTestTask.java:95) ~[junit-platform-engine-1.8.2.jar:1.8.2]
	at org.junit.platform.engine.support.hierarchical.SameThreadHierarchicalTestExecutorService.submit(SameThreadHierarchicalTestExecutorService.java:35) ~[junit-platform-engine-1.8.2.jar:1.8.2]
	at org.junit.platform.engine.support.hierarchical.HierarchicalTestExecutor.execute(HierarchicalTestExecutor.java:57) ~[junit-platform-engine-1.8.2.jar:1.8.2]
	at org.junit.platform.engine.support.hierarchical.HierarchicalTestEngine.execute(HierarchicalTestEngine.java:54) ~[junit-platform-engine-1.8.2.jar:1.8.2]
	at org.junit.platform.launcher.core.EngineExecutionOrchestrator.execute(EngineExecutionOrchestrator.java:107) ~[junit-platform-launcher-1.8.2.jar:1.8.2]
	at org.junit.platform.launcher.core.EngineExecutionOrchestrator.execute(EngineExecutionOrchestrator.java:88) ~[junit-platform-launcher-1.8.2.jar:1.8.2]
	at org.junit.platform.launcher.core.EngineExecutionOrchestrator.lambda$execute$0(EngineExecutionOrchestrator.java:54) ~[junit-platform-launcher-1.8.2.jar:1.8.2]
	at org.junit.platform.launcher.core.EngineExecutionOrchestrator.withInterceptedStreams(EngineExecutionOrchestrator.java:67) ~[junit-platform-launcher-1.8.2.jar:1.8.2]
	at org.junit.platform.launcher.core.EngineExecutionOrchestrator.execute(EngineExecutionOrchestrator.java:52) ~[junit-platform-launcher-1.8.2.jar:1.8.2]
	at org.junit.platform.launcher.core.DefaultLauncher.execute(DefaultLauncher.java:114) ~[junit-platform-launcher-1.8.2.jar:1.8.2]
	at org.junit.platform.launcher.core.DefaultLauncher.execute(DefaultLauncher.java:95) ~[junit-platform-launcher-1.8.2.jar:1.8.2]
	at org.junit.platform.launcher.core.DefaultLauncherSession$DelegatingLauncher.execute(DefaultLauncherSession.java:91) ~[junit-platform-launcher-1.8.2.jar:1.8.2]
	at org.junit.platform.launcher.core.SessionPerRequestLauncher.execute(SessionPerRequestLauncher.java:60) ~[junit-platform-launcher-1.8.2.jar:1.8.2]
	at org.eclipse.jdt.internal.junit5.runner.JUnit5TestReference.run(JUnit5TestReference.java:98) ~[.cp/:na]
	at org.eclipse.jdt.internal.junit.runner.TestExecution.run(TestExecution.java:40) ~[.cp/:na]
	at org.eclipse.jdt.internal.junit.runner.RemoteTestRunner.runTests(RemoteTestRunner.java:529) ~[.cp/:na]
	at org.eclipse.jdt.internal.junit.runner.RemoteTestRunner.runTests(RemoteTestRunner.java:756) ~[.cp/:na]
	at org.eclipse.jdt.internal.junit.runner.RemoteTestRunner.run(RemoteTestRunner.java:452) ~[.cp/:na]
	at org.eclipse.jdt.internal.junit.runner.RemoteTestRunner.main(RemoteTestRunner.java:210) ~[.cp/:na]

2023-07-25 11:50:28.011 ERROR 10644 --- [main] c.e.controller.CustomerController        : Customer not found with ID: 10
2023-07-25 11:50:28.019  INFO 10644 --- [main] c.e.controller.CustomerController        : Updated customer with ID: 1
2023-07-25 11:50:28.028 ERROR 10644 --- [main] c.e.controller.CustomerController        : Error creating customer: Internal Server Error

java.lang.RuntimeException: Internal Server Error
	at com.electric.controller.CustomerController.createCustomer(CustomerController.java:55) ~[classes/:na]
	at com.electric.controller.CustomerControllerTest.lambda$0(CustomerControllerTest.java:73) ~[test-classes/:na]
	at org.junit.jupiter.api.AssertThrows.assertThrows(AssertThrows.java:55) ~[junit-jupiter-api-5.8.2.jar:5.8.2]
	at org.junit.jupiter.api.AssertThrows.assertThrows(AssertThrows.java:37) ~[junit-jupiter-api-5.8.2.jar:5.8.2]
	at org.junit.jupiter.api.Assertions.assertThrows(Assertions.java:3082) ~[junit-jupiter-api-5.8.2.jar:5.8.2]
	at com.electric.controller.CustomerControllerTest.testCreateCustomer_Exception(CustomerControllerTest.java:72) ~[test-classes/:na]
	at java.base/jdk.internal.reflect.NativeMethodAccessorImpl.invoke0(Native Method) ~[na:na]
	at java.base/jdk.internal.reflect.NativeMethodAccessorImpl.invoke(NativeMethodAccessorImpl.java:77) ~[na:na]
	at java.base/jdk.internal.reflect.DelegatingMethodAccessorImpl.invoke(DelegatingMethodAccessorImpl.java:43) ~[na:na]
	at java.base/java.lang.reflect.Method.invoke(Method.java:568) ~[na:na]
	at org.junit.platform.commons.util.ReflectionUtils.invokeMethod(ReflectionUtils.java:725) ~[junit-platform-commons-1.8.2.jar:1.8.2]
	at org.junit.jupiter.engine.execution.MethodInvocation.proceed(MethodInvocation.java:60) ~[junit-jupiter-engine-5.8.2.jar:5.8.2]
	at org.junit.jupiter.engine.execution.InvocationInterceptorChain$ValidatingInvocation.proceed(InvocationInterceptorChain.java:131) ~[junit-jupiter-engine-5.8.2.jar:5.8.2]
	at org.junit.jupiter.engine.extension.TimeoutExtension.intercept(TimeoutExtension.java:149) ~[junit-jupiter-engine-5.8.2.jar:5.8.2]
	at org.junit.jupiter.engine.extension.TimeoutExtension.interceptTestableMethod(TimeoutExtension.java:140) ~[junit-jupiter-engine-5.8.2.jar:5.8.2]
	at org.junit.jupiter.engine.extension.TimeoutExtension.interceptTestMethod(TimeoutExtension.java:84) ~[junit-jupiter-engine-5.8.2.jar:5.8.2]
	at org.junit.jupiter.engine.execution.ExecutableInvoker$ReflectiveInterceptorCall.lambda$ofVoidMethod$0(ExecutableInvoker.java:115) ~[junit-jupiter-engine-5.8.2.jar:5.8.2]
	at org.junit.jupiter.engine.execution.ExecutableInvoker.lambda$invoke$0(ExecutableInvoker.java:105) ~[junit-jupiter-engine-5.8.2.jar:5.8.2]
	at org.junit.jupiter.engine.execution.InvocationInterceptorChain$InterceptedInvocation.proceed(InvocationInterceptorChain.java:106) ~[junit-jupiter-engine-5.8.2.jar:5.8.2]
	at org.junit.jupiter.engine.execution.InvocationInterceptorChain.proceed(InvocationInterceptorChain.java:64) ~[junit-jupiter-engine-5.8.2.jar:5.8.2]
	at org.junit.jupiter.engine.execution.InvocationInterceptorChain.chainAndInvoke(InvocationInterceptorChain.java:45) ~[junit-jupiter-engine-5.8.2.jar:5.8.2]
	at org.junit.jupiter.engine.execution.InvocationInterceptorChain.invoke(InvocationInterceptorChain.java:37) ~[junit-jupiter-engine-5.8.2.jar:5.8.2]
	at org.junit.jupiter.engine.execution.ExecutableInvoker.invoke(ExecutableInvoker.java:104) ~[junit-jupiter-engine-5.8.2.jar:5.8.2]
	at org.junit.jupiter.engine.execution.ExecutableInvoker.invoke(ExecutableInvoker.java:98) ~[junit-jupiter-engine-5.8.2.jar:5.8.2]
	at org.junit.jupiter.engine.descriptor.TestMethodTestDescriptor.lambda$invokeTestMethod$7(TestMethodTestDescriptor.java:214) ~[junit-jupiter-engine-5.8.2.jar:5.8.2]
	at org.junit.platform.engine.support.hierarchical.ThrowableCollector.execute(ThrowableCollector.java:73) ~[junit-platform-engine-1.8.2.jar:1.8.2]
	at org.junit.jupiter.engine.descriptor.TestMethodTestDescriptor.invokeTestMethod(TestMethodTestDescriptor.java:210) ~[junit-jupiter-engine-5.8.2.jar:5.8.2]
	at org.junit.jupiter.engine.descriptor.TestMethodTestDescriptor.execute(TestMethodTestDescriptor.java:135) ~[junit-jupiter-engine-5.8.2.jar:5.8.2]
	at org.junit.jupiter.engine.descriptor.TestMethodTestDescriptor.execute(TestMethodTestDescriptor.java:66) ~[junit-jupiter-engine-5.8.2.jar:5.8.2]
	at org.junit.platform.engine.support.hierarchical.NodeTestTask.lambda$executeRecursively$6(NodeTestTask.java:151) ~[junit-platform-engine-1.8.2.jar:1.8.2]
	at org.junit.platform.engine.support.hierarchical.ThrowableCollector.execute(ThrowableCollector.java:73) ~[junit-platform-engine-1.8.2.jar:1.8.2]
	at org.junit.platform.engine.support.hierarchical.NodeTestTask.lambda$executeRecursively$8(NodeTestTask.java:141) ~[junit-platform-engine-1.8.2.jar:1.8.2]
	at org.junit.platform.engine.support.hierarchical.Node.around(Node.java:137) ~[junit-platform-engine-1.8.2.jar:1.8.2]
	at org.junit.platform.engine.support.hierarchical.NodeTestTask.lambda$executeRecursively$9(NodeTestTask.java:139) ~[junit-platform-engine-1.8.2.jar:1.8.2]
	at org.junit.platform.engine.support.hierarchical.ThrowableCollector.execute(ThrowableCollector.java:73) ~[junit-platform-engine-1.8.2.jar:1.8.2]
	at org.junit.platform.engine.support.hierarchical.NodeTestTask.executeRecursively(NodeTestTask.java:138) ~[junit-platform-engine-1.8.2.jar:1.8.2]
	at org.junit.platform.engine.support.hierarchical.NodeTestTask.execute(NodeTestTask.java:95) ~[junit-platform-engine-1.8.2.jar:1.8.2]
	at java.base/java.util.ArrayList.forEach(ArrayList.java:1511) ~[na:na]
	at org.junit.platform.engine.support.hierarchical.SameThreadHierarchicalTestExecutorService.invokeAll(SameThreadHierarchicalTestExecutorService.java:41) ~[junit-platform-engine-1.8.2.jar:1.8.2]
	at org.junit.platform.engine.support.hierarchical.NodeTestTask.lambda$executeRecursively$6(NodeTestTask.java:155) ~[junit-platform-engine-1.8.2.jar:1.8.2]
	at org.junit.platform.engine.support.hierarchical.ThrowableCollector.execute(ThrowableCollector.java:73) ~[junit-platform-engine-1.8.2.jar:1.8.2]
	at org.junit.platform.engine.support.hierarchical.NodeTestTask.lambda$executeRecursively$8(NodeTestTask.java:141) ~[junit-platform-engine-1.8.2.jar:1.8.2]
	at org.junit.platform.engine.support.hierarchical.Node.around(Node.java:137) ~[junit-platform-engine-1.8.2.jar:1.8.2]
	at org.junit.platform.engine.support.hierarchical.NodeTestTask.lambda$executeRecursively$9(NodeTestTask.java:139) ~[junit-platform-engine-1.8.2.jar:1.8.2]
	at org.junit.platform.engine.support.hierarchical.ThrowableCollector.execute(ThrowableCollector.java:73) ~[junit-platform-engine-1.8.2.jar:1.8.2]
	at org.junit.platform.engine.support.hierarchical.NodeTestTask.executeRecursively(NodeTestTask.java:138) ~[junit-platform-engine-1.8.2.jar:1.8.2]
	at org.junit.platform.engine.support.hierarchical.NodeTestTask.execute(NodeTestTask.java:95) ~[junit-platform-engine-1.8.2.jar:1.8.2]
	at java.base/java.util.ArrayList.forEach(ArrayList.java:1511) ~[na:na]
	at org.junit.platform.engine.support.hierarchical.SameThreadHierarchicalTestExecutorService.invokeAll(SameThreadHierarchicalTestExecutorService.java:41) ~[junit-platform-engine-1.8.2.jar:1.8.2]
	at org.junit.platform.engine.support.hierarchical.NodeTestTask.lambda$executeRecursively$6(NodeTestTask.java:155) ~[junit-platform-engine-1.8.2.jar:1.8.2]
	at org.junit.platform.engine.support.hierarchical.ThrowableCollector.execute(ThrowableCollector.java:73) ~[junit-platform-engine-1.8.2.jar:1.8.2]
	at org.junit.platform.engine.support.hierarchical.NodeTestTask.lambda$executeRecursively$8(NodeTestTask.java:141) ~[junit-platform-engine-1.8.2.jar:1.8.2]
	at org.junit.platform.engine.support.hierarchical.Node.around(Node.java:137) ~[junit-platform-engine-1.8.2.jar:1.8.2]
	at org.junit.platform.engine.support.hierarchical.NodeTestTask.lambda$executeRecursively$9(NodeTestTask.java:139) ~[junit-platform-engine-1.8.2.jar:1.8.2]
	at org.junit.platform.engine.support.hierarchical.ThrowableCollector.execute(ThrowableCollector.java:73) ~[junit-platform-engine-1.8.2.jar:1.8.2]
	at org.junit.platform.engine.support.hierarchical.NodeTestTask.executeRecursively(NodeTestTask.java:138) ~[junit-platform-engine-1.8.2.jar:1.8.2]
	at org.junit.platform.engine.support.hierarchical.NodeTestTask.execute(NodeTestTask.java:95) ~[junit-platform-engine-1.8.2.jar:1.8.2]
	at org.junit.platform.engine.support.hierarchical.SameThreadHierarchicalTestExecutorService.submit(SameThreadHierarchicalTestExecutorService.java:35) ~[junit-platform-engine-1.8.2.jar:1.8.2]
	at org.junit.platform.engine.support.hierarchical.HierarchicalTestExecutor.execute(HierarchicalTestExecutor.java:57) ~[junit-platform-engine-1.8.2.jar:1.8.2]
	at org.junit.platform.engine.support.hierarchical.HierarchicalTestEngine.execute(HierarchicalTestEngine.java:54) ~[junit-platform-engine-1.8.2.jar:1.8.2]
	at org.junit.platform.launcher.core.EngineExecutionOrchestrator.execute(EngineExecutionOrchestrator.java:107) ~[junit-platform-launcher-1.8.2.jar:1.8.2]
	at org.junit.platform.launcher.core.EngineExecutionOrchestrator.execute(EngineExecutionOrchestrator.java:88) ~[junit-platform-launcher-1.8.2.jar:1.8.2]
	at org.junit.platform.launcher.core.EngineExecutionOrchestrator.lambda$execute$0(EngineExecutionOrchestrator.java:54) ~[junit-platform-launcher-1.8.2.jar:1.8.2]
	at org.junit.platform.launcher.core.EngineExecutionOrchestrator.withInterceptedStreams(EngineExecutionOrchestrator.java:67) ~[junit-platform-launcher-1.8.2.jar:1.8.2]
	at org.junit.platform.launcher.core.EngineExecutionOrchestrator.execute(EngineExecutionOrchestrator.java:52) ~[junit-platform-launcher-1.8.2.jar:1.8.2]
	at org.junit.platform.launcher.core.DefaultLauncher.execute(DefaultLauncher.java:114) ~[junit-platform-launcher-1.8.2.jar:1.8.2]
	at org.junit.platform.launcher.core.DefaultLauncher.execute(DefaultLauncher.java:95) ~[junit-platform-launcher-1.8.2.jar:1.8.2]
	at org.junit.platform.launcher.core.DefaultLauncherSession$DelegatingLauncher.execute(DefaultLauncherSession.java:91) ~[junit-platform-launcher-1.8.2.jar:1.8.2]
	at org.junit.platform.launcher.core.SessionPerRequestLauncher.execute(SessionPerRequestLauncher.java:60) ~[junit-platform-launcher-1.8.2.jar:1.8.2]
	at org.eclipse.jdt.internal.junit5.runner.JUnit5TestReference.run(JUnit5TestReference.java:98) ~[.cp/:na]
	at org.eclipse.jdt.internal.junit.runner.TestExecution.run(TestExecution.java:40) ~[.cp/:na]
	at org.eclipse.jdt.internal.junit.runner.RemoteTestRunner.runTests(RemoteTestRunner.java:529) ~[.cp/:na]
	at org.eclipse.jdt.internal.junit.runner.RemoteTestRunner.runTests(RemoteTestRunner.java:756) ~[.cp/:na]
	at org.eclipse.jdt.internal.junit.runner.RemoteTestRunner.run(RemoteTestRunner.java:452) ~[.cp/:na]
	at org.eclipse.jdt.internal.junit.runner.RemoteTestRunner.main(RemoteTestRunner.java:210) ~[.cp/:na]

2023-07-25 11:50:28.037  INFO 10644 --- [main] c.e.controller.CustomerController        : Created customer with ID: 1
2023-07-25 11:50:28.050  WARN 10644 --- [main] c.e.controller.CustomerController        : Customer not found with ID: 1
2023-07-25 11:50:28.061  WARN 10644 --- [main] c.e.controller.CustomerController        : Customer not found with ID: 1
2023-07-25 11:50:28.071  INFO 10644 --- [main] c.e.controller.CustomerController        : Calculated bill for customer with ID: 1
2023-07-25 11:50:28.082  INFO 10644 --- [main] c.e.controller.CustomerController        : Deleted customer with ID: 1
2023-07-25 11:50:28.090  INFO 10644 --- [main] c.e.controller.CustomerController        : Retrieved customer by ID: 1
2023-07-25 11:50:28.097  INFO 10644 --- [main] .b.t.c.SpringBootTestContextBootstrapper : Neither @ContextConfiguration nor @ContextHierarchy found for test class [com.electric.serviceImpl.CustomerServiceImplTest], using SpringBootContextLoader
2023-07-25 11:50:28.098  INFO 10644 --- [main] o.s.t.c.support.AbstractContextLoader    : Could not detect default resource locations for test class [com.electric.serviceImpl.CustomerServiceImplTest]: no resource found for suffixes {-context.xml, Context.groovy}.
2023-07-25 11:50:28.099  INFO 10644 --- [main] t.c.s.AnnotationConfigContextLoaderUtils : Could not detect default configuration classes for test class [com.electric.serviceImpl.CustomerServiceImplTest]: CustomerServiceImplTest does not declare any static, non-private, non-final, nested classes annotated with @Configuration.
2023-07-25 11:50:28.110  INFO 10644 --- [main] .b.t.c.SpringBootTestContextBootstrapper : Found @SpringBootConfiguration com.electric.ElectricityManagementSystemApplication for test class com.electric.serviceImpl.CustomerServiceImplTest
2023-07-25 11:50:28.112  INFO 10644 --- [main] .b.t.c.SpringBootTestContextBootstrapper : Loaded default TestExecutionListener class names from location [META-INF/spring.factories]: [org.springframework.boot.test.mock.mockito.MockitoTestExecutionListener, org.springframework.boot.test.mock.mockito.ResetMocksTestExecutionListener, org.springframework.boot.test.autoconfigure.restdocs.RestDocsTestExecutionListener, org.springframework.boot.test.autoconfigure.web.client.MockRestServiceServerResetTestExecutionListener, org.springframework.boot.test.autoconfigure.web.servlet.MockMvcPrintOnlyOnFailureTestExecutionListener, org.springframework.boot.test.autoconfigure.web.servlet.WebDriverTestExecutionListener, org.springframework.boot.test.autoconfigure.webservices.client.MockWebServiceServerTestExecutionListener, org.springframework.test.context.web.ServletTestExecutionListener, org.springframework.test.context.support.DirtiesContextBeforeModesTestExecutionListener, org.springframework.test.context.event.ApplicationEventsTestExecutionListener, org.springframework.test.context.support.DependencyInjectionTestExecutionListener, org.springframework.test.context.support.DirtiesContextTestExecutionListener, org.springframework.test.context.transaction.TransactionalTestExecutionListener, org.springframework.test.context.jdbc.SqlScriptsTestExecutionListener, org.springframework.test.context.event.EventPublishingTestExecutionListener]
2023-07-25 11:50:28.115  INFO 10644 --- [main] .b.t.c.SpringBootTestContextBootstrapper : Using TestExecutionListeners: [org.springframework.test.context.web.ServletTestExecutionListener@1fa3f72, org.springframework.test.context.support.DirtiesContextBeforeModesTestExecutionListener@6b874125, org.springframework.test.context.event.ApplicationEventsTestExecutionListener@49029e1d, org.springframework.boot.test.mock.mockito.MockitoTestExecutionListener@7d001f48, org.springframework.boot.test.autoconfigure.SpringBootDependencyInjectionTestExecutionListener@2d51be35, org.springframework.test.context.support.DirtiesContextTestExecutionListener@7c0e5cd3, org.springframework.test.context.transaction.TransactionalTestExecutionListener@2121c739, org.springframework.test.context.jdbc.SqlScriptsTestExecutionListener@5ca6660a, org.springframework.test.context.event.EventPublishingTestExecutionListener@7ca6dbbd, org.springframework.boot.test.mock.mockito.ResetMocksTestExecutionListener@72c0e83e, org.springframework.boot.test.autoconfigure.restdocs.RestDocsTestExecutionListener@5df7f150, org.springframework.boot.test.autoconfigure.web.client.MockRestServiceServerResetTestExecutionListener@320e5ad2, org.springframework.boot.test.autoconfigure.web.servlet.MockMvcPrintOnlyOnFailureTestExecutionListener@78bf141d, org.springframework.boot.test.autoconfigure.web.servlet.WebDriverTestExecutionListener@d4b922c, org.springframework.boot.test.autoconfigure.webservices.client.MockWebServiceServerTestExecutionListener@6fd48fa4]
2023-07-25 11:50:28.242  INFO 10644 --- [main] c.e.serviceImpl.CustomerServiceImpl      : Retrieving customer by ID: 1
2023-07-25 11:50:28.254 ERROR 10644 --- [main] c.e.serviceImpl.CustomerServiceImpl      : Error occurred while retrieving customer by ID: Customer not found with ID: 1
2023-07-25 11:50:28.261 ERROR 10644 --- [main] c.e.serviceImpl.CustomerServiceImpl      : Error occurred while updating customer: Customer not found with ID: 1
2023-07-25 11:50:28.273  INFO 10644 --- [main] c.e.serviceImpl.CustomerServiceImpl      : Retrieving all customers. Total count: 2
2023-07-25 11:50:28.284  INFO 10644 --- [main] c.e.serviceImpl.CustomerServiceImpl      : Customer saved successfully. Customer ID: null
2023-07-25 11:50:28.288  INFO 10644 --- [main] c.e.serviceImpl.CustomerServiceImpl      : Updating customer. Customer ID: 1
2023-07-25 11:50:28.300  INFO 10644 --- [main] c.e.serviceImpl.CustomerServiceImpl      : Customer saved successfully. Customer ID: 1
2023-07-25 11:50:28.318  INFO 10644 --- [main] c.e.serviceImpl.CustomerServiceImpl      : Customer saved successfully. Customer ID: null
2023-07-25 11:50:28.324  INFO 10644 --- [main] c.e.serviceImpl.CustomerServiceImpl      : Calculating bill for customer. Customer ID: 1, Bill Amount: 2850.0
2023-07-25 11:50:28.331 ERROR 10644 --- [main] c.e.serviceImpl.CustomerServiceImpl      : Error occurred while calculating bill of the customer: Customer not found with ID: 1
2023-07-25 11:50:28.334  INFO 10644 --- [main] .b.t.c.SpringBootTestContextBootstrapper : Neither @ContextConfiguration nor @ContextHierarchy found for test class [com.electric.serviceImpl.SupplierServiceImplTest], using SpringBootContextLoader
2023-07-25 11:50:28.335  INFO 10644 --- [main] o.s.t.c.support.AbstractContextLoader    : Could not detect default resource locations for test class [com.electric.serviceImpl.SupplierServiceImplTest]: no resource found for suffixes {-context.xml, Context.groovy}.
2023-07-25 11:50:28.336  INFO 10644 --- [main] t.c.s.AnnotationConfigContextLoaderUtils : Could not detect default configuration classes for test class [com.electric.serviceImpl.SupplierServiceImplTest]: SupplierServiceImplTest does not declare any static, non-private, non-final, nested classes annotated with @Configuration.
2023-07-25 11:50:28.338  INFO 10644 --- [main] .b.t.c.SpringBootTestContextBootstrapper : Found @SpringBootConfiguration com.electric.ElectricityManagementSystemApplication for test class com.electric.serviceImpl.SupplierServiceImplTest
2023-07-25 11:50:28.340  INFO 10644 --- [main] .b.t.c.SpringBootTestContextBootstrapper : Loaded default TestExecutionListener class names from location [META-INF/spring.factories]: [org.springframework.boot.test.mock.mockito.MockitoTestExecutionListener, org.springframework.boot.test.mock.mockito.ResetMocksTestExecutionListener, org.springframework.boot.test.autoconfigure.restdocs.RestDocsTestExecutionListener, org.springframework.boot.test.autoconfigure.web.client.MockRestServiceServerResetTestExecutionListener, org.springframework.boot.test.autoconfigure.web.servlet.MockMvcPrintOnlyOnFailureTestExecutionListener, org.springframework.boot.test.autoconfigure.web.servlet.WebDriverTestExecutionListener, org.springframework.boot.test.autoconfigure.webservices.client.MockWebServiceServerTestExecutionListener, org.springframework.test.context.web.ServletTestExecutionListener, org.springframework.test.context.support.DirtiesContextBeforeModesTestExecutionListener, org.springframework.test.context.event.ApplicationEventsTestExecutionListener, org.springframework.test.context.support.DependencyInjectionTestExecutionListener, org.springframework.test.context.support.DirtiesContextTestExecutionListener, org.springframework.test.context.transaction.TransactionalTestExecutionListener, org.springframework.test.context.jdbc.SqlScriptsTestExecutionListener, org.springframework.test.context.event.EventPublishingTestExecutionListener]
2023-07-25 11:50:28.341  INFO 10644 --- [main] .b.t.c.SpringBootTestContextBootstrapper : Using TestExecutionListeners: [org.springframework.test.context.web.ServletTestExecutionListener@452710be, org.springframework.test.context.support.DirtiesContextBeforeModesTestExecutionListener@3bc184b0, org.springframework.test.context.event.ApplicationEventsTestExecutionListener@11fb91e7, org.springframework.boot.test.mock.mockito.MockitoTestExecutionListener@307951f5, org.springframework.boot.test.autoconfigure.SpringBootDependencyInjectionTestExecutionListener@4d2605a4, org.springframework.test.context.support.DirtiesContextTestExecutionListener@7af5ecb4, org.springframework.test.context.transaction.TransactionalTestExecutionListener@37cc3ea4, org.springframework.test.context.jdbc.SqlScriptsTestExecutionListener@4d403751, org.springframework.test.context.event.EventPublishingTestExecutionListener@30361078, org.springframework.boot.test.mock.mockito.ResetMocksTestExecutionListener@6573ca86, org.springframework.boot.test.autoconfigure.restdocs.RestDocsTestExecutionListener@331cf192, org.springframework.boot.test.autoconfigure.web.client.MockRestServiceServerResetTestExecutionListener@7faaa21f, org.springframework.boot.test.autoconfigure.web.servlet.MockMvcPrintOnlyOnFailureTestExecutionListener@7f9fd842, org.springframework.boot.test.autoconfigure.web.servlet.WebDriverTestExecutionListener@4c30acd, org.springframework.boot.test.autoconfigure.webservices.client.MockWebServiceServerTestExecutionListener@5007fba6]
2023-07-25 11:50:28.347  INFO 10644 --- [main] c.electric.serviceImpl.MeterServiceImpl  : Updating supplier with ID: 1
2023-07-25 11:50:28.354  INFO 10644 --- [main] c.electric.serviceImpl.MeterServiceImpl  : Retrieving all Suppliers.
2023-07-25 11:50:28.372  INFO 10644 --- [main] c.electric.serviceImpl.MeterServiceImpl  : Saving the Supplier
2023-07-25 11:50:28.373 ERROR 10644 --- [main] c.electric.serviceImpl.MeterServiceImpl  : Error occurred while saving supplier: Error saving supplier
2023-07-25 11:50:28.381  INFO 10644 --- [main] c.electric.serviceImpl.MeterServiceImpl  : Deleting the supplier th ID : 1
2023-07-25 11:50:28.387  INFO 10644 --- [main] c.electric.serviceImpl.MeterServiceImpl  : Retrieving supplier with ID: 1
2023-07-25 11:50:28.394  INFO 10644 --- [main] c.electric.serviceImpl.MeterServiceImpl  : Saving the Supplier
2023-07-25 11:50:28.400 ERROR 10644 --- [main] c.electric.serviceImpl.MeterServiceImpl  : Error occurred while retrieving supplier by ID: 1
2023-07-25 11:50:28.407  INFO 10644 --- [main] c.electric.serviceImpl.MeterServiceImpl  : Retrieving supplier with ID: 1
2023-07-25 11:50:28.407 ERROR 10644 --- [main] c.electric.serviceImpl.MeterServiceImpl  : Error occurred while retrieving supplier by ID: 1
2023-07-25 11:50:28.412  INFO 10644 --- [main] .b.t.c.SpringBootTestContextBootstrapper : Neither @ContextConfiguration nor @ContextHierarchy found for test class [com.electric.serviceImpl.EmailServiceImplTest], using SpringBootContextLoader
2023-07-25 11:50:28.414  INFO 10644 --- [main] o.s.t.c.support.AbstractContextLoader    : Could not detect default resource locations for test class [com.electric.serviceImpl.EmailServiceImplTest]: no resource found for suffixes {-context.xml, Context.groovy}.
2023-07-25 11:50:28.415  INFO 10644 --- [main] t.c.s.AnnotationConfigContextLoaderUtils : Could not detect default configuration classes for test class [com.electric.serviceImpl.EmailServiceImplTest]: EmailServiceImplTest does not declare any static, non-private, non-final, nested classes annotated with @Configuration.
2023-07-25 11:50:28.417  INFO 10644 --- [main] .b.t.c.SpringBootTestContextBootstrapper : Found @SpringBootConfiguration com.electric.ElectricityManagementSystemApplication for test class com.electric.serviceImpl.EmailServiceImplTest
2023-07-25 11:50:28.419  INFO 10644 --- [main] .b.t.c.SpringBootTestContextBootstrapper : Loaded default TestExecutionListener class names from location [META-INF/spring.factories]: [org.springframework.boot.test.mock.mockito.MockitoTestExecutionListener, org.springframework.boot.test.mock.mockito.ResetMocksTestExecutionListener, org.springframework.boot.test.autoconfigure.restdocs.RestDocsTestExecutionListener, org.springframework.boot.test.autoconfigure.web.client.MockRestServiceServerResetTestExecutionListener, org.springframework.boot.test.autoconfigure.web.servlet.MockMvcPrintOnlyOnFailureTestExecutionListener, org.springframework.boot.test.autoconfigure.web.servlet.WebDriverTestExecutionListener, org.springframework.boot.test.autoconfigure.webservices.client.MockWebServiceServerTestExecutionListener, org.springframework.test.context.web.ServletTestExecutionListener, org.springframework.test.context.support.DirtiesContextBeforeModesTestExecutionListener, org.springframework.test.context.event.ApplicationEventsTestExecutionListener, org.springframework.test.context.support.DependencyInjectionTestExecutionListener, org.springframework.test.context.support.DirtiesContextTestExecutionListener, org.springframework.test.context.transaction.TransactionalTestExecutionListener, org.springframework.test.context.jdbc.SqlScriptsTestExecutionListener, org.springframework.test.context.event.EventPublishingTestExecutionListener]
2023-07-25 11:50:28.420  INFO 10644 --- [main] .b.t.c.SpringBootTestContextBootstrapper : Using TestExecutionListeners: [org.springframework.test.context.web.ServletTestExecutionListener@6aae5a28, org.springframework.test.context.support.DirtiesContextBeforeModesTestExecutionListener@34e2e1e7, org.springframework.test.context.event.ApplicationEventsTestExecutionListener@79c74143, org.springframework.boot.test.mock.mockito.MockitoTestExecutionListener@35d38d55, org.springframework.boot.test.autoconfigure.SpringBootDependencyInjectionTestExecutionListener@2d34fedd, org.springframework.test.context.support.DirtiesContextTestExecutionListener@efacf45, org.springframework.test.context.transaction.TransactionalTestExecutionListener@4df45a80, org.springframework.test.context.jdbc.SqlScriptsTestExecutionListener@6464df4e, org.springframework.test.context.event.EventPublishingTestExecutionListener@6e2c1709, org.springframework.boot.test.mock.mockito.ResetMocksTestExecutionListener@36747d6e, org.springframework.boot.test.autoconfigure.restdocs.RestDocsTestExecutionListener@593b117a, org.springframework.boot.test.autoconfigure.web.client.MockRestServiceServerResetTestExecutionListener@1b673bbc, org.springframework.boot.test.autoconfigure.web.servlet.MockMvcPrintOnlyOnFailureTestExecutionListener@15fdf386, org.springframework.boot.test.autoconfigure.web.servlet.WebDriverTestExecutionListener@77635a, org.springframework.boot.test.autoconfigure.webservices.client.MockWebServiceServerTestExecutionListener@1c612ef]
2023-07-25 11:50:28.608  INFO 10644 --- [main] .b.t.c.SpringBootTestContextBootstrapper : Neither @ContextConfiguration nor @ContextHierarchy found for test class [com.electric.serviceImpl.MeterServiceImplTest], using SpringBootContextLoader
2023-07-25 11:50:28.609  INFO 10644 --- [main] o.s.t.c.support.AbstractContextLoader    : Could not detect default resource locations for test class [com.electric.serviceImpl.MeterServiceImplTest]: no resource found for suffixes {-context.xml, Context.groovy}.
2023-07-25 11:50:28.609  INFO 10644 --- [main] t.c.s.AnnotationConfigContextLoaderUtils : Could not detect default configuration classes for test class [com.electric.serviceImpl.MeterServiceImplTest]: MeterServiceImplTest does not declare any static, non-private, non-final, nested classes annotated with @Configuration.
2023-07-25 11:50:28.612  INFO 10644 --- [main] .b.t.c.SpringBootTestContextBootstrapper : Found @SpringBootConfiguration com.electric.ElectricityManagementSystemApplication for test class com.electric.serviceImpl.MeterServiceImplTest
2023-07-25 11:50:28.615  INFO 10644 --- [main] .b.t.c.SpringBootTestContextBootstrapper : Loaded default TestExecutionListener class names from location [META-INF/spring.factories]: [org.springframework.boot.test.mock.mockito.MockitoTestExecutionListener, org.springframework.boot.test.mock.mockito.ResetMocksTestExecutionListener, org.springframework.boot.test.autoconfigure.restdocs.RestDocsTestExecutionListener, org.springframework.boot.test.autoconfigure.web.client.MockRestServiceServerResetTestExecutionListener, org.springframework.boot.test.autoconfigure.web.servlet.MockMvcPrintOnlyOnFailureTestExecutionListener, org.springframework.boot.test.autoconfigure.web.servlet.WebDriverTestExecutionListener, org.springframework.boot.test.autoconfigure.webservices.client.MockWebServiceServerTestExecutionListener, org.springframework.test.context.web.ServletTestExecutionListener, org.springframework.test.context.support.DirtiesContextBeforeModesTestExecutionListener, org.springframework.test.context.event.ApplicationEventsTestExecutionListener, org.springframework.test.context.support.DependencyInjectionTestExecutionListener, org.springframework.test.context.support.DirtiesContextTestExecutionListener, org.springframework.test.context.transaction.TransactionalTestExecutionListener, org.springframework.test.context.jdbc.SqlScriptsTestExecutionListener, org.springframework.test.context.event.EventPublishingTestExecutionListener]
2023-07-25 11:50:28.616  INFO 10644 --- [main] .b.t.c.SpringBootTestContextBootstrapper : Using TestExecutionListeners: [org.springframework.test.context.web.ServletTestExecutionListener@2f9934f2, org.springframework.test.context.support.DirtiesContextBeforeModesTestExecutionListener@2785b3c8, org.springframework.test.context.event.ApplicationEventsTestExecutionListener@5af7e70, org.springframework.boot.test.mock.mockito.MockitoTestExecutionListener@56200a9b, org.springframework.boot.test.autoconfigure.SpringBootDependencyInjectionTestExecutionListener@30f88a09, org.springframework.test.context.support.DirtiesContextTestExecutionListener@3ae9642d, org.springframework.test.context.transaction.TransactionalTestExecutionListener@44cbc1fe, org.springframework.test.context.jdbc.SqlScriptsTestExecutionListener@12696f2e, org.springframework.test.context.event.EventPublishingTestExecutionListener@663517a8, org.springframework.boot.test.mock.mockito.ResetMocksTestExecutionListener@178cdf4f, org.springframework.boot.test.autoconfigure.restdocs.RestDocsTestExecutionListener@d522871, org.springframework.boot.test.autoconfigure.web.client.MockRestServiceServerResetTestExecutionListener@549b26ea, org.springframework.boot.test.autoconfigure.web.servlet.MockMvcPrintOnlyOnFailureTestExecutionListener@1adde386, org.springframework.boot.test.autoconfigure.web.servlet.WebDriverTestExecutionListener@6bda3135, org.springframework.boot.test.autoconfigure.webservices.client.MockWebServiceServerTestExecutionListener@77578d9f]
2023-07-25 11:50:28.621  INFO 10644 --- [main] c.electric.serviceImpl.MeterServiceImpl  : Deleting meter with ID: 1
2023-07-25 11:50:28.627 ERROR 10644 --- [main] c.electric.serviceImpl.MeterServiceImpl  : Error occurred while retrieving meter by ID: Meter not found with ID: 1
2023-07-25 11:50:28.633  INFO 10644 --- [main] c.electric.serviceImpl.MeterServiceImpl  : Updating meter with ID: 1
2023-07-25 11:50:28.641  INFO 10644 --- [main] c.electric.serviceImpl.MeterServiceImpl  : Retrieving all meters.
2023-07-25 11:50:28.646  INFO 10644 --- [main] c.electric.serviceImpl.MeterServiceImpl  : Saving the meter
2023-07-25 11:50:28.647 ERROR 10644 --- [main] c.electric.serviceImpl.MeterServiceImpl  : Error occurred while saving meter: Error saving meter
2023-07-25 11:50:28.652  INFO 10644 --- [main] c.electric.serviceImpl.MeterServiceImpl  : Saving the meter
2023-07-25 11:50:28.657 ERROR 10644 --- [main] c.electric.serviceImpl.MeterServiceImpl  : Error occurred while updating meter: Meter not found with ID: 1
2023-07-25 11:50:28.661  INFO 10644 --- [main] .b.t.c.SpringBootTestContextBootstrapper : Neither @ContextConfiguration nor @ContextHierarchy found for test class [com.electric.component.DatabaseInitializerTest], using SpringBootContextLoader
2023-07-25 11:50:28.662  INFO 10644 --- [main] o.s.t.c.support.AbstractContextLoader    : Could not detect default resource locations for test class [com.electric.component.DatabaseInitializerTest]: no resource found for suffixes {-context.xml, Context.groovy}.
2023-07-25 11:50:28.662  INFO 10644 --- [main] t.c.s.AnnotationConfigContextLoaderUtils : Could not detect default configuration classes for test class [com.electric.component.DatabaseInitializerTest]: DatabaseInitializerTest does not declare any static, non-private, non-final, nested classes annotated with @Configuration.
2023-07-25 11:50:28.668  INFO 10644 --- [main] .b.t.c.SpringBootTestContextBootstrapper : Found @SpringBootConfiguration com.electric.ElectricityManagementSystemApplication for test class com.electric.component.DatabaseInitializerTest
2023-07-25 11:50:28.670  INFO 10644 --- [main] .b.t.c.SpringBootTestContextBootstrapper : Loaded default TestExecutionListener class names from location [META-INF/spring.factories]: [org.springframework.boot.test.mock.mockito.MockitoTestExecutionListener, org.springframework.boot.test.mock.mockito.ResetMocksTestExecutionListener, org.springframework.boot.test.autoconfigure.restdocs.RestDocsTestExecutionListener, org.springframework.boot.test.autoconfigure.web.client.MockRestServiceServerResetTestExecutionListener, org.springframework.boot.test.autoconfigure.web.servlet.MockMvcPrintOnlyOnFailureTestExecutionListener, org.springframework.boot.test.autoconfigure.web.servlet.WebDriverTestExecutionListener, org.springframework.boot.test.autoconfigure.webservices.client.MockWebServiceServerTestExecutionListener, org.springframework.test.context.web.ServletTestExecutionListener, org.springframework.test.context.support.DirtiesContextBeforeModesTestExecutionListener, org.springframework.test.context.event.ApplicationEventsTestExecutionListener, org.springframework.test.context.support.DependencyInjectionTestExecutionListener, org.springframework.test.context.support.DirtiesContextTestExecutionListener, org.springframework.test.context.transaction.TransactionalTestExecutionListener, org.springframework.test.context.jdbc.SqlScriptsTestExecutionListener, org.springframework.test.context.event.EventPublishingTestExecutionListener]
2023-07-25 11:50:28.671  INFO 10644 --- [main] .b.t.c.SpringBootTestContextBootstrapper : Using TestExecutionListeners: [org.springframework.test.context.web.ServletTestExecutionListener@2d15387e, org.springframework.test.context.support.DirtiesContextBeforeModesTestExecutionListener@70344c2d, org.springframework.test.context.event.ApplicationEventsTestExecutionListener@7046a503, org.springframework.boot.test.mock.mockito.MockitoTestExecutionListener@64e95bb0, org.springframework.boot.test.autoconfigure.SpringBootDependencyInjectionTestExecutionListener@60bb599b, org.springframework.test.context.support.DirtiesContextTestExecutionListener@32bc2485, org.springframework.test.context.transaction.TransactionalTestExecutionListener@7717f16c, org.springframework.test.context.jdbc.SqlScriptsTestExecutionListener@598d00e5, org.springframework.test.context.event.EventPublishingTestExecutionListener@6340fdce, org.springframework.boot.test.mock.mockito.ResetMocksTestExecutionListener@300b752f, org.springframework.boot.test.autoconfigure.restdocs.RestDocsTestExecutionListener@78df7ed3, org.springframework.boot.test.autoconfigure.web.client.MockRestServiceServerResetTestExecutionListener@4964d305, org.springframework.boot.test.autoconfigure.web.servlet.MockMvcPrintOnlyOnFailureTestExecutionListener@2d2ef96a, org.springframework.boot.test.autoconfigure.web.servlet.WebDriverTestExecutionListener@46e743ed, org.springframework.boot.test.autoconfigure.webservices.client.MockWebServiceServerTestExecutionListener@454d9404]
2023-07-25 11:50:29.382  INFO 10644 --- [SpringApplicationShutdownHook] j.LocalContainerEntityManagerFactoryBean : Closing JPA EntityManagerFactory for persistence unit 'default'
2023-07-25 11:50:29.395  INFO 10644 --- [SpringApplicationShutdownHook] com.zaxxer.hikari.HikariDataSource       : HikariPool-1 - Shutdown initiated...
2023-07-25 11:50:29.422  INFO 10644 --- [SpringApplicationShutdownHook] com.zaxxer.hikari.HikariDataSource       : HikariPool-1 - Shutdown completed.
2023-07-25 11:54:31.291  INFO 14848 --- [restartedMain] e.ElectricityManagementSystemApplication : Starting ElectricityManagementSystemApplication using Java 17.0.8 on GEMGN-210255 with PID 14848 (C:\Users\sanyam.bansal\Desktop\Demo_Project\Electricity_Management_System\Electricity_Management_System\target\classes started by Sanyam.Bansal in C:\Users\sanyam.bansal\Desktop\Demo_Project\Electricity_Management_System\Electricity_Management_System)
2023-07-25 11:54:31.292 DEBUG 14848 --- [restartedMain] e.ElectricityManagementSystemApplication : Running with Spring Boot v2.7.12, Spring v5.3.27
2023-07-25 11:54:31.292  INFO 14848 --- [restartedMain] e.ElectricityManagementSystemApplication : No active profile set, falling back to 1 default profile: "default"
2023-07-25 11:54:31.323  INFO 14848 --- [restartedMain] .e.DevToolsPropertyDefaultsPostProcessor : Devtools property defaults active! Set 'spring.devtools.add-properties' to 'false' to disable
2023-07-25 11:54:31.323  INFO 14848 --- [restartedMain] .e.DevToolsPropertyDefaultsPostProcessor : For additional web related logging consider setting the 'logging.level.web' property to 'DEBUG'
2023-07-25 11:54:31.869  INFO 14848 --- [restartedMain] .s.d.r.c.RepositoryConfigurationDelegate : Bootstrapping Spring Data JPA repositories in DEFAULT mode.
2023-07-25 11:54:31.911  INFO 14848 --- [restartedMain] .s.d.r.c.RepositoryConfigurationDelegate : Finished Spring Data repository scanning in 35 ms. Found 3 JPA repository interfaces.
2023-07-25 11:54:32.317  INFO 14848 --- [restartedMain] o.s.b.w.embedded.tomcat.TomcatWebServer  : Tomcat initialized with port(s): 9090 (http)
2023-07-25 11:54:32.324  INFO 14848 --- [restartedMain] o.apache.catalina.core.StandardService   : Starting service [Tomcat]
2023-07-25 11:54:32.324  INFO 14848 --- [restartedMain] org.apache.catalina.core.StandardEngine  : Starting Servlet engine: [Apache Tomcat/9.0.75]
2023-07-25 11:54:32.376  INFO 14848 --- [restartedMain] o.a.c.c.C.[Tomcat].[localhost].[/]       : Initializing Spring embedded WebApplicationContext
2023-07-25 11:54:32.377  INFO 14848 --- [restartedMain] w.s.c.ServletWebServerApplicationContext : Root WebApplicationContext: initialization completed in 1054 ms
2023-07-25 11:54:32.477  INFO 14848 --- [restartedMain] o.hibernate.jpa.internal.util.LogHelper  : HHH000204: Processing PersistenceUnitInfo [name: default]
2023-07-25 11:54:32.510  INFO 14848 --- [restartedMain] org.hibernate.Version                    : HHH000412: Hibernate ORM core version 5.6.15.Final
2023-07-25 11:54:32.616  INFO 14848 --- [restartedMain] o.hibernate.annotations.common.Version   : HCANN000001: Hibernate Commons Annotations {5.1.2.Final}
2023-07-25 11:54:32.688  INFO 14848 --- [restartedMain] com.zaxxer.hikari.HikariDataSource       : HikariPool-1 - Starting...
2023-07-25 11:54:32.880  INFO 14848 --- [restartedMain] com.zaxxer.hikari.HikariDataSource       : HikariPool-1 - Start completed.
2023-07-25 11:54:32.900  INFO 14848 --- [restartedMain] org.hibernate.dialect.Dialect            : HHH000400: Using dialect: org.hibernate.dialect.MySQL8Dialect
2023-07-25 11:54:33.391  INFO 14848 --- [restartedMain] o.h.e.t.j.p.i.JtaPlatformInitiator       : HHH000490: Using JtaPlatform implementation: [org.hibernate.engine.transaction.jta.platform.internal.NoJtaPlatform]
2023-07-25 11:54:33.400  INFO 14848 --- [restartedMain] j.LocalContainerEntityManagerFactoryBean : Initialized JPA EntityManagerFactory for persistence unit 'default'
2023-07-25 11:54:33.828  WARN 14848 --- [restartedMain] JpaBaseConfiguration$JpaWebConfiguration : spring.jpa.open-in-view is enabled by default. Therefore, database queries may be performed during view rendering. Explicitly configure spring.jpa.open-in-view to disable this warning
2023-07-25 11:54:33.909  INFO 14848 --- [restartedMain] pertySourcedRequestMappingHandlerMapping : Mapped URL path [/v2/api-docs] onto method [springfox.documentation.swagger2.web.Swagger2Controller#getDocumentation(String, HttpServletRequest)]
2023-07-25 11:54:34.014  INFO 14848 --- [restartedMain] o.s.b.d.a.OptionalLiveReloadServer       : LiveReload server is running on port 35729
2023-07-25 11:54:34.132  INFO 14848 --- [restartedMain] o.s.b.w.embedded.tomcat.TomcatWebServer  : Tomcat started on port(s): 9090 (http) with context path ''
2023-07-25 11:54:34.133  INFO 14848 --- [restartedMain] d.s.w.p.DocumentationPluginsBootstrapper : Context refreshed
2023-07-25 11:54:34.146  INFO 14848 --- [restartedMain] d.s.w.p.DocumentationPluginsBootstrapper : Found 1 custom documentation plugin(s)
2023-07-25 11:54:34.165  INFO 14848 --- [restartedMain] s.d.s.w.s.ApiListingReferenceScanner     : Scanning for api listing references
2023-07-25 11:54:34.266  INFO 14848 --- [restartedMain] e.ElectricityManagementSystemApplication : Started ElectricityManagementSystemApplication in 3.238 seconds (JVM running for 3.747)
2023-07-25 11:54:39.696  INFO 14848 --- [http-nio-9090-exec-1] o.a.c.c.C.[Tomcat].[localhost].[/]       : Initializing Spring DispatcherServlet 'dispatcherServlet'
2023-07-25 11:54:39.696  INFO 14848 --- [http-nio-9090-exec-1] o.s.web.servlet.DispatcherServlet        : Initializing Servlet 'dispatcherServlet'
2023-07-25 11:54:39.697  INFO 14848 --- [http-nio-9090-exec-1] o.s.web.servlet.DispatcherServlet        : Completed initialization in 1 ms
2023-07-25 11:55:04.966  INFO 14848 --- [http-nio-9090-exec-8] c.e.serviceImpl.CustomerServiceImpl      : Retrieving customer by ID: 1
2023-07-25 11:55:04.967  INFO 14848 --- [http-nio-9090-exec-8] c.e.controller.CustomerController        : Retrieved customer by ID: 1
2023-07-25 11:55:20.719  INFO 14848 --- [http-nio-9090-exec-1] c.e.serviceImpl.CustomerServiceImpl      : Calculating bill for customer. Customer ID: 1, Bill Amount: 6850.0
2023-07-25 11:55:20.720  INFO 14848 --- [http-nio-9090-exec-1] c.e.controller.CustomerController        : Calculated bill for customer with ID: 1
2023-07-25 11:55:20.753 ERROR 14848 --- [http-nio-9090-exec-1] o.a.c.c.C.[.[.[/].[dispatcherServlet]    : Servlet.service() for servlet [dispatcherServlet] in context with path [] threw exception [Request processing failed; nested exception is org.springframework.web.client.ResourceAccessException: I/O error on POST request for "http://localhost:9001/sendEmail": Connection refused: connect; nested exception is java.net.ConnectException: Connection refused: connect] with root cause

java.net.ConnectException: Connection refused: connect
	at java.base/sun.nio.ch.Net.connect0(Native Method) ~[na:na]
	at java.base/sun.nio.ch.Net.connect(Net.java:579) ~[na:na]
	at java.base/sun.nio.ch.Net.connect(Net.java:568) ~[na:na]
	at java.base/sun.nio.ch.NioSocketImpl.connect(NioSocketImpl.java:588) ~[na:na]
	at java.base/java.net.Socket.connect(Socket.java:633) ~[na:na]
	at java.base/java.net.Socket.connect(Socket.java:583) ~[na:na]
	at java.base/sun.net.NetworkClient.doConnect(NetworkClient.java:183) ~[na:na]
	at java.base/sun.net.www.http.HttpClient.openServer(HttpClient.java:534) ~[na:na]
	at java.base/sun.net.www.http.HttpClient.openServer(HttpClient.java:639) ~[na:na]
	at java.base/sun.net.www.http.HttpClient.<init>(HttpClient.java:282) ~[na:na]
	at java.base/sun.net.www.http.HttpClient.New(HttpClient.java:387) ~[na:na]
	at java.base/sun.net.www.http.HttpClient.New(HttpClient.java:409) ~[na:na]
	at java.base/sun.net.www.protocol.http.HttpURLConnection.getNewHttpClient(HttpURLConnection.java:1309) ~[na:na]
	at java.base/sun.net.www.protocol.http.HttpURLConnection.plainConnect0(HttpURLConnection.java:1242) ~[na:na]
	at java.base/sun.net.www.protocol.http.HttpURLConnection.plainConnect(HttpURLConnection.java:1128) ~[na:na]
	at java.base/sun.net.www.protocol.http.HttpURLConnection.connect(HttpURLConnection.java:1057) ~[na:na]
	at org.springframework.http.client.SimpleBufferingClientHttpRequest.executeInternal(SimpleBufferingClientHttpRequest.java:76) ~[spring-web-5.3.27.jar:5.3.27]
	at org.springframework.http.client.AbstractBufferingClientHttpRequest.executeInternal(AbstractBufferingClientHttpRequest.java:48) ~[spring-web-5.3.27.jar:5.3.27]
	at org.springframework.http.client.AbstractClientHttpRequest.execute(AbstractClientHttpRequest.java:66) ~[spring-web-5.3.27.jar:5.3.27]
	at org.springframework.web.client.RestTemplate.doExecute(RestTemplate.java:782) ~[spring-web-5.3.27.jar:5.3.27]
	at org.springframework.web.client.RestTemplate.execute(RestTemplate.java:717) ~[spring-web-5.3.27.jar:5.3.27]
	at org.springframework.web.client.RestTemplate.postForEntity(RestTemplate.java:474) ~[spring-web-5.3.27.jar:5.3.27]
	at com.electric.serviceImpl.EmailServiceImpl.sendMail(EmailServiceImpl.java:31) ~[classes/:na]
	at com.electric.controller.CustomerController.calculateBill(CustomerController.java:129) ~[classes/:na]
	at java.base/jdk.internal.reflect.NativeMethodAccessorImpl.invoke0(Native Method) ~[na:na]
	at java.base/jdk.internal.reflect.NativeMethodAccessorImpl.invoke(NativeMethodAccessorImpl.java:77) ~[na:na]
	at java.base/jdk.internal.reflect.DelegatingMethodAccessorImpl.invoke(DelegatingMethodAccessorImpl.java:43) ~[na:na]
	at java.base/java.lang.reflect.Method.invoke(Method.java:568) ~[na:na]
	at org.springframework.web.method.support.InvocableHandlerMethod.doInvoke(InvocableHandlerMethod.java:205) ~[spring-web-5.3.27.jar:5.3.27]
	at org.springframework.web.method.support.InvocableHandlerMethod.invokeForRequest(InvocableHandlerMethod.java:150) ~[spring-web-5.3.27.jar:5.3.27]
	at org.springframework.web.servlet.mvc.method.annotation.ServletInvocableHandlerMethod.invokeAndHandle(ServletInvocableHandlerMethod.java:117) ~[spring-webmvc-5.3.27.jar:5.3.27]
	at org.springframework.web.servlet.mvc.method.annotation.RequestMappingHandlerAdapter.invokeHandlerMethod(RequestMappingHandlerAdapter.java:895) ~[spring-webmvc-5.3.27.jar:5.3.27]
	at org.springframework.web.servlet.mvc.method.annotation.RequestMappingHandlerAdapter.handleInternal(RequestMappingHandlerAdapter.java:808) ~[spring-webmvc-5.3.27.jar:5.3.27]
	at org.springframework.web.servlet.mvc.method.AbstractHandlerMethodAdapter.handle(AbstractHandlerMethodAdapter.java:87) ~[spring-webmvc-5.3.27.jar:5.3.27]
	at org.springframework.web.servlet.DispatcherServlet.doDispatch(DispatcherServlet.java:1072) ~[spring-webmvc-5.3.27.jar:5.3.27]
	at org.springframework.web.servlet.DispatcherServlet.doService(DispatcherServlet.java:965) ~[spring-webmvc-5.3.27.jar:5.3.27]
	at org.springframework.web.servlet.FrameworkServlet.processRequest(FrameworkServlet.java:1006) ~[spring-webmvc-5.3.27.jar:5.3.27]
	at org.springframework.web.servlet.FrameworkServlet.doGet(FrameworkServlet.java:898) ~[spring-webmvc-5.3.27.jar:5.3.27]
	at javax.servlet.http.HttpServlet.service(HttpServlet.java:529) ~[tomcat-embed-core-9.0.75.jar:4.0.FR]
	at org.springframework.web.servlet.FrameworkServlet.service(FrameworkServlet.java:883) ~[spring-webmvc-5.3.27.jar:5.3.27]
	at javax.servlet.http.HttpServlet.service(HttpServlet.java:623) ~[tomcat-embed-core-9.0.75.jar:4.0.FR]
	at org.apache.catalina.core.ApplicationFilterChain.internalDoFilter(ApplicationFilterChain.java:209) ~[tomcat-embed-core-9.0.75.jar:9.0.75]
	at org.apache.catalina.core.ApplicationFilterChain.doFilter(ApplicationFilterChain.java:153) ~[tomcat-embed-core-9.0.75.jar:9.0.75]
	at org.apache.tomcat.websocket.server.WsFilter.doFilter(WsFilter.java:51) ~[tomcat-embed-websocket-9.0.75.jar:9.0.75]
	at org.apache.catalina.core.ApplicationFilterChain.internalDoFilter(ApplicationFilterChain.java:178) ~[tomcat-embed-core-9.0.75.jar:9.0.75]
	at org.apache.catalina.core.ApplicationFilterChain.doFilter(ApplicationFilterChain.java:153) ~[tomcat-embed-core-9.0.75.jar:9.0.75]
	at org.springframework.web.filter.RequestContextFilter.doFilterInternal(RequestContextFilter.java:100) ~[spring-web-5.3.27.jar:5.3.27]
	at org.springframework.web.filter.OncePerRequestFilter.doFilter(OncePerRequestFilter.java:117) ~[spring-web-5.3.27.jar:5.3.27]
	at org.apache.catalina.core.ApplicationFilterChain.internalDoFilter(ApplicationFilterChain.java:178) ~[tomcat-embed-core-9.0.75.jar:9.0.75]
	at org.apache.catalina.core.ApplicationFilterChain.doFilter(ApplicationFilterChain.java:153) ~[tomcat-embed-core-9.0.75.jar:9.0.75]
	at org.springframework.web.filter.FormContentFilter.doFilterInternal(FormContentFilter.java:93) ~[spring-web-5.3.27.jar:5.3.27]
	at org.springframework.web.filter.OncePerRequestFilter.doFilter(OncePerRequestFilter.java:117) ~[spring-web-5.3.27.jar:5.3.27]
	at org.apache.catalina.core.ApplicationFilterChain.internalDoFilter(ApplicationFilterChain.java:178) ~[tomcat-embed-core-9.0.75.jar:9.0.75]
	at org.apache.catalina.core.ApplicationFilterChain.doFilter(ApplicationFilterChain.java:153) ~[tomcat-embed-core-9.0.75.jar:9.0.75]
	at org.springframework.web.filter.CharacterEncodingFilter.doFilterInternal(CharacterEncodingFilter.java:201) ~[spring-web-5.3.27.jar:5.3.27]
	at org.springframework.web.filter.OncePerRequestFilter.doFilter(OncePerRequestFilter.java:117) ~[spring-web-5.3.27.jar:5.3.27]
	at org.apache.catalina.core.ApplicationFilterChain.internalDoFilter(ApplicationFilterChain.java:178) ~[tomcat-embed-core-9.0.75.jar:9.0.75]
	at org.apache.catalina.core.ApplicationFilterChain.doFilter(ApplicationFilterChain.java:153) ~[tomcat-embed-core-9.0.75.jar:9.0.75]
	at org.apache.catalina.core.StandardWrapperValve.invoke(StandardWrapperValve.java:167) ~[tomcat-embed-core-9.0.75.jar:9.0.75]
	at org.apache.catalina.core.StandardContextValve.invoke(StandardContextValve.java:90) ~[tomcat-embed-core-9.0.75.jar:9.0.75]
	at org.apache.catalina.authenticator.AuthenticatorBase.invoke(AuthenticatorBase.java:481) ~[tomcat-embed-core-9.0.75.jar:9.0.75]
	at org.apache.catalina.core.StandardHostValve.invoke(StandardHostValve.java:130) ~[tomcat-embed-core-9.0.75.jar:9.0.75]
	at org.apache.catalina.valves.ErrorReportValve.invoke(ErrorReportValve.java:93) ~[tomcat-embed-core-9.0.75.jar:9.0.75]
	at org.apache.catalina.core.StandardEngineValve.invoke(StandardEngineValve.java:74) ~[tomcat-embed-core-9.0.75.jar:9.0.75]
	at org.apache.catalina.connector.CoyoteAdapter.service(CoyoteAdapter.java:343) ~[tomcat-embed-core-9.0.75.jar:9.0.75]
	at org.apache.coyote.http11.Http11Processor.service(Http11Processor.java:390) ~[tomcat-embed-core-9.0.75.jar:9.0.75]
	at org.apache.coyote.AbstractProcessorLight.process(AbstractProcessorLight.java:63) ~[tomcat-embed-core-9.0.75.jar:9.0.75]
	at org.apache.coyote.AbstractProtocol$ConnectionHandler.process(AbstractProtocol.java:926) ~[tomcat-embed-core-9.0.75.jar:9.0.75]
	at org.apache.tomcat.util.net.NioEndpoint$SocketProcessor.doRun(NioEndpoint.java:1791) ~[tomcat-embed-core-9.0.75.jar:9.0.75]
	at org.apache.tomcat.util.net.SocketProcessorBase.run(SocketProcessorBase.java:52) ~[tomcat-embed-core-9.0.75.jar:9.0.75]
	at org.apache.tomcat.util.threads.ThreadPoolExecutor.runWorker(ThreadPoolExecutor.java:1191) ~[tomcat-embed-core-9.0.75.jar:9.0.75]
	at org.apache.tomcat.util.threads.ThreadPoolExecutor$Worker.run(ThreadPoolExecutor.java:659) ~[tomcat-embed-core-9.0.75.jar:9.0.75]
	at org.apache.tomcat.util.threads.TaskThread$WrappingRunnable.run(TaskThread.java:61) ~[tomcat-embed-core-9.0.75.jar:9.0.75]
	at java.base/java.lang.Thread.run(Thread.java:833) ~[na:na]

2023-07-25 11:55:40.729  INFO 14848 --- [RMI TCP Connection(3)-127.0.0.1] inMXBeanRegistrar$SpringApplicationAdmin : Application shutdown requested.
2023-07-25 11:55:40.744  INFO 14848 --- [RMI TCP Connection(3)-127.0.0.1] o.apache.catalina.core.StandardService   : Stopping service [Tomcat]
2023-07-25 11:55:40.746  INFO 14848 --- [RMI TCP Connection(3)-127.0.0.1] o.a.c.c.C.[Tomcat].[localhost].[/]       : Destroying Spring FrameworkServlet 'dispatcherServlet'
2023-07-25 11:55:40.753  INFO 14848 --- [RMI TCP Connection(3)-127.0.0.1] j.LocalContainerEntityManagerFactoryBean : Closing JPA EntityManagerFactory for persistence unit 'default'
2023-07-25 11:55:40.755  INFO 14848 --- [RMI TCP Connection(3)-127.0.0.1] com.zaxxer.hikari.HikariDataSource       : HikariPool-1 - Shutdown initiated...
2023-07-25 11:55:40.760  INFO 14848 --- [RMI TCP Connection(3)-127.0.0.1] com.zaxxer.hikari.HikariDataSource       : HikariPool-1 - Shutdown completed.
2023-07-25 11:56:22.398  INFO 2116 --- [restartedMain] e.ElectricityManagementSystemApplication : Starting ElectricityManagementSystemApplication using Java 17.0.8 on GEMGN-210255 with PID 2116 (C:\Users\sanyam.bansal\Desktop\Demo_Project\Electricity_Management_System\Electricity_Management_System\target\classes started by Sanyam.Bansal in C:\Users\sanyam.bansal\Desktop\Demo_Project\Electricity_Management_System\Electricity_Management_System)
2023-07-25 11:56:22.399 DEBUG 2116 --- [restartedMain] e.ElectricityManagementSystemApplication : Running with Spring Boot v2.7.12, Spring v5.3.27
2023-07-25 11:56:22.400  INFO 2116 --- [restartedMain] e.ElectricityManagementSystemApplication : No active profile set, falling back to 1 default profile: "default"
2023-07-25 11:56:22.431  INFO 2116 --- [restartedMain] .e.DevToolsPropertyDefaultsPostProcessor : Devtools property defaults active! Set 'spring.devtools.add-properties' to 'false' to disable
2023-07-25 11:56:22.431  INFO 2116 --- [restartedMain] .e.DevToolsPropertyDefaultsPostProcessor : For additional web related logging consider setting the 'logging.level.web' property to 'DEBUG'
2023-07-25 11:56:22.966  INFO 2116 --- [restartedMain] .s.d.r.c.RepositoryConfigurationDelegate : Bootstrapping Spring Data JPA repositories in DEFAULT mode.
2023-07-25 11:56:23.008  INFO 2116 --- [restartedMain] .s.d.r.c.RepositoryConfigurationDelegate : Finished Spring Data repository scanning in 36 ms. Found 3 JPA repository interfaces.
2023-07-25 11:56:23.405  INFO 2116 --- [restartedMain] o.s.b.w.embedded.tomcat.TomcatWebServer  : Tomcat initialized with port(s): 9090 (http)
2023-07-25 11:56:23.412  INFO 2116 --- [restartedMain] o.apache.catalina.core.StandardService   : Starting service [Tomcat]
2023-07-25 11:56:23.412  INFO 2116 --- [restartedMain] org.apache.catalina.core.StandardEngine  : Starting Servlet engine: [Apache Tomcat/9.0.75]
2023-07-25 11:56:23.467  INFO 2116 --- [restartedMain] o.a.c.c.C.[Tomcat].[localhost].[/]       : Initializing Spring embedded WebApplicationContext
2023-07-25 11:56:23.467  INFO 2116 --- [restartedMain] w.s.c.ServletWebServerApplicationContext : Root WebApplicationContext: initialization completed in 1035 ms
2023-07-25 11:56:23.561  INFO 2116 --- [restartedMain] o.hibernate.jpa.internal.util.LogHelper  : HHH000204: Processing PersistenceUnitInfo [name: default]
2023-07-25 11:56:23.593  INFO 2116 --- [restartedMain] org.hibernate.Version                    : HHH000412: Hibernate ORM core version 5.6.15.Final
2023-07-25 11:56:23.702  INFO 2116 --- [restartedMain] o.hibernate.annotations.common.Version   : HCANN000001: Hibernate Commons Annotations {5.1.2.Final}
2023-07-25 11:56:23.775  INFO 2116 --- [restartedMain] com.zaxxer.hikari.HikariDataSource       : HikariPool-1 - Starting...
2023-07-25 11:56:23.971  INFO 2116 --- [restartedMain] com.zaxxer.hikari.HikariDataSource       : HikariPool-1 - Start completed.
2023-07-25 11:56:23.993  INFO 2116 --- [restartedMain] org.hibernate.dialect.Dialect            : HHH000400: Using dialect: org.hibernate.dialect.MySQL8Dialect
2023-07-25 11:56:24.494  INFO 2116 --- [restartedMain] o.h.e.t.j.p.i.JtaPlatformInitiator       : HHH000490: Using JtaPlatform implementation: [org.hibernate.engine.transaction.jta.platform.internal.NoJtaPlatform]
2023-07-25 11:56:24.501  INFO 2116 --- [restartedMain] j.LocalContainerEntityManagerFactoryBean : Initialized JPA EntityManagerFactory for persistence unit 'default'
2023-07-25 11:56:24.927  WARN 2116 --- [restartedMain] JpaBaseConfiguration$JpaWebConfiguration : spring.jpa.open-in-view is enabled by default. Therefore, database queries may be performed during view rendering. Explicitly configure spring.jpa.open-in-view to disable this warning
2023-07-25 11:56:25.017  INFO 2116 --- [restartedMain] pertySourcedRequestMappingHandlerMapping : Mapped URL path [/v2/api-docs] onto method [springfox.documentation.swagger2.web.Swagger2Controller#getDocumentation(String, HttpServletRequest)]
2023-07-25 11:56:25.126  INFO 2116 --- [restartedMain] o.s.b.d.a.OptionalLiveReloadServer       : LiveReload server is running on port 35729
2023-07-25 11:56:25.243  INFO 2116 --- [restartedMain] o.s.b.w.embedded.tomcat.TomcatWebServer  : Tomcat started on port(s): 9090 (http) with context path ''
2023-07-25 11:56:25.244  INFO 2116 --- [restartedMain] d.s.w.p.DocumentationPluginsBootstrapper : Context refreshed
2023-07-25 11:56:25.258  INFO 2116 --- [restartedMain] d.s.w.p.DocumentationPluginsBootstrapper : Found 1 custom documentation plugin(s)
2023-07-25 11:56:25.276  INFO 2116 --- [restartedMain] s.d.s.w.s.ApiListingReferenceScanner     : Scanning for api listing references
2023-07-25 11:56:25.391  INFO 2116 --- [restartedMain] e.ElectricityManagementSystemApplication : Started ElectricityManagementSystemApplication in 3.256 seconds (JVM running for 3.72)
2023-07-25 11:58:23.010  INFO 2116 --- [RMI TCP Connection(4)-127.0.0.1] inMXBeanRegistrar$SpringApplicationAdmin : Application shutdown requested.
2023-07-25 11:58:23.025  INFO 2116 --- [RMI TCP Connection(4)-127.0.0.1] o.apache.catalina.core.StandardService   : Stopping service [Tomcat]
2023-07-25 11:58:23.033  INFO 2116 --- [RMI TCP Connection(4)-127.0.0.1] j.LocalContainerEntityManagerFactoryBean : Closing JPA EntityManagerFactory for persistence unit 'default'
2023-07-25 11:58:23.035  INFO 2116 --- [RMI TCP Connection(4)-127.0.0.1] com.zaxxer.hikari.HikariDataSource       : HikariPool-1 - Shutdown initiated...
2023-07-25 11:58:23.041  INFO 2116 --- [RMI TCP Connection(4)-127.0.0.1] com.zaxxer.hikari.HikariDataSource       : HikariPool-1 - Shutdown completed.
2023-07-25 12:01:22.324  INFO 6824 --- [restartedMain] e.ElectricityManagementSystemApplication : Starting ElectricityManagementSystemApplication using Java 17.0.8 on GEMGN-210255 with PID 6824 (C:\Users\sanyam.bansal\Desktop\Demo_Project\Electricity_Management_System\Electricity_Management_System\target\classes started by Sanyam.Bansal in C:\Users\sanyam.bansal\Desktop\Demo_Project\Electricity_Management_System\Electricity_Management_System)
2023-07-25 12:01:22.325 DEBUG 6824 --- [restartedMain] e.ElectricityManagementSystemApplication : Running with Spring Boot v2.7.12, Spring v5.3.27
2023-07-25 12:01:22.326  INFO 6824 --- [restartedMain] e.ElectricityManagementSystemApplication : No active profile set, falling back to 1 default profile: "default"
2023-07-25 12:01:22.360  INFO 6824 --- [restartedMain] .e.DevToolsPropertyDefaultsPostProcessor : Devtools property defaults active! Set 'spring.devtools.add-properties' to 'false' to disable
2023-07-25 12:01:22.360  INFO 6824 --- [restartedMain] .e.DevToolsPropertyDefaultsPostProcessor : For additional web related logging consider setting the 'logging.level.web' property to 'DEBUG'
2023-07-25 12:01:22.920  INFO 6824 --- [restartedMain] .s.d.r.c.RepositoryConfigurationDelegate : Bootstrapping Spring Data JPA repositories in DEFAULT mode.
2023-07-25 12:01:22.962  INFO 6824 --- [restartedMain] .s.d.r.c.RepositoryConfigurationDelegate : Finished Spring Data repository scanning in 36 ms. Found 3 JPA repository interfaces.
2023-07-25 12:01:23.380  INFO 6824 --- [restartedMain] o.s.b.w.embedded.tomcat.TomcatWebServer  : Tomcat initialized with port(s): 9090 (http)
2023-07-25 12:01:23.389  INFO 6824 --- [restartedMain] o.apache.catalina.core.StandardService   : Starting service [Tomcat]
2023-07-25 12:01:23.389  INFO 6824 --- [restartedMain] org.apache.catalina.core.StandardEngine  : Starting Servlet engine: [Apache Tomcat/9.0.75]
2023-07-25 12:01:23.443  INFO 6824 --- [restartedMain] o.a.c.c.C.[Tomcat].[localhost].[/]       : Initializing Spring embedded WebApplicationContext
2023-07-25 12:01:23.443  INFO 6824 --- [restartedMain] w.s.c.ServletWebServerApplicationContext : Root WebApplicationContext: initialization completed in 1081 ms
2023-07-25 12:01:23.538  INFO 6824 --- [restartedMain] o.hibernate.jpa.internal.util.LogHelper  : HHH000204: Processing PersistenceUnitInfo [name: default]
2023-07-25 12:01:23.568  INFO 6824 --- [restartedMain] org.hibernate.Version                    : HHH000412: Hibernate ORM core version 5.6.15.Final
2023-07-25 12:01:23.677  INFO 6824 --- [restartedMain] o.hibernate.annotations.common.Version   : HCANN000001: Hibernate Commons Annotations {5.1.2.Final}
2023-07-25 12:01:23.752  INFO 6824 --- [restartedMain] com.zaxxer.hikari.HikariDataSource       : HikariPool-1 - Starting...
2023-07-25 12:01:23.955  INFO 6824 --- [restartedMain] com.zaxxer.hikari.HikariDataSource       : HikariPool-1 - Start completed.
2023-07-25 12:01:23.978  INFO 6824 --- [restartedMain] org.hibernate.dialect.Dialect            : HHH000400: Using dialect: org.hibernate.dialect.MySQL8Dialect
2023-07-25 12:01:24.476  INFO 6824 --- [restartedMain] o.h.e.t.j.p.i.JtaPlatformInitiator       : HHH000490: Using JtaPlatform implementation: [org.hibernate.engine.transaction.jta.platform.internal.NoJtaPlatform]
2023-07-25 12:01:24.484  INFO 6824 --- [restartedMain] j.LocalContainerEntityManagerFactoryBean : Initialized JPA EntityManagerFactory for persistence unit 'default'
2023-07-25 12:01:24.925  WARN 6824 --- [restartedMain] JpaBaseConfiguration$JpaWebConfiguration : spring.jpa.open-in-view is enabled by default. Therefore, database queries may be performed during view rendering. Explicitly configure spring.jpa.open-in-view to disable this warning
2023-07-25 12:01:25.006  INFO 6824 --- [restartedMain] pertySourcedRequestMappingHandlerMapping : Mapped URL path [/v2/api-docs] onto method [springfox.documentation.swagger2.web.Swagger2Controller#getDocumentation(String, HttpServletRequest)]
2023-07-25 12:01:25.132  INFO 6824 --- [restartedMain] o.s.b.d.a.OptionalLiveReloadServer       : LiveReload server is running on port 35729
2023-07-25 12:01:25.251  INFO 6824 --- [restartedMain] o.s.b.w.embedded.tomcat.TomcatWebServer  : Tomcat started on port(s): 9090 (http) with context path ''
2023-07-25 12:01:25.252  INFO 6824 --- [restartedMain] d.s.w.p.DocumentationPluginsBootstrapper : Context refreshed
2023-07-25 12:01:25.265  INFO 6824 --- [restartedMain] d.s.w.p.DocumentationPluginsBootstrapper : Found 1 custom documentation plugin(s)
2023-07-25 12:01:25.286  INFO 6824 --- [restartedMain] s.d.s.w.s.ApiListingReferenceScanner     : Scanning for api listing references
2023-07-25 12:01:25.386  INFO 6824 --- [restartedMain] e.ElectricityManagementSystemApplication : Started ElectricityManagementSystemApplication in 3.333 seconds (JVM running for 3.823)
2023-07-25 12:01:29.452  INFO 6824 --- [http-nio-9090-exec-1] o.a.c.c.C.[Tomcat].[localhost].[/]       : Initializing Spring DispatcherServlet 'dispatcherServlet'
2023-07-25 12:01:29.452  INFO 6824 --- [http-nio-9090-exec-1] o.s.web.servlet.DispatcherServlet        : Initializing Servlet 'dispatcherServlet'
2023-07-25 12:01:29.453  INFO 6824 --- [http-nio-9090-exec-1] o.s.web.servlet.DispatcherServlet        : Completed initialization in 1 ms
2023-07-25 12:02:19.033  INFO 6824 --- [http-nio-9090-exec-10] c.e.serviceImpl.CustomerServiceImpl      : Calculating bill for customer. Customer ID: 1, Bill Amount: 6850.0
2023-07-25 12:02:19.035  INFO 6824 --- [http-nio-9090-exec-10] c.e.controller.CustomerController        : Calculated bill for customer with ID: 1
2023-07-25 12:02:57.975  INFO 14764 --- [main] ctricityManagementSystemApplicationTests : Starting ElectricityManagementSystemApplicationTests using Java 17.0.8 on GEMGN-210255 with PID 14764 (started by Sanyam.Bansal in C:\Users\sanyam.bansal\Desktop\Demo_Project\Electricity_Management_System\Electricity_Management_System)
2023-07-25 12:02:57.977 DEBUG 14764 --- [main] ctricityManagementSystemApplicationTests : Running with Spring Boot v2.7.12, Spring v5.3.27
2023-07-25 12:02:57.978  INFO 14764 --- [main] ctricityManagementSystemApplicationTests : No active profile set, falling back to 1 default profile: "default"
2023-07-25 12:02:59.081  INFO 14764 --- [main] .s.d.r.c.RepositoryConfigurationDelegate : Bootstrapping Spring Data JPA repositories in DEFAULT mode.
2023-07-25 12:02:59.153  INFO 14764 --- [main] .s.d.r.c.RepositoryConfigurationDelegate : Finished Spring Data repository scanning in 59 ms. Found 3 JPA repository interfaces.
2023-07-25 12:02:59.818  INFO 14764 --- [main] o.hibernate.jpa.internal.util.LogHelper  : HHH000204: Processing PersistenceUnitInfo [name: default]
2023-07-25 12:02:59.878  INFO 14764 --- [main] org.hibernate.Version                    : HHH000412: Hibernate ORM core version 5.6.15.Final
2023-07-25 12:02:59.920  INFO 14764 --- [main] o.hibernate.annotations.common.Version   : HCANN000001: Hibernate Commons Annotations {5.1.2.Final}
2023-07-25 12:03:00.099  INFO 14764 --- [main] com.zaxxer.hikari.HikariDataSource       : HikariPool-1 - Starting...
2023-07-25 12:03:00.528  INFO 14764 --- [main] com.zaxxer.hikari.HikariDataSource       : HikariPool-1 - Start completed.
2023-07-25 12:03:00.585  INFO 14764 --- [main] org.hibernate.dialect.Dialect            : HHH000400: Using dialect: org.hibernate.dialect.MySQL8Dialect
2023-07-25 12:03:01.373  INFO 14764 --- [main] o.h.e.t.j.p.i.JtaPlatformInitiator       : HHH000490: Using JtaPlatform implementation: [org.hibernate.engine.transaction.jta.platform.internal.NoJtaPlatform]
2023-07-25 12:03:01.384  INFO 14764 --- [main] j.LocalContainerEntityManagerFactoryBean : Initialized JPA EntityManagerFactory for persistence unit 'default'
2023-07-25 12:03:02.353  WARN 14764 --- [main] JpaBaseConfiguration$JpaWebConfiguration : spring.jpa.open-in-view is enabled by default. Therefore, database queries may be performed during view rendering. Explicitly configure spring.jpa.open-in-view to disable this warning
2023-07-25 12:03:02.735  INFO 14764 --- [main] pertySourcedRequestMappingHandlerMapping : Mapped URL path [/v2/api-docs] onto method [springfox.documentation.swagger2.web.Swagger2Controller#getDocumentation(String, HttpServletRequest)]
2023-07-25 12:03:03.447  INFO 14764 --- [main] d.s.w.p.DocumentationPluginsBootstrapper : Context refreshed
2023-07-25 12:03:03.475  INFO 14764 --- [main] d.s.w.p.DocumentationPluginsBootstrapper : Found 1 custom documentation plugin(s)
2023-07-25 12:03:03.523  INFO 14764 --- [main] s.d.s.w.s.ApiListingReferenceScanner     : Scanning for api listing references
2023-07-25 12:03:03.742  INFO 14764 --- [main] ctricityManagementSystemApplicationTests : Started ElectricityManagementSystemApplicationTests in 6.235 seconds (JVM running for 8.891)
2023-07-25 12:03:03.828  INFO 14764 --- [main] .b.t.c.SpringBootTestContextBootstrapper : Neither @ContextConfiguration nor @ContextHierarchy found for test class [com.electric.controller.MeterControllerTest], using SpringBootContextLoader
2023-07-25 12:03:03.829  INFO 14764 --- [main] o.s.t.c.support.AbstractContextLoader    : Could not detect default resource locations for test class [com.electric.controller.MeterControllerTest]: no resource found for suffixes {-context.xml, Context.groovy}.
2023-07-25 12:03:03.830  INFO 14764 --- [main] t.c.s.AnnotationConfigContextLoaderUtils : Could not detect default configuration classes for test class [com.electric.controller.MeterControllerTest]: MeterControllerTest does not declare any static, non-private, non-final, nested classes annotated with @Configuration.
2023-07-25 12:03:03.842  INFO 14764 --- [main] .b.t.c.SpringBootTestContextBootstrapper : Found @SpringBootConfiguration com.electric.ElectricityManagementSystemApplication for test class com.electric.controller.MeterControllerTest
2023-07-25 12:03:03.845  INFO 14764 --- [main] .b.t.c.SpringBootTestContextBootstrapper : Loaded default TestExecutionListener class names from location [META-INF/spring.factories]: [org.springframework.boot.test.mock.mockito.MockitoTestExecutionListener, org.springframework.boot.test.mock.mockito.ResetMocksTestExecutionListener, org.springframework.boot.test.autoconfigure.restdocs.RestDocsTestExecutionListener, org.springframework.boot.test.autoconfigure.web.client.MockRestServiceServerResetTestExecutionListener, org.springframework.boot.test.autoconfigure.web.servlet.MockMvcPrintOnlyOnFailureTestExecutionListener, org.springframework.boot.test.autoconfigure.web.servlet.WebDriverTestExecutionListener, org.springframework.boot.test.autoconfigure.webservices.client.MockWebServiceServerTestExecutionListener, org.springframework.test.context.web.ServletTestExecutionListener, org.springframework.test.context.support.DirtiesContextBeforeModesTestExecutionListener, org.springframework.test.context.event.ApplicationEventsTestExecutionListener, org.springframework.test.context.support.DependencyInjectionTestExecutionListener, org.springframework.test.context.support.DirtiesContextTestExecutionListener, org.springframework.test.context.transaction.TransactionalTestExecutionListener, org.springframework.test.context.jdbc.SqlScriptsTestExecutionListener, org.springframework.test.context.event.EventPublishingTestExecutionListener]
2023-07-25 12:03:03.846  INFO 14764 --- [main] .b.t.c.SpringBootTestContextBootstrapper : Using TestExecutionListeners: [org.springframework.test.context.web.ServletTestExecutionListener@21275d4a, org.springframework.test.context.support.DirtiesContextBeforeModesTestExecutionListener@483c5880, org.springframework.test.context.event.ApplicationEventsTestExecutionListener@4fa2e6b8, org.springframework.boot.test.mock.mockito.MockitoTestExecutionListener@35590829, org.springframework.boot.test.autoconfigure.SpringBootDependencyInjectionTestExecutionListener@2e8fdec5, org.springframework.test.context.support.DirtiesContextTestExecutionListener@4dd6bcc, org.springframework.test.context.transaction.TransactionalTestExecutionListener@5c12dac9, org.springframework.test.context.jdbc.SqlScriptsTestExecutionListener@21778922, org.springframework.test.context.event.EventPublishingTestExecutionListener@71de023f, org.springframework.boot.test.mock.mockito.ResetMocksTestExecutionListener@1eb294c3, org.springframework.boot.test.autoconfigure.restdocs.RestDocsTestExecutionListener@54bcc14e, org.springframework.boot.test.autoconfigure.web.client.MockRestServiceServerResetTestExecutionListener@491f7c62, org.springframework.boot.test.autoconfigure.web.servlet.MockMvcPrintOnlyOnFailureTestExecutionListener@48d14084, org.springframework.boot.test.autoconfigure.web.servlet.WebDriverTestExecutionListener@424fd1d1, org.springframework.boot.test.autoconfigure.webservices.client.MockWebServiceServerTestExecutionListener@70cbce67]
2023-07-25 12:03:03.877  INFO 14764 --- [main] com.electric.controller.MeterController  : Updated meter with ID: 1
2023-07-25 12:03:03.891  INFO 14764 --- [main] com.electric.controller.MeterController  : Deleted meter with ID: 1
2023-07-25 12:03:03.905  INFO 14764 --- [main] com.electric.controller.MeterController  : Created meter with ID: null
2023-07-25 12:03:03.916 ERROR 14764 --- [main] com.electric.controller.MeterController  : Meter not found with ID: 1
2023-07-25 12:03:03.923  WARN 14764 --- [main] com.electric.controller.MeterController  : No meters found
2023-07-25 12:03:03.930  INFO 14764 --- [main] com.electric.controller.MeterController  : Retrieved all meters. Count: 3
2023-07-25 12:03:03.934  INFO 14764 --- [main] .b.t.c.SpringBootTestContextBootstrapper : Neither @ContextConfiguration nor @ContextHierarchy found for test class [com.electric.controller.SupplierControllerTest], using SpringBootContextLoader
2023-07-25 12:03:03.935  INFO 14764 --- [main] o.s.t.c.support.AbstractContextLoader    : Could not detect default resource locations for test class [com.electric.controller.SupplierControllerTest]: no resource found for suffixes {-context.xml, Context.groovy}.
2023-07-25 12:03:03.935  INFO 14764 --- [main] t.c.s.AnnotationConfigContextLoaderUtils : Could not detect default configuration classes for test class [com.electric.controller.SupplierControllerTest]: SupplierControllerTest does not declare any static, non-private, non-final, nested classes annotated with @Configuration.
2023-07-25 12:03:03.937  INFO 14764 --- [main] .b.t.c.SpringBootTestContextBootstrapper : Found @SpringBootConfiguration com.electric.ElectricityManagementSystemApplication for test class com.electric.controller.SupplierControllerTest
2023-07-25 12:03:03.939  INFO 14764 --- [main] .b.t.c.SpringBootTestContextBootstrapper : Loaded default TestExecutionListener class names from location [META-INF/spring.factories]: [org.springframework.boot.test.mock.mockito.MockitoTestExecutionListener, org.springframework.boot.test.mock.mockito.ResetMocksTestExecutionListener, org.springframework.boot.test.autoconfigure.restdocs.RestDocsTestExecutionListener, org.springframework.boot.test.autoconfigure.web.client.MockRestServiceServerResetTestExecutionListener, org.springframework.boot.test.autoconfigure.web.servlet.MockMvcPrintOnlyOnFailureTestExecutionListener, org.springframework.boot.test.autoconfigure.web.servlet.WebDriverTestExecutionListener, org.springframework.boot.test.autoconfigure.webservices.client.MockWebServiceServerTestExecutionListener, org.springframework.test.context.web.ServletTestExecutionListener, org.springframework.test.context.support.DirtiesContextBeforeModesTestExecutionListener, org.springframework.test.context.event.ApplicationEventsTestExecutionListener, org.springframework.test.context.support.DependencyInjectionTestExecutionListener, org.springframework.test.context.support.DirtiesContextTestExecutionListener, org.springframework.test.context.transaction.TransactionalTestExecutionListener, org.springframework.test.context.jdbc.SqlScriptsTestExecutionListener, org.springframework.test.context.event.EventPublishingTestExecutionListener]
2023-07-25 12:03:03.939  INFO 14764 --- [main] .b.t.c.SpringBootTestContextBootstrapper : Using TestExecutionListeners: [org.springframework.test.context.web.ServletTestExecutionListener@d59a45d, org.springframework.test.context.support.DirtiesContextBeforeModesTestExecutionListener@72afaee3, org.springframework.test.context.event.ApplicationEventsTestExecutionListener@33a95758, org.springframework.boot.test.mock.mockito.MockitoTestExecutionListener@41671912, org.springframework.boot.test.autoconfigure.SpringBootDependencyInjectionTestExecutionListener@15c362f, org.springframework.test.context.support.DirtiesContextTestExecutionListener@e8b4851, org.springframework.test.context.transaction.TransactionalTestExecutionListener@77e1dd4f, org.springframework.test.context.jdbc.SqlScriptsTestExecutionListener@eb7e528, org.springframework.test.context.event.EventPublishingTestExecutionListener@6e3a479f, org.springframework.boot.test.mock.mockito.ResetMocksTestExecutionListener@3a2743c9, org.springframework.boot.test.autoconfigure.restdocs.RestDocsTestExecutionListener@43d5fa67, org.springframework.boot.test.autoconfigure.web.client.MockRestServiceServerResetTestExecutionListener@72fac990, org.springframework.boot.test.autoconfigure.web.servlet.MockMvcPrintOnlyOnFailureTestExecutionListener@4e406eef, org.springframework.boot.test.autoconfigure.web.servlet.WebDriverTestExecutionListener@4ef955e5, org.springframework.boot.test.autoconfigure.webservices.client.MockWebServiceServerTestExecutionListener@2213889f]
2023-07-25 12:03:03.971  INFO 14764 --- [main] c.e.controller.SupplierController        : Updating supplier with ID: 1
2023-07-25 12:03:03.979  INFO 14764 --- [main] c.e.controller.SupplierController        : Creating a new supplier
2023-07-25 12:03:03.987  INFO 14764 --- [main] c.e.controller.SupplierController        : Retrieving customers for supplier with ID: 1
2023-07-25 12:03:03.988  WARN 14764 --- [main] c.e.controller.SupplierController        : No customer found with associated supplier
2023-07-25 12:03:03.996  INFO 14764 --- [main] c.e.controller.SupplierController        : Retrieving supplier by ID: 1
2023-07-25 12:03:04.003  INFO 14764 --- [main] c.e.controller.SupplierController        : Retrieved all suppliers. Count: 2
2023-07-25 12:03:04.009  INFO 14764 --- [main] c.e.controller.SupplierController        : Retrieving customers for supplier with ID: 1
2023-07-25 12:03:04.019  INFO 14764 --- [main] c.e.controller.SupplierController        : Retrieving supplier by ID: 1
2023-07-25 12:03:04.020 ERROR 14764 --- [main] c.e.controller.SupplierController        : Supplier not found with ID: 1
2023-07-25 12:03:04.029  INFO 14764 --- [main] c.e.controller.SupplierController        : Updating supplier with ID: 100
2023-07-25 12:03:04.030 ERROR 14764 --- [main] c.e.controller.SupplierController        : Supplier not found with ID: 100
2023-07-25 12:03:04.038  WARN 14764 --- [main] c.e.controller.SupplierController        : No suppliers found
2023-07-25 12:03:04.043  INFO 14764 --- [main] .b.t.c.SpringBootTestContextBootstrapper : Neither @ContextConfiguration nor @ContextHierarchy found for test class [com.electric.controller.CustomerControllerTest], using SpringBootContextLoader
2023-07-25 12:03:04.044  INFO 14764 --- [main] o.s.t.c.support.AbstractContextLoader    : Could not detect default resource locations for test class [com.electric.controller.CustomerControllerTest]: no resource found for suffixes {-context.xml, Context.groovy}.
2023-07-25 12:03:04.044  INFO 14764 --- [main] t.c.s.AnnotationConfigContextLoaderUtils : Could not detect default configuration classes for test class [com.electric.controller.CustomerControllerTest]: CustomerControllerTest does not declare any static, non-private, non-final, nested classes annotated with @Configuration.
2023-07-25 12:03:04.048  INFO 14764 --- [main] .b.t.c.SpringBootTestContextBootstrapper : Found @SpringBootConfiguration com.electric.ElectricityManagementSystemApplication for test class com.electric.controller.CustomerControllerTest
2023-07-25 12:03:04.050  INFO 14764 --- [main] .b.t.c.SpringBootTestContextBootstrapper : Loaded default TestExecutionListener class names from location [META-INF/spring.factories]: [org.springframework.boot.test.mock.mockito.MockitoTestExecutionListener, org.springframework.boot.test.mock.mockito.ResetMocksTestExecutionListener, org.springframework.boot.test.autoconfigure.restdocs.RestDocsTestExecutionListener, org.springframework.boot.test.autoconfigure.web.client.MockRestServiceServerResetTestExecutionListener, org.springframework.boot.test.autoconfigure.web.servlet.MockMvcPrintOnlyOnFailureTestExecutionListener, org.springframework.boot.test.autoconfigure.web.servlet.WebDriverTestExecutionListener, org.springframework.boot.test.autoconfigure.webservices.client.MockWebServiceServerTestExecutionListener, org.springframework.test.context.web.ServletTestExecutionListener, org.springframework.test.context.support.DirtiesContextBeforeModesTestExecutionListener, org.springframework.test.context.event.ApplicationEventsTestExecutionListener, org.springframework.test.context.support.DependencyInjectionTestExecutionListener, org.springframework.test.context.support.DirtiesContextTestExecutionListener, org.springframework.test.context.transaction.TransactionalTestExecutionListener, org.springframework.test.context.jdbc.SqlScriptsTestExecutionListener, org.springframework.test.context.event.EventPublishingTestExecutionListener]
2023-07-25 12:03:04.051  INFO 14764 --- [main] .b.t.c.SpringBootTestContextBootstrapper : Using TestExecutionListeners: [org.springframework.test.context.web.ServletTestExecutionListener@31a872bd, org.springframework.test.context.support.DirtiesContextBeforeModesTestExecutionListener@2c67f6e, org.springframework.test.context.event.ApplicationEventsTestExecutionListener@a1fd643, org.springframework.boot.test.mock.mockito.MockitoTestExecutionListener@33e3a1a9, org.springframework.boot.test.autoconfigure.SpringBootDependencyInjectionTestExecutionListener@41ac10f2, org.springframework.test.context.support.DirtiesContextTestExecutionListener@70a03aa6, org.springframework.test.context.transaction.TransactionalTestExecutionListener@479473f, org.springframework.test.context.jdbc.SqlScriptsTestExecutionListener@2a3950f0, org.springframework.test.context.event.EventPublishingTestExecutionListener@bb3fec5, org.springframework.boot.test.mock.mockito.ResetMocksTestExecutionListener@7a37901f, org.springframework.boot.test.autoconfigure.restdocs.RestDocsTestExecutionListener@343960d9, org.springframework.boot.test.autoconfigure.web.client.MockRestServiceServerResetTestExecutionListener@5467087e, org.springframework.boot.test.autoconfigure.web.servlet.MockMvcPrintOnlyOnFailureTestExecutionListener@403681e1, org.springframework.boot.test.autoconfigure.web.servlet.WebDriverTestExecutionListener@6474690, org.springframework.boot.test.autoconfigure.webservices.client.MockWebServiceServerTestExecutionListener@7987d129]
2023-07-25 12:03:04.074 ERROR 14764 --- [main] c.e.controller.CustomerController        : Customer not found with ID: {}

java.util.NoSuchElementException: No customer exists with given id. 1
	at com.electric.controller.CustomerController.getCustomer(CustomerController.java:77) ~[classes/:na]
	at com.electric.controller.CustomerControllerTest.lambda$1(CustomerControllerTest.java:108) ~[test-classes/:na]
	at org.junit.jupiter.api.AssertThrows.assertThrows(AssertThrows.java:55) ~[junit-jupiter-api-5.8.2.jar:5.8.2]
	at org.junit.jupiter.api.AssertThrows.assertThrows(AssertThrows.java:37) ~[junit-jupiter-api-5.8.2.jar:5.8.2]
	at org.junit.jupiter.api.Assertions.assertThrows(Assertions.java:3082) ~[junit-jupiter-api-5.8.2.jar:5.8.2]
	at com.electric.controller.CustomerControllerTest.testGetCustomer_NotFound(CustomerControllerTest.java:107) ~[test-classes/:na]
	at java.base/jdk.internal.reflect.NativeMethodAccessorImpl.invoke0(Native Method) ~[na:na]
	at java.base/jdk.internal.reflect.NativeMethodAccessorImpl.invoke(NativeMethodAccessorImpl.java:77) ~[na:na]
	at java.base/jdk.internal.reflect.DelegatingMethodAccessorImpl.invoke(DelegatingMethodAccessorImpl.java:43) ~[na:na]
	at java.base/java.lang.reflect.Method.invoke(Method.java:568) ~[na:na]
	at org.junit.platform.commons.util.ReflectionUtils.invokeMethod(ReflectionUtils.java:725) ~[junit-platform-commons-1.8.2.jar:1.8.2]
	at org.junit.jupiter.engine.execution.MethodInvocation.proceed(MethodInvocation.java:60) ~[junit-jupiter-engine-5.8.2.jar:5.8.2]
	at org.junit.jupiter.engine.execution.InvocationInterceptorChain$ValidatingInvocation.proceed(InvocationInterceptorChain.java:131) ~[junit-jupiter-engine-5.8.2.jar:5.8.2]
	at org.junit.jupiter.engine.extension.TimeoutExtension.intercept(TimeoutExtension.java:149) ~[junit-jupiter-engine-5.8.2.jar:5.8.2]
	at org.junit.jupiter.engine.extension.TimeoutExtension.interceptTestableMethod(TimeoutExtension.java:140) ~[junit-jupiter-engine-5.8.2.jar:5.8.2]
	at org.junit.jupiter.engine.extension.TimeoutExtension.interceptTestMethod(TimeoutExtension.java:84) ~[junit-jupiter-engine-5.8.2.jar:5.8.2]
	at org.junit.jupiter.engine.execution.ExecutableInvoker$ReflectiveInterceptorCall.lambda$ofVoidMethod$0(ExecutableInvoker.java:115) ~[junit-jupiter-engine-5.8.2.jar:5.8.2]
	at org.junit.jupiter.engine.execution.ExecutableInvoker.lambda$invoke$0(ExecutableInvoker.java:105) ~[junit-jupiter-engine-5.8.2.jar:5.8.2]
	at org.junit.jupiter.engine.execution.InvocationInterceptorChain$InterceptedInvocation.proceed(InvocationInterceptorChain.java:106) ~[junit-jupiter-engine-5.8.2.jar:5.8.2]
	at org.junit.jupiter.engine.execution.InvocationInterceptorChain.proceed(InvocationInterceptorChain.java:64) ~[junit-jupiter-engine-5.8.2.jar:5.8.2]
	at org.junit.jupiter.engine.execution.InvocationInterceptorChain.chainAndInvoke(InvocationInterceptorChain.java:45) ~[junit-jupiter-engine-5.8.2.jar:5.8.2]
	at org.junit.jupiter.engine.execution.InvocationInterceptorChain.invoke(InvocationInterceptorChain.java:37) ~[junit-jupiter-engine-5.8.2.jar:5.8.2]
	at org.junit.jupiter.engine.execution.ExecutableInvoker.invoke(ExecutableInvoker.java:104) ~[junit-jupiter-engine-5.8.2.jar:5.8.2]
	at org.junit.jupiter.engine.execution.ExecutableInvoker.invoke(ExecutableInvoker.java:98) ~[junit-jupiter-engine-5.8.2.jar:5.8.2]
	at org.junit.jupiter.engine.descriptor.TestMethodTestDescriptor.lambda$invokeTestMethod$7(TestMethodTestDescriptor.java:214) ~[junit-jupiter-engine-5.8.2.jar:5.8.2]
	at org.junit.platform.engine.support.hierarchical.ThrowableCollector.execute(ThrowableCollector.java:73) ~[junit-platform-engine-1.8.2.jar:1.8.2]
	at org.junit.jupiter.engine.descriptor.TestMethodTestDescriptor.invokeTestMethod(TestMethodTestDescriptor.java:210) ~[junit-jupiter-engine-5.8.2.jar:5.8.2]
	at org.junit.jupiter.engine.descriptor.TestMethodTestDescriptor.execute(TestMethodTestDescriptor.java:135) ~[junit-jupiter-engine-5.8.2.jar:5.8.2]
	at org.junit.jupiter.engine.descriptor.TestMethodTestDescriptor.execute(TestMethodTestDescriptor.java:66) ~[junit-jupiter-engine-5.8.2.jar:5.8.2]
	at org.junit.platform.engine.support.hierarchical.NodeTestTask.lambda$executeRecursively$6(NodeTestTask.java:151) ~[junit-platform-engine-1.8.2.jar:1.8.2]
	at org.junit.platform.engine.support.hierarchical.ThrowableCollector.execute(ThrowableCollector.java:73) ~[junit-platform-engine-1.8.2.jar:1.8.2]
	at org.junit.platform.engine.support.hierarchical.NodeTestTask.lambda$executeRecursively$8(NodeTestTask.java:141) ~[junit-platform-engine-1.8.2.jar:1.8.2]
	at org.junit.platform.engine.support.hierarchical.Node.around(Node.java:137) ~[junit-platform-engine-1.8.2.jar:1.8.2]
	at org.junit.platform.engine.support.hierarchical.NodeTestTask.lambda$executeRecursively$9(NodeTestTask.java:139) ~[junit-platform-engine-1.8.2.jar:1.8.2]
	at org.junit.platform.engine.support.hierarchical.ThrowableCollector.execute(ThrowableCollector.java:73) ~[junit-platform-engine-1.8.2.jar:1.8.2]
	at org.junit.platform.engine.support.hierarchical.NodeTestTask.executeRecursively(NodeTestTask.java:138) ~[junit-platform-engine-1.8.2.jar:1.8.2]
	at org.junit.platform.engine.support.hierarchical.NodeTestTask.execute(NodeTestTask.java:95) ~[junit-platform-engine-1.8.2.jar:1.8.2]
	at java.base/java.util.ArrayList.forEach(ArrayList.java:1511) ~[na:na]
	at org.junit.platform.engine.support.hierarchical.SameThreadHierarchicalTestExecutorService.invokeAll(SameThreadHierarchicalTestExecutorService.java:41) ~[junit-platform-engine-1.8.2.jar:1.8.2]
	at org.junit.platform.engine.support.hierarchical.NodeTestTask.lambda$executeRecursively$6(NodeTestTask.java:155) ~[junit-platform-engine-1.8.2.jar:1.8.2]
	at org.junit.platform.engine.support.hierarchical.ThrowableCollector.execute(ThrowableCollector.java:73) ~[junit-platform-engine-1.8.2.jar:1.8.2]
	at org.junit.platform.engine.support.hierarchical.NodeTestTask.lambda$executeRecursively$8(NodeTestTask.java:141) ~[junit-platform-engine-1.8.2.jar:1.8.2]
	at org.junit.platform.engine.support.hierarchical.Node.around(Node.java:137) ~[junit-platform-engine-1.8.2.jar:1.8.2]
	at org.junit.platform.engine.support.hierarchical.NodeTestTask.lambda$executeRecursively$9(NodeTestTask.java:139) ~[junit-platform-engine-1.8.2.jar:1.8.2]
	at org.junit.platform.engine.support.hierarchical.ThrowableCollector.execute(ThrowableCollector.java:73) ~[junit-platform-engine-1.8.2.jar:1.8.2]
	at org.junit.platform.engine.support.hierarchical.NodeTestTask.executeRecursively(NodeTestTask.java:138) ~[junit-platform-engine-1.8.2.jar:1.8.2]
	at org.junit.platform.engine.support.hierarchical.NodeTestTask.execute(NodeTestTask.java:95) ~[junit-platform-engine-1.8.2.jar:1.8.2]
	at java.base/java.util.ArrayList.forEach(ArrayList.java:1511) ~[na:na]
	at org.junit.platform.engine.support.hierarchical.SameThreadHierarchicalTestExecutorService.invokeAll(SameThreadHierarchicalTestExecutorService.java:41) ~[junit-platform-engine-1.8.2.jar:1.8.2]
	at org.junit.platform.engine.support.hierarchical.NodeTestTask.lambda$executeRecursively$6(NodeTestTask.java:155) ~[junit-platform-engine-1.8.2.jar:1.8.2]
	at org.junit.platform.engine.support.hierarchical.ThrowableCollector.execute(ThrowableCollector.java:73) ~[junit-platform-engine-1.8.2.jar:1.8.2]
	at org.junit.platform.engine.support.hierarchical.NodeTestTask.lambda$executeRecursively$8(NodeTestTask.java:141) ~[junit-platform-engine-1.8.2.jar:1.8.2]
	at org.junit.platform.engine.support.hierarchical.Node.around(Node.java:137) ~[junit-platform-engine-1.8.2.jar:1.8.2]
	at org.junit.platform.engine.support.hierarchical.NodeTestTask.lambda$executeRecursively$9(NodeTestTask.java:139) ~[junit-platform-engine-1.8.2.jar:1.8.2]
	at org.junit.platform.engine.support.hierarchical.ThrowableCollector.execute(ThrowableCollector.java:73) ~[junit-platform-engine-1.8.2.jar:1.8.2]
	at org.junit.platform.engine.support.hierarchical.NodeTestTask.executeRecursively(NodeTestTask.java:138) ~[junit-platform-engine-1.8.2.jar:1.8.2]
	at org.junit.platform.engine.support.hierarchical.NodeTestTask.execute(NodeTestTask.java:95) ~[junit-platform-engine-1.8.2.jar:1.8.2]
	at org.junit.platform.engine.support.hierarchical.SameThreadHierarchicalTestExecutorService.submit(SameThreadHierarchicalTestExecutorService.java:35) ~[junit-platform-engine-1.8.2.jar:1.8.2]
	at org.junit.platform.engine.support.hierarchical.HierarchicalTestExecutor.execute(HierarchicalTestExecutor.java:57) ~[junit-platform-engine-1.8.2.jar:1.8.2]
	at org.junit.platform.engine.support.hierarchical.HierarchicalTestEngine.execute(HierarchicalTestEngine.java:54) ~[junit-platform-engine-1.8.2.jar:1.8.2]
	at org.junit.platform.launcher.core.EngineExecutionOrchestrator.execute(EngineExecutionOrchestrator.java:107) ~[junit-platform-launcher-1.8.2.jar:1.8.2]
	at org.junit.platform.launcher.core.EngineExecutionOrchestrator.execute(EngineExecutionOrchestrator.java:88) ~[junit-platform-launcher-1.8.2.jar:1.8.2]
	at org.junit.platform.launcher.core.EngineExecutionOrchestrator.lambda$execute$0(EngineExecutionOrchestrator.java:54) ~[junit-platform-launcher-1.8.2.jar:1.8.2]
	at org.junit.platform.launcher.core.EngineExecutionOrchestrator.withInterceptedStreams(EngineExecutionOrchestrator.java:67) ~[junit-platform-launcher-1.8.2.jar:1.8.2]
	at org.junit.platform.launcher.core.EngineExecutionOrchestrator.execute(EngineExecutionOrchestrator.java:52) ~[junit-platform-launcher-1.8.2.jar:1.8.2]
	at org.junit.platform.launcher.core.DefaultLauncher.execute(DefaultLauncher.java:114) ~[junit-platform-launcher-1.8.2.jar:1.8.2]
	at org.junit.platform.launcher.core.DefaultLauncher.execute(DefaultLauncher.java:95) ~[junit-platform-launcher-1.8.2.jar:1.8.2]
	at org.junit.platform.launcher.core.DefaultLauncherSession$DelegatingLauncher.execute(DefaultLauncherSession.java:91) ~[junit-platform-launcher-1.8.2.jar:1.8.2]
	at org.junit.platform.launcher.core.SessionPerRequestLauncher.execute(SessionPerRequestLauncher.java:60) ~[junit-platform-launcher-1.8.2.jar:1.8.2]
	at org.eclipse.jdt.internal.junit5.runner.JUnit5TestReference.run(JUnit5TestReference.java:98) ~[.cp/:na]
	at org.eclipse.jdt.internal.junit.runner.TestExecution.run(TestExecution.java:40) ~[.cp/:na]
	at org.eclipse.jdt.internal.junit.runner.RemoteTestRunner.runTests(RemoteTestRunner.java:529) ~[.cp/:na]
	at org.eclipse.jdt.internal.junit.runner.RemoteTestRunner.runTests(RemoteTestRunner.java:756) ~[.cp/:na]
	at org.eclipse.jdt.internal.junit.runner.RemoteTestRunner.run(RemoteTestRunner.java:452) ~[.cp/:na]
	at org.eclipse.jdt.internal.junit.runner.RemoteTestRunner.main(RemoteTestRunner.java:210) ~[.cp/:na]

2023-07-25 12:03:04.082 ERROR 14764 --- [main] c.e.controller.CustomerController        : Customer not found with ID: 10
2023-07-25 12:03:04.088  INFO 14764 --- [main] c.e.controller.CustomerController        : Updated customer with ID: 1
2023-07-25 12:03:04.097 ERROR 14764 --- [main] c.e.controller.CustomerController        : Error creating customer: Internal Server Error

java.lang.RuntimeException: Internal Server Error
	at com.electric.controller.CustomerController.createCustomer(CustomerController.java:55) ~[classes/:na]
	at com.electric.controller.CustomerControllerTest.lambda$0(CustomerControllerTest.java:73) ~[test-classes/:na]
	at org.junit.jupiter.api.AssertThrows.assertThrows(AssertThrows.java:55) ~[junit-jupiter-api-5.8.2.jar:5.8.2]
	at org.junit.jupiter.api.AssertThrows.assertThrows(AssertThrows.java:37) ~[junit-jupiter-api-5.8.2.jar:5.8.2]
	at org.junit.jupiter.api.Assertions.assertThrows(Assertions.java:3082) ~[junit-jupiter-api-5.8.2.jar:5.8.2]
	at com.electric.controller.CustomerControllerTest.testCreateCustomer_Exception(CustomerControllerTest.java:72) ~[test-classes/:na]
	at java.base/jdk.internal.reflect.NativeMethodAccessorImpl.invoke0(Native Method) ~[na:na]
	at java.base/jdk.internal.reflect.NativeMethodAccessorImpl.invoke(NativeMethodAccessorImpl.java:77) ~[na:na]
	at java.base/jdk.internal.reflect.DelegatingMethodAccessorImpl.invoke(DelegatingMethodAccessorImpl.java:43) ~[na:na]
	at java.base/java.lang.reflect.Method.invoke(Method.java:568) ~[na:na]
	at org.junit.platform.commons.util.ReflectionUtils.invokeMethod(ReflectionUtils.java:725) ~[junit-platform-commons-1.8.2.jar:1.8.2]
	at org.junit.jupiter.engine.execution.MethodInvocation.proceed(MethodInvocation.java:60) ~[junit-jupiter-engine-5.8.2.jar:5.8.2]
	at org.junit.jupiter.engine.execution.InvocationInterceptorChain$ValidatingInvocation.proceed(InvocationInterceptorChain.java:131) ~[junit-jupiter-engine-5.8.2.jar:5.8.2]
	at org.junit.jupiter.engine.extension.TimeoutExtension.intercept(TimeoutExtension.java:149) ~[junit-jupiter-engine-5.8.2.jar:5.8.2]
	at org.junit.jupiter.engine.extension.TimeoutExtension.interceptTestableMethod(TimeoutExtension.java:140) ~[junit-jupiter-engine-5.8.2.jar:5.8.2]
	at org.junit.jupiter.engine.extension.TimeoutExtension.interceptTestMethod(TimeoutExtension.java:84) ~[junit-jupiter-engine-5.8.2.jar:5.8.2]
	at org.junit.jupiter.engine.execution.ExecutableInvoker$ReflectiveInterceptorCall.lambda$ofVoidMethod$0(ExecutableInvoker.java:115) ~[junit-jupiter-engine-5.8.2.jar:5.8.2]
	at org.junit.jupiter.engine.execution.ExecutableInvoker.lambda$invoke$0(ExecutableInvoker.java:105) ~[junit-jupiter-engine-5.8.2.jar:5.8.2]
	at org.junit.jupiter.engine.execution.InvocationInterceptorChain$InterceptedInvocation.proceed(InvocationInterceptorChain.java:106) ~[junit-jupiter-engine-5.8.2.jar:5.8.2]
	at org.junit.jupiter.engine.execution.InvocationInterceptorChain.proceed(InvocationInterceptorChain.java:64) ~[junit-jupiter-engine-5.8.2.jar:5.8.2]
	at org.junit.jupiter.engine.execution.InvocationInterceptorChain.chainAndInvoke(InvocationInterceptorChain.java:45) ~[junit-jupiter-engine-5.8.2.jar:5.8.2]
	at org.junit.jupiter.engine.execution.InvocationInterceptorChain.invoke(InvocationInterceptorChain.java:37) ~[junit-jupiter-engine-5.8.2.jar:5.8.2]
	at org.junit.jupiter.engine.execution.ExecutableInvoker.invoke(ExecutableInvoker.java:104) ~[junit-jupiter-engine-5.8.2.jar:5.8.2]
	at org.junit.jupiter.engine.execution.ExecutableInvoker.invoke(ExecutableInvoker.java:98) ~[junit-jupiter-engine-5.8.2.jar:5.8.2]
	at org.junit.jupiter.engine.descriptor.TestMethodTestDescriptor.lambda$invokeTestMethod$7(TestMethodTestDescriptor.java:214) ~[junit-jupiter-engine-5.8.2.jar:5.8.2]
	at org.junit.platform.engine.support.hierarchical.ThrowableCollector.execute(ThrowableCollector.java:73) ~[junit-platform-engine-1.8.2.jar:1.8.2]
	at org.junit.jupiter.engine.descriptor.TestMethodTestDescriptor.invokeTestMethod(TestMethodTestDescriptor.java:210) ~[junit-jupiter-engine-5.8.2.jar:5.8.2]
	at org.junit.jupiter.engine.descriptor.TestMethodTestDescriptor.execute(TestMethodTestDescriptor.java:135) ~[junit-jupiter-engine-5.8.2.jar:5.8.2]
	at org.junit.jupiter.engine.descriptor.TestMethodTestDescriptor.execute(TestMethodTestDescriptor.java:66) ~[junit-jupiter-engine-5.8.2.jar:5.8.2]
	at org.junit.platform.engine.support.hierarchical.NodeTestTask.lambda$executeRecursively$6(NodeTestTask.java:151) ~[junit-platform-engine-1.8.2.jar:1.8.2]
	at org.junit.platform.engine.support.hierarchical.ThrowableCollector.execute(ThrowableCollector.java:73) ~[junit-platform-engine-1.8.2.jar:1.8.2]
	at org.junit.platform.engine.support.hierarchical.NodeTestTask.lambda$executeRecursively$8(NodeTestTask.java:141) ~[junit-platform-engine-1.8.2.jar:1.8.2]
	at org.junit.platform.engine.support.hierarchical.Node.around(Node.java:137) ~[junit-platform-engine-1.8.2.jar:1.8.2]
	at org.junit.platform.engine.support.hierarchical.NodeTestTask.lambda$executeRecursively$9(NodeTestTask.java:139) ~[junit-platform-engine-1.8.2.jar:1.8.2]
	at org.junit.platform.engine.support.hierarchical.ThrowableCollector.execute(ThrowableCollector.java:73) ~[junit-platform-engine-1.8.2.jar:1.8.2]
	at org.junit.platform.engine.support.hierarchical.NodeTestTask.executeRecursively(NodeTestTask.java:138) ~[junit-platform-engine-1.8.2.jar:1.8.2]
	at org.junit.platform.engine.support.hierarchical.NodeTestTask.execute(NodeTestTask.java:95) ~[junit-platform-engine-1.8.2.jar:1.8.2]
	at java.base/java.util.ArrayList.forEach(ArrayList.java:1511) ~[na:na]
	at org.junit.platform.engine.support.hierarchical.SameThreadHierarchicalTestExecutorService.invokeAll(SameThreadHierarchicalTestExecutorService.java:41) ~[junit-platform-engine-1.8.2.jar:1.8.2]
	at org.junit.platform.engine.support.hierarchical.NodeTestTask.lambda$executeRecursively$6(NodeTestTask.java:155) ~[junit-platform-engine-1.8.2.jar:1.8.2]
	at org.junit.platform.engine.support.hierarchical.ThrowableCollector.execute(ThrowableCollector.java:73) ~[junit-platform-engine-1.8.2.jar:1.8.2]
	at org.junit.platform.engine.support.hierarchical.NodeTestTask.lambda$executeRecursively$8(NodeTestTask.java:141) ~[junit-platform-engine-1.8.2.jar:1.8.2]
	at org.junit.platform.engine.support.hierarchical.Node.around(Node.java:137) ~[junit-platform-engine-1.8.2.jar:1.8.2]
	at org.junit.platform.engine.support.hierarchical.NodeTestTask.lambda$executeRecursively$9(NodeTestTask.java:139) ~[junit-platform-engine-1.8.2.jar:1.8.2]
	at org.junit.platform.engine.support.hierarchical.ThrowableCollector.execute(ThrowableCollector.java:73) ~[junit-platform-engine-1.8.2.jar:1.8.2]
	at org.junit.platform.engine.support.hierarchical.NodeTestTask.executeRecursively(NodeTestTask.java:138) ~[junit-platform-engine-1.8.2.jar:1.8.2]
	at org.junit.platform.engine.support.hierarchical.NodeTestTask.execute(NodeTestTask.java:95) ~[junit-platform-engine-1.8.2.jar:1.8.2]
	at java.base/java.util.ArrayList.forEach(ArrayList.java:1511) ~[na:na]
	at org.junit.platform.engine.support.hierarchical.SameThreadHierarchicalTestExecutorService.invokeAll(SameThreadHierarchicalTestExecutorService.java:41) ~[junit-platform-engine-1.8.2.jar:1.8.2]
	at org.junit.platform.engine.support.hierarchical.NodeTestTask.lambda$executeRecursively$6(NodeTestTask.java:155) ~[junit-platform-engine-1.8.2.jar:1.8.2]
	at org.junit.platform.engine.support.hierarchical.ThrowableCollector.execute(ThrowableCollector.java:73) ~[junit-platform-engine-1.8.2.jar:1.8.2]
	at org.junit.platform.engine.support.hierarchical.NodeTestTask.lambda$executeRecursively$8(NodeTestTask.java:141) ~[junit-platform-engine-1.8.2.jar:1.8.2]
	at org.junit.platform.engine.support.hierarchical.Node.around(Node.java:137) ~[junit-platform-engine-1.8.2.jar:1.8.2]
	at org.junit.platform.engine.support.hierarchical.NodeTestTask.lambda$executeRecursively$9(NodeTestTask.java:139) ~[junit-platform-engine-1.8.2.jar:1.8.2]
	at org.junit.platform.engine.support.hierarchical.ThrowableCollector.execute(ThrowableCollector.java:73) ~[junit-platform-engine-1.8.2.jar:1.8.2]
	at org.junit.platform.engine.support.hierarchical.NodeTestTask.executeRecursively(NodeTestTask.java:138) ~[junit-platform-engine-1.8.2.jar:1.8.2]
	at org.junit.platform.engine.support.hierarchical.NodeTestTask.execute(NodeTestTask.java:95) ~[junit-platform-engine-1.8.2.jar:1.8.2]
	at org.junit.platform.engine.support.hierarchical.SameThreadHierarchicalTestExecutorService.submit(SameThreadHierarchicalTestExecutorService.java:35) ~[junit-platform-engine-1.8.2.jar:1.8.2]
	at org.junit.platform.engine.support.hierarchical.HierarchicalTestExecutor.execute(HierarchicalTestExecutor.java:57) ~[junit-platform-engine-1.8.2.jar:1.8.2]
	at org.junit.platform.engine.support.hierarchical.HierarchicalTestEngine.execute(HierarchicalTestEngine.java:54) ~[junit-platform-engine-1.8.2.jar:1.8.2]
	at org.junit.platform.launcher.core.EngineExecutionOrchestrator.execute(EngineExecutionOrchestrator.java:107) ~[junit-platform-launcher-1.8.2.jar:1.8.2]
	at org.junit.platform.launcher.core.EngineExecutionOrchestrator.execute(EngineExecutionOrchestrator.java:88) ~[junit-platform-launcher-1.8.2.jar:1.8.2]
	at org.junit.platform.launcher.core.EngineExecutionOrchestrator.lambda$execute$0(EngineExecutionOrchestrator.java:54) ~[junit-platform-launcher-1.8.2.jar:1.8.2]
	at org.junit.platform.launcher.core.EngineExecutionOrchestrator.withInterceptedStreams(EngineExecutionOrchestrator.java:67) ~[junit-platform-launcher-1.8.2.jar:1.8.2]
	at org.junit.platform.launcher.core.EngineExecutionOrchestrator.execute(EngineExecutionOrchestrator.java:52) ~[junit-platform-launcher-1.8.2.jar:1.8.2]
	at org.junit.platform.launcher.core.DefaultLauncher.execute(DefaultLauncher.java:114) ~[junit-platform-launcher-1.8.2.jar:1.8.2]
	at org.junit.platform.launcher.core.DefaultLauncher.execute(DefaultLauncher.java:95) ~[junit-platform-launcher-1.8.2.jar:1.8.2]
	at org.junit.platform.launcher.core.DefaultLauncherSession$DelegatingLauncher.execute(DefaultLauncherSession.java:91) ~[junit-platform-launcher-1.8.2.jar:1.8.2]
	at org.junit.platform.launcher.core.SessionPerRequestLauncher.execute(SessionPerRequestLauncher.java:60) ~[junit-platform-launcher-1.8.2.jar:1.8.2]
	at org.eclipse.jdt.internal.junit5.runner.JUnit5TestReference.run(JUnit5TestReference.java:98) ~[.cp/:na]
	at org.eclipse.jdt.internal.junit.runner.TestExecution.run(TestExecution.java:40) ~[.cp/:na]
	at org.eclipse.jdt.internal.junit.runner.RemoteTestRunner.runTests(RemoteTestRunner.java:529) ~[.cp/:na]
	at org.eclipse.jdt.internal.junit.runner.RemoteTestRunner.runTests(RemoteTestRunner.java:756) ~[.cp/:na]
	at org.eclipse.jdt.internal.junit.runner.RemoteTestRunner.run(RemoteTestRunner.java:452) ~[.cp/:na]
	at org.eclipse.jdt.internal.junit.runner.RemoteTestRunner.main(RemoteTestRunner.java:210) ~[.cp/:na]

2023-07-25 12:03:04.105  INFO 14764 --- [main] c.e.controller.CustomerController        : Created customer with ID: 1
2023-07-25 12:03:04.115  WARN 14764 --- [main] c.e.controller.CustomerController        : Customer not found with ID: 1
2023-07-25 12:03:04.124  WARN 14764 --- [main] c.e.controller.CustomerController        : Customer not found with ID: 1
2023-07-25 12:03:04.131  INFO 14764 --- [main] c.e.controller.CustomerController        : Calculated bill for customer with ID: 1
2023-07-25 12:03:04.138  INFO 14764 --- [main] c.e.controller.CustomerController        : Deleted customer with ID: 1
2023-07-25 12:03:04.144  INFO 14764 --- [main] c.e.controller.CustomerController        : Retrieved customer by ID: 1
2023-07-25 12:03:04.149  INFO 14764 --- [main] .b.t.c.SpringBootTestContextBootstrapper : Neither @ContextConfiguration nor @ContextHierarchy found for test class [com.electric.serviceImpl.CustomerServiceImplTest], using SpringBootContextLoader
2023-07-25 12:03:04.150  INFO 14764 --- [main] o.s.t.c.support.AbstractContextLoader    : Could not detect default resource locations for test class [com.electric.serviceImpl.CustomerServiceImplTest]: no resource found for suffixes {-context.xml, Context.groovy}.
2023-07-25 12:03:04.150  INFO 14764 --- [main] t.c.s.AnnotationConfigContextLoaderUtils : Could not detect default configuration classes for test class [com.electric.serviceImpl.CustomerServiceImplTest]: CustomerServiceImplTest does not declare any static, non-private, non-final, nested classes annotated with @Configuration.
2023-07-25 12:03:04.157  INFO 14764 --- [main] .b.t.c.SpringBootTestContextBootstrapper : Found @SpringBootConfiguration com.electric.ElectricityManagementSystemApplication for test class com.electric.serviceImpl.CustomerServiceImplTest
2023-07-25 12:03:04.160  INFO 14764 --- [main] .b.t.c.SpringBootTestContextBootstrapper : Loaded default TestExecutionListener class names from location [META-INF/spring.factories]: [org.springframework.boot.test.mock.mockito.MockitoTestExecutionListener, org.springframework.boot.test.mock.mockito.ResetMocksTestExecutionListener, org.springframework.boot.test.autoconfigure.restdocs.RestDocsTestExecutionListener, org.springframework.boot.test.autoconfigure.web.client.MockRestServiceServerResetTestExecutionListener, org.springframework.boot.test.autoconfigure.web.servlet.MockMvcPrintOnlyOnFailureTestExecutionListener, org.springframework.boot.test.autoconfigure.web.servlet.WebDriverTestExecutionListener, org.springframework.boot.test.autoconfigure.webservices.client.MockWebServiceServerTestExecutionListener, org.springframework.test.context.web.ServletTestExecutionListener, org.springframework.test.context.support.DirtiesContextBeforeModesTestExecutionListener, org.springframework.test.context.event.ApplicationEventsTestExecutionListener, org.springframework.test.context.support.DependencyInjectionTestExecutionListener, org.springframework.test.context.support.DirtiesContextTestExecutionListener, org.springframework.test.context.transaction.TransactionalTestExecutionListener, org.springframework.test.context.jdbc.SqlScriptsTestExecutionListener, org.springframework.test.context.event.EventPublishingTestExecutionListener]
2023-07-25 12:03:04.161  INFO 14764 --- [main] .b.t.c.SpringBootTestContextBootstrapper : Using TestExecutionListeners: [org.springframework.test.context.web.ServletTestExecutionListener@1fa3f72, org.springframework.test.context.support.DirtiesContextBeforeModesTestExecutionListener@6b874125, org.springframework.test.context.event.ApplicationEventsTestExecutionListener@49029e1d, org.springframework.boot.test.mock.mockito.MockitoTestExecutionListener@7d001f48, org.springframework.boot.test.autoconfigure.SpringBootDependencyInjectionTestExecutionListener@2d51be35, org.springframework.test.context.support.DirtiesContextTestExecutionListener@7c0e5cd3, org.springframework.test.context.transaction.TransactionalTestExecutionListener@2121c739, org.springframework.test.context.jdbc.SqlScriptsTestExecutionListener@5ca6660a, org.springframework.test.context.event.EventPublishingTestExecutionListener@7ca6dbbd, org.springframework.boot.test.mock.mockito.ResetMocksTestExecutionListener@72c0e83e, org.springframework.boot.test.autoconfigure.restdocs.RestDocsTestExecutionListener@5df7f150, org.springframework.boot.test.autoconfigure.web.client.MockRestServiceServerResetTestExecutionListener@320e5ad2, org.springframework.boot.test.autoconfigure.web.servlet.MockMvcPrintOnlyOnFailureTestExecutionListener@78bf141d, org.springframework.boot.test.autoconfigure.web.servlet.WebDriverTestExecutionListener@d4b922c, org.springframework.boot.test.autoconfigure.webservices.client.MockWebServiceServerTestExecutionListener@6fd48fa4]
2023-07-25 12:03:04.301  INFO 14764 --- [main] c.e.serviceImpl.CustomerServiceImpl      : Retrieving customer by ID: 1
2023-07-25 12:03:04.316 ERROR 14764 --- [main] c.e.serviceImpl.CustomerServiceImpl      : Error occurred while retrieving customer by ID: Customer not found with ID: 1
2023-07-25 12:03:04.324 ERROR 14764 --- [main] c.e.serviceImpl.CustomerServiceImpl      : Error occurred while updating customer: Customer not found with ID: 1
2023-07-25 12:03:04.340  INFO 14764 --- [main] c.e.serviceImpl.CustomerServiceImpl      : Retrieving all customers. Total count: 2
2023-07-25 12:03:04.355  INFO 14764 --- [main] c.e.serviceImpl.CustomerServiceImpl      : Customer saved successfully. Customer ID: null
2023-07-25 12:03:04.364  INFO 14764 --- [main] c.e.serviceImpl.CustomerServiceImpl      : Updating customer. Customer ID: 1
2023-07-25 12:03:04.375  INFO 14764 --- [main] c.e.serviceImpl.CustomerServiceImpl      : Customer saved successfully. Customer ID: 1
2023-07-25 12:03:04.395  INFO 14764 --- [main] c.e.serviceImpl.CustomerServiceImpl      : Customer saved successfully. Customer ID: null
2023-07-25 12:03:04.403  INFO 14764 --- [main] c.e.serviceImpl.CustomerServiceImpl      : Calculating bill for customer. Customer ID: 1, Bill Amount: 2850.0
2023-07-25 12:03:04.410 ERROR 14764 --- [main] c.e.serviceImpl.CustomerServiceImpl      : Error occurred while calculating bill of the customer: Customer not found with ID: 1
2023-07-25 12:03:04.415  INFO 14764 --- [main] .b.t.c.SpringBootTestContextBootstrapper : Neither @ContextConfiguration nor @ContextHierarchy found for test class [com.electric.serviceImpl.SupplierServiceImplTest], using SpringBootContextLoader
2023-07-25 12:03:04.416  INFO 14764 --- [main] o.s.t.c.support.AbstractContextLoader    : Could not detect default resource locations for test class [com.electric.serviceImpl.SupplierServiceImplTest]: no resource found for suffixes {-context.xml, Context.groovy}.
2023-07-25 12:03:04.416  INFO 14764 --- [main] t.c.s.AnnotationConfigContextLoaderUtils : Could not detect default configuration classes for test class [com.electric.serviceImpl.SupplierServiceImplTest]: SupplierServiceImplTest does not declare any static, non-private, non-final, nested classes annotated with @Configuration.
2023-07-25 12:03:04.419  INFO 14764 --- [main] .b.t.c.SpringBootTestContextBootstrapper : Found @SpringBootConfiguration com.electric.ElectricityManagementSystemApplication for test class com.electric.serviceImpl.SupplierServiceImplTest
2023-07-25 12:03:04.422  INFO 14764 --- [main] .b.t.c.SpringBootTestContextBootstrapper : Loaded default TestExecutionListener class names from location [META-INF/spring.factories]: [org.springframework.boot.test.mock.mockito.MockitoTestExecutionListener, org.springframework.boot.test.mock.mockito.ResetMocksTestExecutionListener, org.springframework.boot.test.autoconfigure.restdocs.RestDocsTestExecutionListener, org.springframework.boot.test.autoconfigure.web.client.MockRestServiceServerResetTestExecutionListener, org.springframework.boot.test.autoconfigure.web.servlet.MockMvcPrintOnlyOnFailureTestExecutionListener, org.springframework.boot.test.autoconfigure.web.servlet.WebDriverTestExecutionListener, org.springframework.boot.test.autoconfigure.webservices.client.MockWebServiceServerTestExecutionListener, org.springframework.test.context.web.ServletTestExecutionListener, org.springframework.test.context.support.DirtiesContextBeforeModesTestExecutionListener, org.springframework.test.context.event.ApplicationEventsTestExecutionListener, org.springframework.test.context.support.DependencyInjectionTestExecutionListener, org.springframework.test.context.support.DirtiesContextTestExecutionListener, org.springframework.test.context.transaction.TransactionalTestExecutionListener, org.springframework.test.context.jdbc.SqlScriptsTestExecutionListener, org.springframework.test.context.event.EventPublishingTestExecutionListener]
2023-07-25 12:03:04.422  INFO 14764 --- [main] .b.t.c.SpringBootTestContextBootstrapper : Using TestExecutionListeners: [org.springframework.test.context.web.ServletTestExecutionListener@452710be, org.springframework.test.context.support.DirtiesContextBeforeModesTestExecutionListener@3bc184b0, org.springframework.test.context.event.ApplicationEventsTestExecutionListener@11fb91e7, org.springframework.boot.test.mock.mockito.MockitoTestExecutionListener@307951f5, org.springframework.boot.test.autoconfigure.SpringBootDependencyInjectionTestExecutionListener@4d2605a4, org.springframework.test.context.support.DirtiesContextTestExecutionListener@7af5ecb4, org.springframework.test.context.transaction.TransactionalTestExecutionListener@37cc3ea4, org.springframework.test.context.jdbc.SqlScriptsTestExecutionListener@4d403751, org.springframework.test.context.event.EventPublishingTestExecutionListener@30361078, org.springframework.boot.test.mock.mockito.ResetMocksTestExecutionListener@6573ca86, org.springframework.boot.test.autoconfigure.restdocs.RestDocsTestExecutionListener@331cf192, org.springframework.boot.test.autoconfigure.web.client.MockRestServiceServerResetTestExecutionListener@7faaa21f, org.springframework.boot.test.autoconfigure.web.servlet.MockMvcPrintOnlyOnFailureTestExecutionListener@7f9fd842, org.springframework.boot.test.autoconfigure.web.servlet.WebDriverTestExecutionListener@4c30acd, org.springframework.boot.test.autoconfigure.webservices.client.MockWebServiceServerTestExecutionListener@5007fba6]
2023-07-25 12:03:04.429  INFO 14764 --- [main] c.electric.serviceImpl.MeterServiceImpl  : Updating supplier with ID: 1
2023-07-25 12:03:04.436  INFO 14764 --- [main] c.electric.serviceImpl.MeterServiceImpl  : Retrieving all Suppliers.
2023-07-25 12:03:04.446  INFO 14764 --- [main] c.electric.serviceImpl.MeterServiceImpl  : Saving the Supplier
2023-07-25 12:03:04.447 ERROR 14764 --- [main] c.electric.serviceImpl.MeterServiceImpl  : Error occurred while saving supplier: Error saving supplier
2023-07-25 12:03:04.455  INFO 14764 --- [main] c.electric.serviceImpl.MeterServiceImpl  : Deleting the supplier th ID : 1
2023-07-25 12:03:04.463  INFO 14764 --- [main] c.electric.serviceImpl.MeterServiceImpl  : Retrieving supplier with ID: 1
2023-07-25 12:03:04.470  INFO 14764 --- [main] c.electric.serviceImpl.MeterServiceImpl  : Saving the Supplier
2023-07-25 12:03:04.478 ERROR 14764 --- [main] c.electric.serviceImpl.MeterServiceImpl  : Error occurred while retrieving supplier by ID: 1
2023-07-25 12:03:04.485  INFO 14764 --- [main] c.electric.serviceImpl.MeterServiceImpl  : Retrieving supplier with ID: 1
2023-07-25 12:03:04.486 ERROR 14764 --- [main] c.electric.serviceImpl.MeterServiceImpl  : Error occurred while retrieving supplier by ID: 1
2023-07-25 12:03:04.490  INFO 14764 --- [main] .b.t.c.SpringBootTestContextBootstrapper : Neither @ContextConfiguration nor @ContextHierarchy found for test class [com.electric.serviceImpl.EmailServiceImplTest], using SpringBootContextLoader
2023-07-25 12:03:04.491  INFO 14764 --- [main] o.s.t.c.support.AbstractContextLoader    : Could not detect default resource locations for test class [com.electric.serviceImpl.EmailServiceImplTest]: no resource found for suffixes {-context.xml, Context.groovy}.
2023-07-25 12:03:04.491  INFO 14764 --- [main] t.c.s.AnnotationConfigContextLoaderUtils : Could not detect default configuration classes for test class [com.electric.serviceImpl.EmailServiceImplTest]: EmailServiceImplTest does not declare any static, non-private, non-final, nested classes annotated with @Configuration.
2023-07-25 12:03:04.492  INFO 14764 --- [main] .b.t.c.SpringBootTestContextBootstrapper : Found @SpringBootConfiguration com.electric.ElectricityManagementSystemApplication for test class com.electric.serviceImpl.EmailServiceImplTest
2023-07-25 12:03:04.495  INFO 14764 --- [main] .b.t.c.SpringBootTestContextBootstrapper : Loaded default TestExecutionListener class names from location [META-INF/spring.factories]: [org.springframework.boot.test.mock.mockito.MockitoTestExecutionListener, org.springframework.boot.test.mock.mockito.ResetMocksTestExecutionListener, org.springframework.boot.test.autoconfigure.restdocs.RestDocsTestExecutionListener, org.springframework.boot.test.autoconfigure.web.client.MockRestServiceServerResetTestExecutionListener, org.springframework.boot.test.autoconfigure.web.servlet.MockMvcPrintOnlyOnFailureTestExecutionListener, org.springframework.boot.test.autoconfigure.web.servlet.WebDriverTestExecutionListener, org.springframework.boot.test.autoconfigure.webservices.client.MockWebServiceServerTestExecutionListener, org.springframework.test.context.web.ServletTestExecutionListener, org.springframework.test.context.support.DirtiesContextBeforeModesTestExecutionListener, org.springframework.test.context.event.ApplicationEventsTestExecutionListener, org.springframework.test.context.support.DependencyInjectionTestExecutionListener, org.springframework.test.context.support.DirtiesContextTestExecutionListener, org.springframework.test.context.transaction.TransactionalTestExecutionListener, org.springframework.test.context.jdbc.SqlScriptsTestExecutionListener, org.springframework.test.context.event.EventPublishingTestExecutionListener]
2023-07-25 12:03:04.496  INFO 14764 --- [main] .b.t.c.SpringBootTestContextBootstrapper : Using TestExecutionListeners: [org.springframework.test.context.web.ServletTestExecutionListener@6aae5a28, org.springframework.test.context.support.DirtiesContextBeforeModesTestExecutionListener@34e2e1e7, org.springframework.test.context.event.ApplicationEventsTestExecutionListener@79c74143, org.springframework.boot.test.mock.mockito.MockitoTestExecutionListener@35d38d55, org.springframework.boot.test.autoconfigure.SpringBootDependencyInjectionTestExecutionListener@2d34fedd, org.springframework.test.context.support.DirtiesContextTestExecutionListener@efacf45, org.springframework.test.context.transaction.TransactionalTestExecutionListener@4df45a80, org.springframework.test.context.jdbc.SqlScriptsTestExecutionListener@6464df4e, org.springframework.test.context.event.EventPublishingTestExecutionListener@6e2c1709, org.springframework.boot.test.mock.mockito.ResetMocksTestExecutionListener@36747d6e, org.springframework.boot.test.autoconfigure.restdocs.RestDocsTestExecutionListener@593b117a, org.springframework.boot.test.autoconfigure.web.client.MockRestServiceServerResetTestExecutionListener@1b673bbc, org.springframework.boot.test.autoconfigure.web.servlet.MockMvcPrintOnlyOnFailureTestExecutionListener@15fdf386, org.springframework.boot.test.autoconfigure.web.servlet.WebDriverTestExecutionListener@77635a, org.springframework.boot.test.autoconfigure.webservices.client.MockWebServiceServerTestExecutionListener@1c612ef]
2023-07-25 12:03:04.679  INFO 14764 --- [main] .b.t.c.SpringBootTestContextBootstrapper : Neither @ContextConfiguration nor @ContextHierarchy found for test class [com.electric.serviceImpl.MeterServiceImplTest], using SpringBootContextLoader
2023-07-25 12:03:04.681  INFO 14764 --- [main] o.s.t.c.support.AbstractContextLoader    : Could not detect default resource locations for test class [com.electric.serviceImpl.MeterServiceImplTest]: no resource found for suffixes {-context.xml, Context.groovy}.
2023-07-25 12:03:04.681  INFO 14764 --- [main] t.c.s.AnnotationConfigContextLoaderUtils : Could not detect default configuration classes for test class [com.electric.serviceImpl.MeterServiceImplTest]: MeterServiceImplTest does not declare any static, non-private, non-final, nested classes annotated with @Configuration.
2023-07-25 12:03:04.683  INFO 14764 --- [main] .b.t.c.SpringBootTestContextBootstrapper : Found @SpringBootConfiguration com.electric.ElectricityManagementSystemApplication for test class com.electric.serviceImpl.MeterServiceImplTest
2023-07-25 12:03:04.687  INFO 14764 --- [main] .b.t.c.SpringBootTestContextBootstrapper : Loaded default TestExecutionListener class names from location [META-INF/spring.factories]: [org.springframework.boot.test.mock.mockito.MockitoTestExecutionListener, org.springframework.boot.test.mock.mockito.ResetMocksTestExecutionListener, org.springframework.boot.test.autoconfigure.restdocs.RestDocsTestExecutionListener, org.springframework.boot.test.autoconfigure.web.client.MockRestServiceServerResetTestExecutionListener, org.springframework.boot.test.autoconfigure.web.servlet.MockMvcPrintOnlyOnFailureTestExecutionListener, org.springframework.boot.test.autoconfigure.web.servlet.WebDriverTestExecutionListener, org.springframework.boot.test.autoconfigure.webservices.client.MockWebServiceServerTestExecutionListener, org.springframework.test.context.web.ServletTestExecutionListener, org.springframework.test.context.support.DirtiesContextBeforeModesTestExecutionListener, org.springframework.test.context.event.ApplicationEventsTestExecutionListener, org.springframework.test.context.support.DependencyInjectionTestExecutionListener, org.springframework.test.context.support.DirtiesContextTestExecutionListener, org.springframework.test.context.transaction.TransactionalTestExecutionListener, org.springframework.test.context.jdbc.SqlScriptsTestExecutionListener, org.springframework.test.context.event.EventPublishingTestExecutionListener]
2023-07-25 12:03:04.687  INFO 14764 --- [main] .b.t.c.SpringBootTestContextBootstrapper : Using TestExecutionListeners: [org.springframework.test.context.web.ServletTestExecutionListener@2f9934f2, org.springframework.test.context.support.DirtiesContextBeforeModesTestExecutionListener@2785b3c8, org.springframework.test.context.event.ApplicationEventsTestExecutionListener@5af7e70, org.springframework.boot.test.mock.mockito.MockitoTestExecutionListener@56200a9b, org.springframework.boot.test.autoconfigure.SpringBootDependencyInjectionTestExecutionListener@30f88a09, org.springframework.test.context.support.DirtiesContextTestExecutionListener@3ae9642d, org.springframework.test.context.transaction.TransactionalTestExecutionListener@44cbc1fe, org.springframework.test.context.jdbc.SqlScriptsTestExecutionListener@12696f2e, org.springframework.test.context.event.EventPublishingTestExecutionListener@663517a8, org.springframework.boot.test.mock.mockito.ResetMocksTestExecutionListener@178cdf4f, org.springframework.boot.test.autoconfigure.restdocs.RestDocsTestExecutionListener@d522871, org.springframework.boot.test.autoconfigure.web.client.MockRestServiceServerResetTestExecutionListener@549b26ea, org.springframework.boot.test.autoconfigure.web.servlet.MockMvcPrintOnlyOnFailureTestExecutionListener@1adde386, org.springframework.boot.test.autoconfigure.web.servlet.WebDriverTestExecutionListener@6bda3135, org.springframework.boot.test.autoconfigure.webservices.client.MockWebServiceServerTestExecutionListener@77578d9f]
2023-07-25 12:03:04.693  INFO 14764 --- [main] c.electric.serviceImpl.MeterServiceImpl  : Deleting meter with ID: 1
2023-07-25 12:03:04.701 ERROR 14764 --- [main] c.electric.serviceImpl.MeterServiceImpl  : Error occurred while retrieving meter by ID: Meter not found with ID: 1
2023-07-25 12:03:04.708  INFO 14764 --- [main] c.electric.serviceImpl.MeterServiceImpl  : Updating meter with ID: 1
2023-07-25 12:03:04.726  INFO 14764 --- [main] c.electric.serviceImpl.MeterServiceImpl  : Retrieving all meters.
2023-07-25 12:03:04.731  INFO 14764 --- [main] c.electric.serviceImpl.MeterServiceImpl  : Saving the meter
2023-07-25 12:03:04.731 ERROR 14764 --- [main] c.electric.serviceImpl.MeterServiceImpl  : Error occurred while saving meter: Error saving meter
2023-07-25 12:03:04.738  INFO 14764 --- [main] c.electric.serviceImpl.MeterServiceImpl  : Saving the meter
2023-07-25 12:03:04.746 ERROR 14764 --- [main] c.electric.serviceImpl.MeterServiceImpl  : Error occurred while updating meter: Meter not found with ID: 1
2023-07-25 12:03:04.751  INFO 14764 --- [main] .b.t.c.SpringBootTestContextBootstrapper : Neither @ContextConfiguration nor @ContextHierarchy found for test class [com.electric.component.DatabaseInitializerTest], using SpringBootContextLoader
2023-07-25 12:03:04.752  INFO 14764 --- [main] o.s.t.c.support.AbstractContextLoader    : Could not detect default resource locations for test class [com.electric.component.DatabaseInitializerTest]: no resource found for suffixes {-context.xml, Context.groovy}.
2023-07-25 12:03:04.753  INFO 14764 --- [main] t.c.s.AnnotationConfigContextLoaderUtils : Could not detect default configuration classes for test class [com.electric.component.DatabaseInitializerTest]: DatabaseInitializerTest does not declare any static, non-private, non-final, nested classes annotated with @Configuration.
2023-07-25 12:03:04.759  INFO 14764 --- [main] .b.t.c.SpringBootTestContextBootstrapper : Found @SpringBootConfiguration com.electric.ElectricityManagementSystemApplication for test class com.electric.component.DatabaseInitializerTest
2023-07-25 12:03:04.760  INFO 14764 --- [main] .b.t.c.SpringBootTestContextBootstrapper : Loaded default TestExecutionListener class names from location [META-INF/spring.factories]: [org.springframework.boot.test.mock.mockito.MockitoTestExecutionListener, org.springframework.boot.test.mock.mockito.ResetMocksTestExecutionListener, org.springframework.boot.test.autoconfigure.restdocs.RestDocsTestExecutionListener, org.springframework.boot.test.autoconfigure.web.client.MockRestServiceServerResetTestExecutionListener, org.springframework.boot.test.autoconfigure.web.servlet.MockMvcPrintOnlyOnFailureTestExecutionListener, org.springframework.boot.test.autoconfigure.web.servlet.WebDriverTestExecutionListener, org.springframework.boot.test.autoconfigure.webservices.client.MockWebServiceServerTestExecutionListener, org.springframework.test.context.web.ServletTestExecutionListener, org.springframework.test.context.support.DirtiesContextBeforeModesTestExecutionListener, org.springframework.test.context.event.ApplicationEventsTestExecutionListener, org.springframework.test.context.support.DependencyInjectionTestExecutionListener, org.springframework.test.context.support.DirtiesContextTestExecutionListener, org.springframework.test.context.transaction.TransactionalTestExecutionListener, org.springframework.test.context.jdbc.SqlScriptsTestExecutionListener, org.springframework.test.context.event.EventPublishingTestExecutionListener]
2023-07-25 12:03:04.761  INFO 14764 --- [main] .b.t.c.SpringBootTestContextBootstrapper : Using TestExecutionListeners: [org.springframework.test.context.web.ServletTestExecutionListener@2d15387e, org.springframework.test.context.support.DirtiesContextBeforeModesTestExecutionListener@70344c2d, org.springframework.test.context.event.ApplicationEventsTestExecutionListener@7046a503, org.springframework.boot.test.mock.mockito.MockitoTestExecutionListener@64e95bb0, org.springframework.boot.test.autoconfigure.SpringBootDependencyInjectionTestExecutionListener@60bb599b, org.springframework.test.context.support.DirtiesContextTestExecutionListener@32bc2485, org.springframework.test.context.transaction.TransactionalTestExecutionListener@7717f16c, org.springframework.test.context.jdbc.SqlScriptsTestExecutionListener@598d00e5, org.springframework.test.context.event.EventPublishingTestExecutionListener@6340fdce, org.springframework.boot.test.mock.mockito.ResetMocksTestExecutionListener@300b752f, org.springframework.boot.test.autoconfigure.restdocs.RestDocsTestExecutionListener@78df7ed3, org.springframework.boot.test.autoconfigure.web.client.MockRestServiceServerResetTestExecutionListener@4964d305, org.springframework.boot.test.autoconfigure.web.servlet.MockMvcPrintOnlyOnFailureTestExecutionListener@2d2ef96a, org.springframework.boot.test.autoconfigure.web.servlet.WebDriverTestExecutionListener@46e743ed, org.springframework.boot.test.autoconfigure.webservices.client.MockWebServiceServerTestExecutionListener@454d9404]
2023-07-25 12:03:05.281  INFO 14764 --- [SpringApplicationShutdownHook] j.LocalContainerEntityManagerFactoryBean : Closing JPA EntityManagerFactory for persistence unit 'default'
2023-07-25 12:03:05.283  INFO 14764 --- [SpringApplicationShutdownHook] com.zaxxer.hikari.HikariDataSource       : HikariPool-1 - Shutdown initiated...
2023-07-25 12:03:05.292  INFO 14764 --- [SpringApplicationShutdownHook] com.zaxxer.hikari.HikariDataSource       : HikariPool-1 - Shutdown completed.
